<?xml version="1.0" encoding="UTF-8" standalone="yes"?><!DOCTYPE report PUBLIC "-//JACOCO//DTD Report 1.1//EN" "report.dtd"><report name="Dependency-Check Maven Plugin"><sessioninfo id="runnervmeorf1-8176d026" start="1777805958481" dump="1777805961363"/><sessioninfo id="runnervmeorf1-5a0b7902" start="1777805962554" dump="1777805987380"/><sessioninfo id="runnervmeorf1-18f41ff2" start="1777805962560" dump="1777806000186"/><sessioninfo id="runnervmeorf1-601761a4" start="1777805988148" dump="1777806001734"/><sessioninfo id="runnervmeorf1-b9ed58ac" start="1777806000539" dump="1777806012188"/><sessioninfo id="runnervmeorf1-3e257f2a" start="1777806002186" dump="1777806025270"/><sessioninfo id="runnervmeorf1-ca0a83c5" start="1777806013012" dump="1777806029329"/><sessioninfo id="runnervmeorf1-95fc5598" start="1777806026287" dump="1777806041305"/><sessioninfo id="runnervmeorf1-a1b4bf31" start="1777806029675" dump="1777806046678"/><sessioninfo id="runnervmeorf1-15a4c2a2" start="1777806041668" dump="1777806050779"/><sessioninfo id="runnervmeorf1-ff899214" start="1777805962555" dump="1777806059752"/><sessioninfo id="runnervmeorf1-6c30d654" start="1777806047244" dump="1777806066874"/><sessioninfo id="runnervmeorf1-3b11a0be" start="1777806059999" dump="1777806074117"/><sessioninfo id="runnervmeorf1-cb8ee880" start="1777806051077" dump="1777806079887"/><sessioninfo id="runnervmeorf1-17649b52" start="1777806067202" dump="1777806089784"/><sessioninfo id="runnervmeorf1-35bc6174" start="1777805962572" dump="1777806094690"/><sessioninfo id="runnervmeorf1-559918dc" start="1777806089992" dump="1777806107536"/><sessioninfo id="runnervmeorf1-863d8809" start="1777806095579" dump="1777806111567"/><sessioninfo id="runnervmeorf1-b6b43e47" start="1777806080548" dump="1777806123644"/><sessioninfo id="runnervmeorf1-ad61eb2b" start="1777806111915" dump="1777806126538"/><sessioninfo id="runnervmeorf1-2f73c5fc" start="1777806075114" dump="1777806138527"/><sessioninfo id="runnervmeorf1-d600e9c0" start="1777806124214" dump="1777806142086"/><sessioninfo id="runnervmeorf1-ff6a7ccb" start="1777806126920" dump="1777806143569"/><sessioninfo id="runnervmeorf1-8c6ab6c7" start="1777806107953" dump="1777806151767"/><package name="org/owasp/dependencycheck/maven"><class name="org/owasp/dependencycheck/maven/ArtifactScopeExcluded" sourcefilename="ArtifactScopeExcluded.java"><method name="&lt;init&gt;" desc="(ZZZZ)V" line="60"><counter type="INSTRUCTION" missed="0" covered="15"/><counter type="LINE" missed="0" covered="6"/><counter type="COMPLEXITY" missed="0" covered="1"/><counter type="METHOD" missed="0" covered="1"/></method><method name="passes" desc="(Ljava/lang/String;)Z" line="77"><counter type="INSTRUCTION" missed="18" covered="32"/><counter type="BRANCH" missed="10" covered="12"/><counter type="LINE" missed="3" covered="8"/><counter type="COMPLEXITY" missed="7" covered="5"/><counter type="METHOD" missed="0" covered="1"/></method><counter type="INSTRUCTION" missed="18" covered="47"/><counter type="BRANCH" missed="10" covered="12"/><counter type="LINE" missed="3" covered="14"/><counter type="COMPLEXITY" missed="7" covered="6"/><counter type="METHOD" missed="0" covered="2"/><counter type="CLASS" missed="0" covered="1"/></class><class name="org/owasp/dependencycheck/maven/ProxyConfig" sourcefilename="ProxyConfig.java"><method name="&lt;init&gt;" desc="()V" line="25"><counter type="INSTRUCTION" missed="6" covered="0"/><counter type="LINE" missed="2" covered="0"/><counter type="COMPLEXITY" missed="1" covered="0"/><counter type="METHOD" missed="1" covered="0"/></method><method name="getHost" desc="()Ljava/lang/String;" line="47"><counter type="INSTRUCTION" missed="3" covered="0"/><counter type="LINE" missed="1" covered="0"/><counter type="COMPLEXITY" missed="1" covered="0"/><counter type="METHOD" missed="1" covered="0"/></method><method name="setHost" desc="(Ljava/lang/String;)V" line="56"><counter type="INSTRUCTION" missed="4" covered="0"/><counter type="LINE" missed="2" covered="0"/><counter type="COMPLEXITY" missed="1" covered="0"/><counter type="METHOD" missed="1" covered="0"/></method><method name="getPort" desc="()I" line="65"><counter type="INSTRUCTION" missed="3" covered="0"/><counter type="LINE" missed="1" covered="0"/><counter type="COMPLEXITY" missed="1" covered="0"/><counter type="METHOD" missed="1" covered="0"/></method><method name="setPort" desc="(I)V" line="74"><counter type="INSTRUCTION" missed="4" covered="0"/><counter type="LINE" missed="2" covered="0"/><counter type="COMPLEXITY" missed="1" covered="0"/><counter type="METHOD" missed="1" covered="0"/></method><method name="getServerId" desc="()Ljava/lang/String;" line="83"><counter type="INSTRUCTION" missed="3" covered="0"/><counter type="LINE" missed="1" covered="0"/><counter type="COMPLEXITY" missed="1" covered="0"/><counter type="METHOD" missed="1" covered="0"/></method><method name="setServerId" desc="(Ljava/lang/String;)V" line="92"><counter type="INSTRUCTION" missed="4" covered="0"/><counter type="LINE" missed="2" covered="0"/><counter type="COMPLEXITY" missed="1" covered="0"/><counter type="METHOD" missed="1" covered="0"/></method><counter type="INSTRUCTION" missed="27" covered="0"/><counter type="LINE" missed="11" covered="0"/><counter type="COMPLEXITY" missed="7" covered="0"/><counter type="METHOD" missed="7" covered="0"/><counter type="CLASS" missed="1" covered="0"/></class><class name="org/owasp/dependencycheck/maven/PurgeMojo" sourcefilename="PurgeMojo.java"><method name="&lt;init&gt;" desc="()V" line="45"><counter type="INSTRUCTION" missed="3" covered="0"/><counter type="LINE" missed="1" covered="0"/><counter type="COMPLEXITY" missed="1" covered="0"/><counter type="METHOD" missed="1" covered="0"/></method><method name="canGenerateReport" desc="()Z" line="54"><counter type="INSTRUCTION" missed="2" covered="0"/><counter type="LINE" missed="1" covered="0"/><counter type="COMPLEXITY" missed="1" covered="0"/><counter type="METHOD" missed="1" covered="0"/></method><method name="runCheck" desc="()V" line="67"><counter type="INSTRUCTION" missed="39" covered="0"/><counter type="BRANCH" missed="2" covered="0"/><counter type="LINE" missed="11" covered="0"/><counter type="COMPLEXITY" missed="2" covered="0"/><counter type="METHOD" missed="1" covered="0"/></method><method name="getName" desc="(Ljava/util/Locale;)Ljava/lang/String;" line="92"><counter type="INSTRUCTION" missed="2" covered="0"/><counter type="LINE" missed="1" covered="0"/><counter type="COMPLEXITY" missed="1" covered="0"/><counter type="METHOD" missed="1" covered="0"/></method><method name="getDescription" desc="(Ljava/util/Locale;)Ljava/lang/String;" line="104"><counter type="INSTRUCTION" missed="2" covered="0"/><counter type="LINE" missed="1" covered="0"/><counter type="COMPLEXITY" missed="1" covered="0"/><counter type="METHOD" missed="1" covered="0"/></method><method name="scanDependencies" desc="(Lorg/owasp/dependencycheck/Engine;)Lorg/owasp/dependencycheck/exception/ExceptionCollection;" line="116"><counter type="INSTRUCTION" missed="5" covered="0"/><counter type="LINE" missed="1" covered="0"/><counter type="COMPLEXITY" missed="1" covered="0"/><counter type="METHOD" missed="1" covered="0"/></method><method name="scanPlugins" desc="(Lorg/owasp/dependencycheck/Engine;Lorg/owasp/dependencycheck/exception/ExceptionCollection;)Lorg/owasp/dependencycheck/exception/ExceptionCollection;" line="130"><counter type="INSTRUCTION" missed="5" covered="0"/><counter type="LINE" missed="1" covered="0"/><counter type="COMPLEXITY" missed="1" covered="0"/><counter type="METHOD" missed="1" covered="0"/></method><counter type="INSTRUCTION" missed="58" covered="0"/><counter type="BRANCH" missed="2" covered="0"/><counter type="LINE" missed="17" covered="0"/><counter type="COMPLEXITY" missed="8" covered="0"/><counter type="METHOD" missed="7" covered="0"/><counter type="CLASS" missed="1" covered="0"/></class><class name="org/owasp/dependencycheck/maven/Mshared998Util$M31ArtifactResult" sourcefilename="Mshared998Util.java"><method name="&lt;init&gt;" desc="(Lorg/eclipse/aether/resolution/ArtifactResult;)V" line="75"><counter type="INSTRUCTION" missed="0" covered="6"/><counter type="LINE" missed="0" covered="3"/><counter type="COMPLEXITY" missed="0" covered="1"/><counter type="METHOD" missed="0" covered="1"/></method><method name="getArtifact" desc="()Lorg/apache/maven/artifact/Artifact;" line="81"><counter type="INSTRUCTION" missed="0" covered="5"/><counter type="LINE" missed="0" covered="1"/><counter type="COMPLEXITY" missed="0" covered="1"/><counter type="METHOD" missed="0" covered="1"/></method><counter type="INSTRUCTION" missed="0" covered="11"/><counter type="LINE" missed="0" covered="4"/><counter type="COMPLEXITY" missed="0" covered="2"/><counter type="METHOD" missed="0" covered="2"/><counter type="CLASS" missed="0" covered="1"/></class><class name="org/owasp/dependencycheck/maven/ArtifactTypeExcluded" sourcefilename="ArtifactTypeExcluded.java"><method name="&lt;init&gt;" desc="(Ljava/lang/String;)V" line="42"><counter type="INSTRUCTION" missed="0" covered="6"/><counter type="LINE" missed="0" covered="3"/><counter type="COMPLEXITY" missed="0" covered="1"/><counter type="METHOD" missed="0" covered="1"/></method><method name="passes" desc="(Ljava/lang/String;)Z" line="52"><counter type="INSTRUCTION" missed="0" covered="16"/><counter type="BRANCH" missed="0" covered="6"/><counter type="LINE" missed="0" covered="1"/><counter type="COMPLEXITY" missed="0" covered="4"/><counter type="METHOD" missed="0" covered="1"/></method><counter type="INSTRUCTION" missed="0" covered="22"/><counter type="BRANCH" missed="0" covered="6"/><counter type="LINE" missed="0" covered="4"/><counter type="COMPLEXITY" missed="0" covered="5"/><counter type="METHOD" missed="0" covered="2"/><counter type="CLASS" missed="0" covered="1"/></class><class name="org/owasp/dependencycheck/maven/UpdateMojo" sourcefilename="UpdateMojo.java"><method name="&lt;init&gt;" desc="()V" line="47"><counter type="INSTRUCTION" missed="0" covered="3"/><counter type="LINE" missed="0" covered="1"/><counter type="COMPLEXITY" missed="0" covered="1"/><counter type="METHOD" missed="0" covered="1"/></method><method name="canGenerateReport" desc="()Z" line="56"><counter type="INSTRUCTION" missed="2" covered="0"/><counter type="LINE" missed="1" covered="0"/><counter type="COMPLEXITY" missed="1" covered="0"/><counter type="METHOD" missed="1" covered="0"/></method><method name="runCheck" desc="()V" line="70"><counter type="INSTRUCTION" missed="52" covered="18"/><counter type="BRANCH" missed="7" covered="1"/><counter type="LINE" missed="15" covered="7"/><counter type="COMPLEXITY" missed="4" covered="1"/><counter type="METHOD" missed="0" covered="1"/></method><method name="getName" desc="(Ljava/util/Locale;)Ljava/lang/String;" line="108"><counter type="INSTRUCTION" missed="2" covered="0"/><counter type="LINE" missed="1" covered="0"/><counter type="COMPLEXITY" missed="1" covered="0"/><counter type="METHOD" missed="1" covered="0"/></method><method name="getDescription" desc="(Ljava/util/Locale;)Ljava/lang/String;" line="120"><counter type="INSTRUCTION" missed="2" covered="0"/><counter type="LINE" missed="1" covered="0"/><counter type="COMPLEXITY" missed="1" covered="0"/><counter type="METHOD" missed="1" covered="0"/></method><method name="scanDependencies" desc="(Lorg/owasp/dependencycheck/Engine;)Lorg/owasp/dependencycheck/exception/ExceptionCollection;" line="133"><counter type="INSTRUCTION" missed="5" covered="0"/><counter type="LINE" missed="1" covered="0"/><counter type="COMPLEXITY" missed="1" covered="0"/><counter type="METHOD" missed="1" covered="0"/></method><method name="scanPlugins" desc="(Lorg/owasp/dependencycheck/Engine;Lorg/owasp/dependencycheck/exception/ExceptionCollection;)Lorg/owasp/dependencycheck/exception/ExceptionCollection;" line="147"><counter type="INSTRUCTION" missed="5" covered="0"/><counter type="LINE" missed="1" covered="0"/><counter type="COMPLEXITY" missed="1" covered="0"/><counter type="METHOD" missed="1" covered="0"/></method><counter type="INSTRUCTION" missed="68" covered="21"/><counter type="BRANCH" missed="7" covered="1"/><counter type="LINE" missed="20" covered="8"/><counter type="COMPLEXITY" missed="9" covered="2"/><counter type="METHOD" missed="5" covered="2"/><counter type="CLASS" missed="0" covered="1"/></class><class name="org/owasp/dependencycheck/maven/BaseDependencyCheckMojo" sourcefilename="BaseDependencyCheckMojo.java"><method name="&lt;init&gt;" desc="()V" line="120"><counter type="INSTRUCTION" missed="0" covered="53"/><counter type="LINE" missed="0" covered="17"/><counter type="COMPLEXITY" missed="0" covered="1"/><counter type="METHOD" missed="0" covered="1"/></method><method name="artifactsMatch" desc="(Lorg/apache/maven/model/Dependency;Lorg/apache/maven/artifact/Artifact;)Z" line="1258"><counter type="INSTRUCTION" missed="22" covered="0"/><counter type="BRANCH" missed="6" covered="0"/><counter type="LINE" missed="3" covered="0"/><counter type="COMPLEXITY" missed="4" covered="0"/><counter type="METHOD" missed="1" covered="0"/></method><method name="isEqualOrNull" desc="(Ljava/lang/String;Ljava/lang/String;)Z" line="1273"><counter type="INSTRUCTION" missed="14" covered="0"/><counter type="BRANCH" missed="8" covered="0"/><counter type="LINE" missed="1" covered="0"/><counter type="COMPLEXITY" missed="5" covered="0"/><counter type="METHOD" missed="1" covered="0"/></method><method name="execute" desc="()V" line="1285"><counter type="INSTRUCTION" missed="8" covered="21"/><counter type="BRANCH" missed="1" covered="1"/><counter type="LINE" missed="1" covered="6"/><counter type="COMPLEXITY" missed="1" covered="1"/><counter type="METHOD" missed="0" covered="1"/></method><method name="isGeneratingSite" desc="()Z" line="1301"><counter type="INSTRUCTION" missed="3" covered="0"/><counter type="LINE" missed="1" covered="0"/><counter type="COMPLEXITY" missed="1" covered="0"/><counter type="METHOD" missed="1" covered="0"/></method><method name="getConnectionString" desc="()Ljava/lang/String;" line="1310"><counter type="INSTRUCTION" missed="3" covered="0"/><counter type="LINE" missed="1" covered="0"/><counter type="COMPLEXITY" missed="1" covered="0"/><counter type="METHOD" missed="1" covered="0"/></method><method name="isFailOnError" desc="()Z" line="1319"><counter type="INSTRUCTION" missed="0" covered="3"/><counter type="LINE" missed="0" covered="1"/><counter type="COMPLEXITY" missed="0" covered="1"/><counter type="METHOD" missed="0" covered="1"/></method><method name="generate" desc="(Lorg/apache/maven/doxia/sink/Sink;Ljava/util/Locale;)V" line="1330"><counter type="INSTRUCTION" missed="43" covered="0"/><counter type="BRANCH" missed="2" covered="0"/><counter type="LINE" missed="13" covered="0"/><counter type="COMPLEXITY" missed="2" covered="0"/><counter type="METHOD" missed="1" covered="0"/></method><method name="getCorrectOutputDirectory" desc="()Ljava/io/File;" line="1356"><counter type="INSTRUCTION" missed="5" covered="0"/><counter type="LINE" missed="1" covered="0"/><counter type="COMPLEXITY" missed="1" covered="0"/><counter type="METHOD" missed="1" covered="0"/></method><method name="getCorrectOutputDirectory" desc="(Lorg/apache/maven/project/MavenProject;)Ljava/io/File;" line="1367"><counter type="INSTRUCTION" missed="21" covered="12"/><counter type="BRANCH" missed="6" covered="2"/><counter type="LINE" missed="4" covered="3"/><counter type="COMPLEXITY" missed="4" covered="1"/><counter type="METHOD" missed="0" covered="1"/></method><method name="scanArtifacts" desc="(Lorg/apache/maven/project/MavenProject;Lorg/owasp/dependencycheck/Engine;)Lorg/owasp/dependencycheck/exception/ExceptionCollection;" line="1389"><counter type="INSTRUCTION" missed="0" covered="6"/><counter type="LINE" missed="0" covered="1"/><counter type="COMPLEXITY" missed="0" covered="1"/><counter type="METHOD" missed="0" covered="1"/></method><method name="scanArtifacts" desc="(Lorg/apache/maven/project/MavenProject;Lorg/owasp/dependencycheck/Engine;Z)Lorg/owasp/dependencycheck/exception/ExceptionCollection;" line="1404"><counter type="INSTRUCTION" missed="21" covered="72"/><counter type="LINE" missed="4" covered="10"/><counter type="COMPLEXITY" missed="0" covered="1"/><counter type="METHOD" missed="0" covered="1"/></method><method name="scanPlugins" desc="(Lorg/apache/maven/project/MavenProject;Lorg/owasp/dependencycheck/Engine;Lorg/owasp/dependencycheck/exception/ExceptionCollection;)Lorg/owasp/dependencycheck/exception/ExceptionCollection;" line="1444"><counter type="INSTRUCTION" missed="130" covered="0"/><counter type="BRANCH" missed="4" covered="0"/><counter type="LINE" missed="29" covered="0"/><counter type="COMPLEXITY" missed="3" covered="0"/><counter type="METHOD" missed="1" covered="0"/></method><method name="addPluginToDependencies" desc="(Lorg/apache/maven/project/MavenProject;Lorg/owasp/dependencycheck/Engine;Lorg/apache/maven/artifact/Artifact;Ljava/lang/String;Lorg/owasp/dependencycheck/exception/ExceptionCollection;)Lorg/owasp/dependencycheck/exception/ExceptionCollection;" line="1484"><counter type="INSTRUCTION" missed="157" covered="0"/><counter type="BRANCH" missed="26" covered="0"/><counter type="LINE" missed="42" covered="0"/><counter type="COMPLEXITY" missed="14" covered="0"/><counter type="METHOD" missed="1" covered="0"/></method><method name="buildReference" desc="(Ljava/lang/String;Ljava/lang/String;Ljava/lang/String;)Ljava/lang/String;" line="1545"><counter type="INSTRUCTION" missed="14" covered="16"/><counter type="LINE" missed="3" covered="4"/><counter type="COMPLEXITY" missed="0" covered="1"/><counter type="METHOD" missed="0" covered="1"/></method><method name="resolveArtifactDependencies" desc="(Lorg/apache/maven/shared/transfer/dependencies/DependableCoordinate;Lorg/apache/maven/project/MavenProject;)Ljava/util/Set;" line="1557"><counter type="INSTRUCTION" missed="35" covered="0"/><counter type="BRANCH" missed="2" covered="0"/><counter type="LINE" missed="7" covered="0"/><counter type="COMPLEXITY" missed="2" covered="0"/><counter type="METHOD" missed="1" covered="0"/></method><method name="toDependencyNode" desc="(Ljava/util/List;Lorg/apache/maven/project/ProjectBuildingRequest;Lorg/apache/maven/shared/dependency/graph/DependencyNode;Lorg/apache/maven/model/Dependency;)Lorg/apache/maven/shared/dependency/graph/DependencyNode;" line="1585"><counter type="INSTRUCTION" missed="31" covered="112"/><counter type="BRANCH" missed="8" covered="12"/><counter type="LINE" missed="8" covered="26"/><counter type="COMPLEXITY" missed="7" covered="4"/><counter type="METHOD" missed="0" covered="1"/></method><method name="findVersion" desc="(Ljava/util/List;Ljava/lang/String;Ljava/lang/String;)Ljava/lang/String;" line="1645"><counter type="INSTRUCTION" missed="6" covered="13"/><counter type="BRANCH" missed="1" covered="1"/><counter type="LINE" missed="1" covered="4"/><counter type="COMPLEXITY" missed="1" covered="1"/><counter type="METHOD" missed="0" covered="1"/></method><method name="collectDependencyManagementDependencies" desc="(Lorg/owasp/dependencycheck/Engine;Lorg/apache/maven/project/ProjectBuildingRequest;Lorg/apache/maven/project/MavenProject;Ljava/util/List;Z)Lorg/owasp/dependencycheck/exception/ExceptionCollection;" line="1667"><counter type="INSTRUCTION" missed="10" covered="79"/><counter type="BRANCH" missed="6" covered="8"/><counter type="LINE" missed="3" covered="17"/><counter type="COMPLEXITY" missed="5" covered="3"/><counter type="METHOD" missed="0" covered="1"/></method><method name="collectMavenDependencies" desc="(Lorg/owasp/dependencycheck/Engine;Lorg/apache/maven/project/MavenProject;Ljava/util/Map;Lorg/apache/maven/project/ProjectBuildingRequest;Z)Lorg/owasp/dependencycheck/exception/ExceptionCollection;" line="1716"><counter type="INSTRUCTION" missed="0" covered="91"/><counter type="BRANCH" missed="0" covered="6"/><counter type="LINE" missed="0" covered="13"/><counter type="COMPLEXITY" missed="0" covered="4"/><counter type="METHOD" missed="0" covered="1"/></method><method name="findInAllDeps" desc="(Ljava/util/List;Lorg/apache/maven/artifact/Artifact;Lorg/apache/maven/project/MavenProject;)Lorg/apache/maven/artifact/Artifact;" line="1750"><counter type="INSTRUCTION" missed="0" covered="43"/><counter type="BRANCH" missed="0" covered="6"/><counter type="LINE" missed="0" covered="10"/><counter type="COMPLEXITY" missed="0" covered="4"/><counter type="METHOD" missed="0" covered="1"/></method><method name="sameArtifact" desc="(Lorg/apache/maven/shared/transfer/artifact/resolve/ArtifactResult;Lorg/apache/maven/artifact/Artifact;)Z" line="1774"><counter type="INSTRUCTION" missed="0" covered="75"/><counter type="BRANCH" missed="2" covered="10"/><counter type="LINE" missed="0" covered="11"/><counter type="COMPLEXITY" missed="2" covered="5"/><counter type="METHOD" missed="0" covered="1"/></method><method name="createProjectReferenceName" desc="(Lorg/apache/maven/project/MavenProject;Lorg/apache/maven/shared/dependency/graph/DependencyNode;)Ljava/lang/String;" line="1800"><counter type="INSTRUCTION" missed="0" covered="7"/><counter type="LINE" missed="0" covered="1"/><counter type="COMPLEXITY" missed="0" covered="1"/><counter type="METHOD" missed="0" covered="1"/></method><method name="collectDependencies" desc="(Lorg/owasp/dependencycheck/Engine;Lorg/apache/maven/project/MavenProject;Ljava/util/Map;Lorg/apache/maven/project/ProjectBuildingRequest;Z)Lorg/owasp/dependencycheck/exception/ExceptionCollection;" line="1820"><counter type="INSTRUCTION" missed="45" covered="272"/><counter type="BRANCH" missed="12" covered="14"/><counter type="LINE" missed="14" covered="58"/><counter type="COMPLEXITY" missed="9" covered="5"/><counter type="METHOD" missed="0" covered="1"/></method><method name="addReactorDependency" desc="(Lorg/owasp/dependencycheck/Engine;Lorg/apache/maven/artifact/Artifact;Lorg/apache/maven/project/MavenProject;)Z" line="1932"><counter type="INSTRUCTION" missed="0" covered="7"/><counter type="LINE" missed="0" covered="1"/><counter type="COMPLEXITY" missed="0" covered="1"/><counter type="METHOD" missed="0" covered="1"/></method><method name="addVirtualDependencyFromReactor" desc="(Lorg/owasp/dependencycheck/Engine;Lorg/apache/maven/artifact/Artifact;Lorg/apache/maven/project/MavenProject;Ljava/lang/String;)Z" line="1953"><counter type="INSTRUCTION" missed="77" covered="274"/><counter type="BRANCH" missed="13" covered="7"/><counter type="LINE" missed="15" covered="43"/><counter type="COMPLEXITY" missed="9" covered="2"/><counter type="METHOD" missed="0" covered="1"/></method><method name="newDependency" desc="(Lorg/apache/maven/project/MavenProject;)Lorg/owasp/dependencycheck/dependency/Dependency;" line="2028"><counter type="INSTRUCTION" missed="0" covered="40"/><counter type="BRANCH" missed="0" covered="4"/><counter type="LINE" missed="0" covered="8"/><counter type="COMPLEXITY" missed="0" covered="3"/><counter type="METHOD" missed="0" covered="1"/></method><method name="addSnapshotReactorDependency" desc="(Lorg/owasp/dependencycheck/Engine;Lorg/apache/maven/artifact/Artifact;Lorg/apache/maven/project/MavenProject;)Z" line="2053"><counter type="INSTRUCTION" missed="2" covered="10"/><counter type="BRANCH" missed="1" covered="1"/><counter type="LINE" missed="1" covered="2"/><counter type="COMPLEXITY" missed="1" covered="1"/><counter type="METHOD" missed="0" covered="1"/></method><method name="newResolveArtifactProjectBuildingRequest" desc="(Lorg/apache/maven/project/MavenProject;Ljava/util/List;)Lorg/apache/maven/project/ProjectBuildingRequest;" line="2068"><counter type="INSTRUCTION" missed="0" covered="16"/><counter type="LINE" missed="0" covered="4"/><counter type="COMPLEXITY" missed="0" covered="1"/><counter type="METHOD" missed="0" covered="1"/></method><method name="runCheck" desc="()V" line="2083"><counter type="INSTRUCTION" missed="65" covered="92"/><counter type="BRANCH" missed="13" covered="11"/><counter type="LINE" missed="16" covered="24"/><counter type="COMPLEXITY" missed="9" covered="4"/><counter type="METHOD" missed="0" covered="1"/></method><method name="handleAnalysisExceptions" desc="(Lorg/owasp/dependencycheck/exception/ExceptionCollection;Lorg/owasp/dependencycheck/exception/ExceptionCollection;)Lorg/owasp/dependencycheck/exception/ExceptionCollection;" line="2153"><counter type="INSTRUCTION" missed="50" covered="27"/><counter type="BRANCH" missed="9" covered="3"/><counter type="LINE" missed="11" covered="7"/><counter type="COMPLEXITY" missed="6" covered="1"/><counter type="METHOD" missed="0" covered="1"/></method><method name="getReportOutputDirectory" desc="()Ljava/io/File;" line="2207"><counter type="INSTRUCTION" missed="3" covered="0"/><counter type="LINE" missed="1" covered="0"/><counter type="COMPLEXITY" missed="1" covered="0"/><counter type="METHOD" missed="1" covered="0"/></method><method name="setReportOutputDirectory" desc="(Ljava/io/File;)V" line="2217"><counter type="INSTRUCTION" missed="0" covered="4"/><counter type="LINE" missed="0" covered="2"/><counter type="COMPLEXITY" missed="0" covered="1"/><counter type="METHOD" missed="0" covered="1"/></method><method name="getOutputDirectory" desc="()Ljava/io/File;" line="2226"><counter type="INSTRUCTION" missed="3" covered="0"/><counter type="LINE" missed="1" covered="0"/><counter type="COMPLEXITY" missed="1" covered="0"/><counter type="METHOD" missed="1" covered="0"/></method><method name="isExternalReport" desc="()Z" line="2237"><counter type="INSTRUCTION" missed="0" covered="2"/><counter type="LINE" missed="0" covered="1"/><counter type="COMPLEXITY" missed="0" covered="1"/><counter type="METHOD" missed="0" covered="1"/></method><method name="getOutputName" desc="()Ljava/lang/String;" line="2247"><counter type="INSTRUCTION" missed="50" covered="9"/><counter type="BRANCH" missed="17" covered="1"/><counter type="LINE" missed="14" covered="3"/><counter type="COMPLEXITY" missed="9" covered="1"/><counter type="METHOD" missed="0" covered="1"/></method><method name="getCategoryName" desc="()Ljava/lang/String;" line="2275"><counter type="INSTRUCTION" missed="0" covered="2"/><counter type="LINE" missed="0" covered="1"/><counter type="COMPLEXITY" missed="0" covered="1"/><counter type="METHOD" missed="0" covered="1"/></method><method name="initializeEngine" desc="()Lorg/owasp/dependencycheck/Engine;" line="2290"><counter type="INSTRUCTION" missed="18" covered="13"/><counter type="BRANCH" missed="2" covered="0"/><counter type="LINE" missed="4" covered="4"/><counter type="COMPLEXITY" missed="1" covered="1"/><counter type="METHOD" missed="0" covered="1"/></method><method name="populateSettings" desc="()V" line="2311"><counter type="INSTRUCTION" missed="268" covered="777"/><counter type="BRANCH" missed="45" covered="15"/><counter type="LINE" missed="61" covered="137"/><counter type="COMPLEXITY" missed="29" covered="2"/><counter type="METHOD" missed="0" covered="1"/></method><method name="configureCredentials" desc="(Ljava/lang/String;Ljava/lang/String;Ljava/lang/String;Ljava/lang/String;Ljava/lang/String;Ljava/lang/String;Ljava/lang/String;)V" line="2589"><counter type="INSTRUCTION" missed="39" covered="18"/><counter type="BRANCH" missed="9" covered="1"/><counter type="LINE" missed="7" covered="5"/><counter type="COMPLEXITY" missed="5" covered="1"/><counter type="METHOD" missed="0" covered="1"/></method><method name="configureFromServer" desc="(Lorg/apache/maven/settings/Server;Ljava/lang/String;Ljava/lang/String;Ljava/lang/String;Ljava/lang/String;)V" line="2621"><counter type="INSTRUCTION" missed="77" covered="0"/><counter type="BRANCH" missed="10" covered="0"/><counter type="LINE" missed="17" covered="0"/><counter type="COMPLEXITY" missed="6" covered="0"/><counter type="METHOD" missed="1" covered="0"/></method><method name="mergeNonProxyHosts" desc="(Ljava/lang/String;Ljava/lang/String;Ljava/lang/String;)Ljava/lang/String;" line="2653"><counter type="INSTRUCTION" missed="32" covered="0"/><counter type="LINE" missed="5" covered="0"/><counter type="COMPLEXITY" missed="1" covered="0"/><counter type="METHOD" missed="1" covered="0"/></method><method name="setProxyServerSysPropsFromMavenProxy" desc="(Lorg/apache/maven/settings/Proxy;Ljava/lang/String;)V" line="2661"><counter type="INSTRUCTION" missed="73" covered="0"/><counter type="BRANCH" missed="12" covered="0"/><counter type="LINE" missed="14" covered="0"/><counter type="COMPLEXITY" missed="7" covered="0"/><counter type="METHOD" missed="1" covered="0"/></method><method name="configureServerCredentials" desc="(Ljava/lang/String;Ljava/lang/String;Ljava/lang/String;)V" line="2693"><counter type="INSTRUCTION" missed="46" covered="11"/><counter type="BRANCH" missed="2" covered="0"/><counter type="LINE" missed="4" covered="3"/><counter type="COMPLEXITY" missed="1" covered="1"/><counter type="METHOD" missed="0" covered="1"/></method><method name="configureServerCredentialsUserPassOrApiKey" desc="(Ljava/lang/String;Ljava/lang/String;Ljava/lang/String;)V" line="2715"><counter type="INSTRUCTION" missed="46" covered="11"/><counter type="BRANCH" missed="2" covered="0"/><counter type="LINE" missed="4" covered="3"/><counter type="COMPLEXITY" missed="1" covered="1"/><counter type="METHOD" missed="0" covered="1"/></method><method name="configureServerCredentialsApiKey" desc="(Ljava/lang/String;Ljava/lang/String;)V" line="2735"><counter type="INSTRUCTION" missed="10" covered="0"/><counter type="LINE" missed="2" covered="0"/><counter type="COMPLEXITY" missed="1" covered="0"/><counter type="METHOD" missed="1" covered="0"/></method><method name="logProblems" desc="(Ljava/util/List;Ljava/lang/String;)V" line="2748"><counter type="INSTRUCTION" missed="59" covered="0"/><counter type="BRANCH" missed="6" covered="0"/><counter type="LINE" missed="12" covered="0"/><counter type="COMPLEXITY" missed="4" covered="0"/><counter type="METHOD" missed="1" covered="0"/></method><method name="determineSuppressions" desc="()[Ljava/lang/String;" line="2769"><counter type="INSTRUCTION" missed="9" covered="26"/><counter type="BRANCH" missed="1" covered="3"/><counter type="LINE" missed="1" covered="6"/><counter type="COMPLEXITY" missed="1" covered="2"/><counter type="METHOD" missed="0" covered="1"/></method><method name="muteNoisyLoggers" desc="()V" line="2786"><counter type="INSTRUCTION" missed="0" covered="22"/><counter type="BRANCH" missed="0" covered="2"/><counter type="LINE" missed="0" covered="5"/><counter type="COMPLEXITY" missed="0" covered="2"/><counter type="METHOD" missed="0" covered="1"/></method><method name="getMavenProxy" desc="(Ljava/lang/String;)Lorg/apache/maven/settings/Proxy;" line="2803"><counter type="INSTRUCTION" missed="44" covered="14"/><counter type="BRANCH" missed="15" covered="3"/><counter type="LINE" missed="9" covered="4"/><counter type="COMPLEXITY" missed="9" covered="1"/><counter type="METHOD" missed="0" covered="1"/></method><method name="getProject" desc="()Lorg/apache/maven/project/MavenProject;" line="2835"><counter type="INSTRUCTION" missed="0" covered="3"/><counter type="LINE" missed="0" covered="1"/><counter type="COMPLEXITY" missed="0" covered="1"/><counter type="METHOD" missed="0" covered="1"/></method><method name="getReactorProjects" desc="()Ljava/util/List;" line="2844"><counter type="INSTRUCTION" missed="0" covered="3"/><counter type="LINE" missed="0" covered="1"/><counter type="COMPLEXITY" missed="0" covered="1"/><counter type="METHOD" missed="0" covered="1"/></method><method name="getFormats" desc="()Ljava/util/Set;" line="2853"><counter type="INSTRUCTION" missed="10" covered="41"/><counter type="BRANCH" missed="5" covered="5"/><counter type="LINE" missed="1" covered="8"/><counter type="COMPLEXITY" missed="5" covered="1"/><counter type="METHOD" missed="0" covered="1"/></method><method name="getExcludes" desc="()Ljava/util/List;" line="2879"><counter type="INSTRUCTION" missed="5" covered="6"/><counter type="BRANCH" missed="1" covered="1"/><counter type="LINE" missed="1" covered="2"/><counter type="COMPLEXITY" missed="1" covered="1"/><counter type="METHOD" missed="0" covered="1"/></method><method name="getArtifactScopeExcluded" desc="()Lorg/owasp/dependencycheck/utils/Filter;" line="2891"><counter type="INSTRUCTION" missed="0" covered="3"/><counter type="LINE" missed="0" covered="1"/><counter type="COMPLEXITY" missed="0" covered="1"/><counter type="METHOD" missed="0" covered="1"/></method><method name="getSettings" desc="()Lorg/owasp/dependencycheck/utils/Settings;" line="2900"><counter type="INSTRUCTION" missed="0" covered="3"/><counter type="LINE" missed="0" covered="1"/><counter type="COMPLEXITY" missed="0" covered="1"/><counter type="METHOD" missed="0" covered="1"/></method><method name="checkForFailure" desc="([Lorg/owasp/dependencycheck/dependency/Dependency;)V" line="2914"><counter type="INSTRUCTION" missed="153" covered="124"/><counter type="BRANCH" missed="40" covered="20"/><counter type="LINE" missed="25" covered="13"/><counter type="COMPLEXITY" missed="28" covered="3"/><counter type="METHOD" missed="0" covered="1"/></method><method name="showSummary" desc="(Lorg/apache/maven/project/MavenProject;[Lorg/owasp/dependencycheck/dependency/Dependency;)V" line="2982"><counter type="INSTRUCTION" missed="0" covered="8"/><counter type="BRANCH" missed="1" covered="1"/><counter type="LINE" missed="0" covered="3"/><counter type="COMPLEXITY" missed="1" covered="1"/><counter type="METHOD" missed="0" covered="1"/></method><method name="scanDependencyNode" desc="(Lorg/apache/maven/shared/dependency/graph/DependencyNode;Lorg/apache/maven/shared/dependency/graph/DependencyNode;Lorg/owasp/dependencycheck/Engine;Lorg/apache/maven/project/MavenProject;Ljava/util/List;Lorg/apache/maven/project/ProjectBuildingRequest;ZLorg/owasp/dependencycheck/exception/ExceptionCollection;)Lorg/owasp/dependencycheck/exception/ExceptionCollection;" line="2992"><counter type="INSTRUCTION" missed="283" covered="167"/><counter type="BRANCH" missed="40" covered="18"/><counter type="LINE" missed="63" covered="43"/><counter type="COMPLEXITY" missed="25" covered="5"/><counter type="METHOD" missed="0" covered="1"/></method><method name="tryResolutionOnce" desc="(Lorg/apache/maven/project/MavenProject;Ljava/util/List;Lorg/apache/maven/project/ProjectBuildingRequest;)V" line="3154"><counter type="INSTRUCTION" missed="2" covered="47"/><counter type="BRANCH" missed="1" covered="5"/><counter type="LINE" missed="1" covered="14"/><counter type="COMPLEXITY" missed="1" covered="3"/><counter type="METHOD" missed="0" covered="1"/></method><method name="processResolvedArtifact" desc="(Ljava/io/File;Ljava/util/List;Ljava/lang/String;Ljava/lang/String;Ljava/lang/String;Lorg/apache/maven/shared/dependency/graph/DependencyNode;Lorg/apache/maven/project/MavenProject;Ljava/util/List;Lorg/apache/maven/shared/dependency/graph/DependencyNode;)V" line="3180"><counter type="INSTRUCTION" missed="84" covered="82"/><counter type="BRANCH" missed="17" covered="5"/><counter type="LINE" missed="15" covered="20"/><counter type="COMPLEXITY" missed="10" covered="2"/><counter type="METHOD" missed="0" covered="1"/></method><method name="processPomArtifact" desc="(Ljava/io/File;Lorg/apache/maven/shared/dependency/graph/DependencyNode;Lorg/apache/maven/project/MavenProject;Lorg/owasp/dependencycheck/Engine;Lorg/owasp/dependencycheck/exception/ExceptionCollection;)Lorg/owasp/dependencycheck/exception/ExceptionCollection;" line="3227"><counter type="INSTRUCTION" missed="72" covered="0"/><counter type="BRANCH" missed="4" covered="0"/><counter type="LINE" missed="21" covered="0"/><counter type="COMPLEXITY" missed="3" covered="0"/><counter type="METHOD" missed="1" covered="0"/></method><method name="checkForDeprecatedParameters" desc="()V" line="3255"><counter type="INSTRUCTION" missed="0" covered="13"/><counter type="LINE" missed="0" covered="4"/><counter type="COMPLEXITY" missed="0" covered="1"/><counter type="METHOD" missed="0" covered="1"/></method><method name="warnIfDeprecatedParamUsed" desc="(Ljava/lang/String;Ljava/lang/String;)V" line="3267"><counter type="INSTRUCTION" missed="15" covered="31"/><counter type="BRANCH" missed="2" covered="4"/><counter type="LINE" missed="1" covered="9"/><counter type="COMPLEXITY" missed="2" covered="2"/><counter type="METHOD" missed="0" covered="1"/></method><method name="lambda$getFormats$1" desc="(Ljava/lang/String;)V" line="2862"><counter type="INSTRUCTION" missed="6" covered="0"/><counter type="LINE" missed="1" covered="0"/><counter type="COMPLEXITY" missed="1" covered="0"/><counter type="METHOD" missed="1" covered="0"/></method><method name="lambda$getFormats$0" desc="(Ljava/util/Set;Ljava/lang/String;)V" line="2857"><counter type="INSTRUCTION" missed="11" covered="0"/><counter type="LINE" missed="5" covered="0"/><counter type="COMPLEXITY" missed="1" covered="0"/><counter type="METHOD" missed="1" covered="0"/></method><method name="lambda$collectDependencies$0" desc="(Ljava/lang/String;)V" line="1829"><counter type="INSTRUCTION" missed="16" covered="0"/><counter type="LINE" missed="5" covered="0"/><counter type="COMPLEXITY" missed="1" covered="0"/><counter type="METHOD" missed="1" covered="0"/></method><method name="lambda$findVersion$0" desc="(Ljava/lang/String;Ljava/lang/String;Lorg/apache/maven/shared/dependency/graph/DependencyNode;)Z" line="1646"><counter type="INSTRUCTION" missed="16" covered="0"/><counter type="BRANCH" missed="4" covered="0"/><counter type="LINE" missed="2" covered="0"/><counter type="COMPLEXITY" missed="3" covered="0"/><counter type="METHOD" missed="1" covered="0"/></method><method name="&lt;clinit&gt;" desc="()V" line="130"><counter type="INSTRUCTION" missed="0" covered="6"/><counter type="LINE" missed="0" covered="1"/><counter type="COMPLEXITY" missed="0" covered="1"/><counter type="METHOD" missed="0" covered="1"/></method><counter type="INSTRUCTION" missed="2212" covered="2787"/><counter type="BRANCH" missed="356" covered="170"/><counter type="LINE" missed="474" covered="566"/><counter type="COMPLEXITY" missed="246" covered="86"/><counter type="METHOD" missed="21" covered="48"/><counter type="CLASS" missed="0" covered="1"/></class><class name="org/owasp/dependencycheck/maven/CheckMojo" sourcefilename="CheckMojo.java"><method name="&lt;init&gt;" desc="()V" line="45"><counter type="INSTRUCTION" missed="0" covered="6"/><counter type="LINE" missed="0" covered="2"/><counter type="COMPLEXITY" missed="0" covered="1"/><counter type="METHOD" missed="0" covered="1"/></method><method name="canGenerateReport" desc="()Z" line="63"><counter type="INSTRUCTION" missed="4" covered="28"/><counter type="BRANCH" missed="2" covered="2"/><counter type="LINE" missed="3" covered="8"/><counter type="COMPLEXITY" missed="2" covered="1"/><counter type="METHOD" missed="0" covered="1"/></method><method name="getName" desc="(Ljava/util/Locale;)Ljava/lang/String;" line="85"><counter type="INSTRUCTION" missed="0" covered="3"/><counter type="LINE" missed="0" covered="1"/><counter type="COMPLEXITY" missed="0" covered="1"/><counter type="METHOD" missed="0" covered="1"/></method><method name="getDescription" desc="(Ljava/util/Locale;)Ljava/lang/String;" line="97"><counter type="INSTRUCTION" missed="0" covered="2"/><counter type="LINE" missed="0" covered="1"/><counter type="COMPLEXITY" missed="0" covered="1"/><counter type="METHOD" missed="0" covered="1"/></method><method name="scanDependencies" desc="(Lorg/owasp/dependencycheck/Engine;)Lorg/owasp/dependencycheck/exception/ExceptionCollection;" line="110"><counter type="INSTRUCTION" missed="0" covered="9"/><counter type="LINE" missed="0" covered="2"/><counter type="COMPLEXITY" missed="0" covered="1"/><counter type="METHOD" missed="0" covered="1"/></method><method name="scanPlugins" desc="(Lorg/owasp/dependencycheck/Engine;Lorg/owasp/dependencycheck/exception/ExceptionCollection;)Lorg/owasp/dependencycheck/exception/ExceptionCollection;" line="125"><counter type="INSTRUCTION" missed="9" covered="0"/><counter type="LINE" missed="2" covered="0"/><counter type="COMPLEXITY" missed="1" covered="0"/><counter type="METHOD" missed="1" covered="0"/></method><counter type="INSTRUCTION" missed="13" covered="48"/><counter type="BRANCH" missed="2" covered="2"/><counter type="LINE" missed="5" covered="14"/><counter type="COMPLEXITY" missed="3" covered="5"/><counter type="METHOD" missed="1" covered="5"/><counter type="CLASS" missed="0" covered="1"/></class><class name="org/owasp/dependencycheck/maven/AggregateMojo" sourcefilename="AggregateMojo.java"><method name="&lt;init&gt;" desc="()V" line="55"><counter type="INSTRUCTION" missed="0" covered="6"/><counter type="LINE" missed="0" covered="2"/><counter type="COMPLEXITY" missed="0" covered="1"/><counter type="METHOD" missed="0" covered="1"/></method><method name="scanDependencies" desc="(Lorg/owasp/dependencycheck/Engine;)Lorg/owasp/dependencycheck/exception/ExceptionCollection;" line="73"><counter type="INSTRUCTION" missed="48" covered="34"/><counter type="BRANCH" missed="9" covered="3"/><counter type="LINE" missed="11" covered="7"/><counter type="COMPLEXITY" missed="5" covered="2"/><counter type="METHOD" missed="0" covered="1"/></method><method name="scanPlugins" desc="(Lorg/owasp/dependencycheck/Engine;Lorg/owasp/dependencycheck/exception/ExceptionCollection;)Lorg/owasp/dependencycheck/exception/ExceptionCollection;" line="112"><counter type="INSTRUCTION" missed="29" covered="0"/><counter type="BRANCH" missed="2" covered="0"/><counter type="LINE" missed="5" covered="0"/><counter type="COMPLEXITY" missed="2" covered="0"/><counter type="METHOD" missed="1" covered="0"/></method><method name="getDescendants" desc="(Lorg/apache/maven/project/MavenProject;)Ljava/util/Set;" line="127"><counter type="INSTRUCTION" missed="54" covered="263"/><counter type="BRANCH" missed="19" covered="47"/><counter type="LINE" missed="9" covered="47"/><counter type="COMPLEXITY" missed="15" covered="19"/><counter type="METHOD" missed="0" covered="1"/></method><method name="isConfiguredToSkip" desc="(Lorg/apache/maven/project/MavenProject;)Z" line="216"><counter type="INSTRUCTION" missed="14" covered="37"/><counter type="BRANCH" missed="5" covered="3"/><counter type="LINE" missed="1" covered="13"/><counter type="COMPLEXITY" missed="4" covered="1"/><counter type="METHOD" missed="0" covered="1"/></method><method name="isMultiModule" desc="(Lorg/apache/maven/project/MavenProject;)Z" line="243"><counter type="INSTRUCTION" missed="5" covered="0"/><counter type="LINE" missed="1" covered="0"/><counter type="COMPLEXITY" missed="1" covered="0"/><counter type="METHOD" missed="1" covered="0"/></method><method name="canGenerateReport" desc="()Z" line="248"><counter type="INSTRUCTION" missed="2" covered="0"/><counter type="LINE" missed="1" covered="0"/><counter type="COMPLEXITY" missed="1" covered="0"/><counter type="METHOD" missed="1" covered="0"/></method><method name="getName" desc="(Ljava/util/Locale;)Ljava/lang/String;" line="259"><counter type="INSTRUCTION" missed="3" covered="0"/><counter type="LINE" missed="1" covered="0"/><counter type="COMPLEXITY" missed="1" covered="0"/><counter type="METHOD" missed="1" covered="0"/></method><method name="getDescription" desc="(Ljava/util/Locale;)Ljava/lang/String;" line="271"><counter type="INSTRUCTION" missed="2" covered="0"/><counter type="LINE" missed="1" covered="0"/><counter type="COMPLEXITY" missed="1" covered="0"/><counter type="METHOD" missed="1" covered="0"/></method><method name="lambda$isConfiguredToSkip$3" desc="(Lorg/codehaus/plexus/util/xml/Xpp3Dom;)Lorg/codehaus/plexus/util/xml/Xpp3Dom;" line="221"><counter type="INSTRUCTION" missed="0" covered="4"/><counter type="LINE" missed="0" covered="1"/><counter type="COMPLEXITY" missed="0" covered="1"/><counter type="METHOD" missed="0" covered="1"/></method><method name="lambda$isConfiguredToSkip$2" desc="(Ljava/lang/Object;)Lorg/codehaus/plexus/util/xml/Xpp3Dom;" line="220"><counter type="INSTRUCTION" missed="0" covered="3"/><counter type="LINE" missed="0" covered="1"/><counter type="COMPLEXITY" missed="0" covered="1"/><counter type="METHOD" missed="0" covered="1"/></method><method name="lambda$isConfiguredToSkip$1" desc="(Ljava/lang/Object;)Z" line="219"><counter type="INSTRUCTION" missed="0" covered="9"/><counter type="BRANCH" missed="1" covered="3"/><counter type="LINE" missed="0" covered="1"/><counter type="COMPLEXITY" missed="1" covered="2"/><counter type="METHOD" missed="0" covered="1"/></method><method name="lambda$isConfiguredToSkip$0" desc="(Lorg/apache/maven/model/Plugin;)Z" line="217"><counter type="INSTRUCTION" missed="0" covered="5"/><counter type="LINE" missed="0" covered="1"/><counter type="COMPLEXITY" missed="0" covered="1"/><counter type="METHOD" missed="0" covered="1"/></method><counter type="INSTRUCTION" missed="157" covered="361"/><counter type="BRANCH" missed="36" covered="56"/><counter type="LINE" missed="30" covered="69"/><counter type="COMPLEXITY" missed="31" covered="28"/><counter type="METHOD" missed="5" covered="8"/><counter type="CLASS" missed="0" covered="1"/></class><class name="org/owasp/dependencycheck/maven/Mshared998Util" sourcefilename="Mshared998Util.java"><method name="getResolutionResults" desc="(Lorg/eclipse/aether/resolution/DependencyResolutionException;)Ljava/util/List;" line="45"><counter type="INSTRUCTION" missed="0" covered="30"/><counter type="BRANCH" missed="1" covered="3"/><counter type="LINE" missed="0" covered="7"/><counter type="COMPLEXITY" missed="1" covered="2"/><counter type="METHOD" missed="0" covered="1"/></method><counter type="INSTRUCTION" missed="0" covered="30"/><counter type="BRANCH" missed="1" covered="3"/><counter type="LINE" missed="0" covered="7"/><counter type="COMPLEXITY" missed="1" covered="2"/><counter type="METHOD" missed="0" covered="1"/><counter type="CLASS" missed="0" covered="1"/></class><class name="org/owasp/dependencycheck/maven/CollectingRootDependencyGraphVisitor" sourcefilename="CollectingRootDependencyGraphVisitor.java"><method name="&lt;init&gt;" desc="()V" line="32"><counter type="INSTRUCTION" missed="0" covered="11"/><counter type="LINE" missed="0" covered="3"/><counter type="COMPLEXITY" missed="0" covered="1"/><counter type="METHOD" missed="0" covered="1"/></method><method name="visit" desc="(Lorg/apache/maven/shared/dependency/graph/DependencyNode;)Z" line="49"><counter type="INSTRUCTION" missed="0" covered="39"/><counter type="BRANCH" missed="1" covered="3"/><counter type="LINE" missed="0" covered="7"/><counter type="COMPLEXITY" missed="1" covered="2"/><counter type="METHOD" missed="0" covered="1"/></method><method name="endVisit" desc="(Lorg/apache/maven/shared/dependency/graph/DependencyNode;)Z" line="64"><counter type="INSTRUCTION" missed="0" covered="8"/><counter type="LINE" missed="0" covered="2"/><counter type="COMPLEXITY" missed="0" covered="1"/><counter type="METHOD" missed="0" covered="1"/></method><method name="getNodes" desc="()Ljava/util/Map;" line="69"><counter type="INSTRUCTION" missed="0" covered="4"/><counter type="LINE" missed="0" covered="1"/><counter type="COMPLEXITY" missed="0" covered="1"/><counter type="METHOD" missed="0" covered="1"/></method><counter type="INSTRUCTION" missed="0" covered="62"/><counter type="BRANCH" missed="1" covered="3"/><counter type="LINE" missed="0" covered="13"/><counter type="COMPLEXITY" missed="1" covered="5"/><counter type="METHOD" missed="0" covered="4"/><counter type="CLASS" missed="0" covered="1"/></class><class name="org/owasp/dependencycheck/maven/FilteringDependencyTransitiveNodeVisitor" sourcefilename="FilteringDependencyTransitiveNodeVisitor.java"><method name="&lt;init&gt;" desc="(Lorg/apache/maven/shared/dependency/graph/traversal/DependencyNodeVisitor;Lorg/apache/maven/shared/dependency/graph/filter/DependencyNodeFilter;)V" line="50"><counter type="INSTRUCTION" missed="0" covered="9"/><counter type="LINE" missed="0" covered="4"/><counter type="COMPLEXITY" missed="0" covered="1"/><counter type="METHOD" missed="0" covered="1"/></method><method name="visit" desc="(Lorg/apache/maven/shared/dependency/graph/DependencyNode;)Z" line="62"><counter type="INSTRUCTION" missed="2" covered="13"/><counter type="BRANCH" missed="1" covered="1"/><counter type="LINE" missed="1" covered="3"/><counter type="COMPLEXITY" missed="1" covered="1"/><counter type="METHOD" missed="0" covered="1"/></method><method name="endVisit" desc="(Lorg/apache/maven/shared/dependency/graph/DependencyNode;)Z" line="78"><counter type="INSTRUCTION" missed="2" covered="13"/><counter type="BRANCH" missed="1" covered="1"/><counter type="LINE" missed="1" covered="3"/><counter type="COMPLEXITY" missed="1" covered="1"/><counter type="METHOD" missed="0" covered="1"/></method><method name="getDependencyNodeVisitor" desc="()Lorg/apache/maven/shared/dependency/graph/traversal/DependencyNodeVisitor;" line="93"><counter type="INSTRUCTION" missed="3" covered="0"/><counter type="LINE" missed="1" covered="0"/><counter type="COMPLEXITY" missed="1" covered="0"/><counter type="METHOD" missed="1" covered="0"/></method><method name="getDependencyNodeFilter" desc="()Lorg/apache/maven/shared/dependency/graph/filter/DependencyNodeFilter;" line="103"><counter type="INSTRUCTION" missed="3" covered="0"/><counter type="LINE" missed="1" covered="0"/><counter type="COMPLEXITY" missed="1" covered="0"/><counter type="METHOD" missed="1" covered="0"/></method><counter type="INSTRUCTION" missed="10" covered="35"/><counter type="BRANCH" missed="2" covered="2"/><counter type="LINE" missed="4" covered="10"/><counter type="COMPLEXITY" missed="4" covered="3"/><counter type="METHOD" missed="2" covered="3"/><counter type="CLASS" missed="0" covered="1"/></class><class name="org/owasp/dependencycheck/maven/Retirejs" sourcefilename="Retirejs.java"><method name="&lt;init&gt;" desc="()V" line="27"><counter type="INSTRUCTION" missed="0" covered="3"/><counter type="LINE" missed="0" covered="1"/><counter type="COMPLEXITY" missed="0" covered="1"/><counter type="METHOD" missed="0" covered="1"/></method><method name="getFilters" desc="()[Ljava/lang/String;" line="47"><counter type="INSTRUCTION" missed="0" covered="3"/><counter type="LINE" missed="0" covered="1"/><counter type="COMPLEXITY" missed="0" covered="1"/><counter type="METHOD" missed="0" covered="1"/></method><method name="getFilterNonVulnerable" desc="()Ljava/lang/Boolean;" line="60"><counter type="INSTRUCTION" missed="0" covered="3"/><counter type="LINE" missed="0" covered="1"/><counter type="COMPLEXITY" missed="0" covered="1"/><counter type="METHOD" missed="0" covered="1"/></method><counter type="INSTRUCTION" missed="0" covered="9"/><counter type="LINE" missed="0" covered="3"/><counter type="COMPLEXITY" missed="0" covered="3"/><counter type="METHOD" missed="0" covered="3"/><counter type="CLASS" missed="0" covered="1"/></class><sourcefile name="ArtifactScopeExcluded.java"><line nr="60" mi="0" ci="2" mb="0" cb="0"/><line nr="61" mi="0" ci="3" mb="0" cb="0"/><line nr="62" mi="0" ci="3" mb="0" cb="0"/><line nr="63" mi="0" ci="3" mb="0" cb="0"/><line nr="64" mi="0" ci="3" mb="0" cb="0"/><line nr="65" mi="0" ci="1" mb="0" cb="0"/><line nr="77" mi="0" ci="7" mb="1" cb="3"/><line nr="78" mi="0" ci="2" mb="0" cb="0"/><line nr="80" mi="4" ci="3" mb="3" cb="1"/><line nr="81" mi="2" ci="0" mb="0" cb="0"/><line nr="83" mi="4" ci="3" mb="3" cb="1"/><line nr="84" mi="2" ci="0" mb="0" cb="0"/><line nr="86" mi="0" ci="7" mb="0" cb="4"/><line nr="87" mi="0" ci="2" mb="0" cb="0"/><line nr="89" mi="4" ci="6" mb="3" cb="3"/><line nr="90" mi="2" ci="0" mb="0" cb="0"/><line nr="92" mi="0" ci="2" mb="0" cb="0"/><counter type="INSTRUCTION" missed="18" covered="47"/><counter type="BRANCH" missed="10" covered="12"/><counter type="LINE" missed="3" covered="14"/><counter type="COMPLEXITY" missed="7" covered="6"/><counter type="METHOD" missed="0" covered="2"/><counter type="CLASS" missed="0" covered="1"/></sourcefile><sourcefile name="Retirejs.java"><line nr="27" mi="0" ci="3" mb="0" cb="0"/><line nr="47" mi="0" ci="3" mb="0" cb="0"/><line nr="60" mi="0" ci="3" mb="0" cb="0"/><counter type="INSTRUCTION" missed="0" covered="9"/><counter type="LINE" missed="0" covered="3"/><counter type="COMPLEXITY" missed="0" covered="3"/><counter type="METHOD" missed="0" covered="3"/><counter type="CLASS" missed="0" covered="1"/></sourcefile><sourcefile name="CollectingRootDependencyGraphVisitor.java"><line nr="32" mi="0" ci="2" mb="0" cb="0"/><line nr="37" mi="0" ci="5" mb="0" cb="0"/><line nr="45" mi="0" ci="4" mb="0" cb="0"/><line nr="49" mi="0" ci="3" mb="0" cb="2"/><line nr="50" mi="0" ci="3" mb="0" cb="0"/><line nr="51" mi="0" ci="6" mb="1" cb="1"/><line nr="52" mi="0" ci="10" mb="0" cb="0"/><line nr="56" mi="0" ci="9" mb="0" cb="0"/><line nr="58" mi="0" ci="6" mb="0" cb="0"/><line nr="59" mi="0" ci="2" mb="0" cb="0"/><line nr="64" mi="0" ci="6" mb="0" cb="0"/><line nr="65" mi="0" ci="2" mb="0" cb="0"/><line nr="69" mi="0" ci="4" mb="0" cb="0"/><counter type="INSTRUCTION" missed="0" covered="62"/><counter type="BRANCH" missed="1" covered="3"/><counter type="LINE" missed="0" covered="13"/><counter type="COMPLEXITY" missed="1" covered="5"/><counter type="METHOD" missed="0" covered="4"/><counter type="CLASS" missed="0" covered="1"/></sourcefile><sourcefile name="AggregateMojo.java"><line nr="55" mi="0" ci="2" mb="0" cb="0"/><line nr="60" mi="0" ci="4" mb="0" cb="0"/><line nr="73" mi="0" ci="3" mb="0" cb="0"/><line nr="74" mi="0" ci="7" mb="0" cb="0"/><line nr="75" mi="0" ci="13" mb="0" cb="2"/><line nr="78" mi="0" ci="6" mb="0" cb="0"/><line nr="79" mi="0" ci="2" mb="1" cb="1"/><line nr="80" mi="2" ci="0" mb="2" cb="0"/><line nr="81" mi="3" ci="0" mb="0" cb="0"/><line nr="83" mi="6" ci="0" mb="0" cb="0"/><line nr="85" mi="3" ci="0" mb="2" cb="0"/><line nr="86" mi="3" ci="0" mb="0" cb="0"/><line nr="87" mi="10" ci="0" mb="0" cb="0"/><line nr="88" mi="3" ci="0" mb="2" cb="0"/><line nr="89" mi="6" ci="0" mb="0" cb="0"/><line nr="91" mi="4" ci="0" mb="0" cb="0"/><line nr="92" mi="4" ci="0" mb="2" cb="0"/><line nr="93" mi="4" ci="0" mb="0" cb="0"/><line nr="97" mi="0" ci="1" mb="0" cb="0"/><line nr="98" mi="0" ci="2" mb="0" cb="0"/><line nr="112" mi="7" ci="0" mb="0" cb="0"/><line nr="113" mi="13" ci="0" mb="2" cb="0"/><line nr="114" mi="6" ci="0" mb="0" cb="0"/><line nr="115" mi="1" ci="0" mb="0" cb="0"/><line nr="116" mi="2" ci="0" mb="0" cb="0"/><line nr="127" mi="0" ci="2" mb="1" cb="1"/><line nr="128" mi="2" ci="0" mb="0" cb="0"/><line nr="130" mi="0" ci="4" mb="0" cb="0"/><line nr="132" mi="0" ci="4" mb="0" cb="2"/><line nr="133" mi="0" ci="12" mb="0" cb="0"/><line nr="135" mi="0" ci="11" mb="0" cb="2"/><line nr="136" mi="0" ci="11" mb="0" cb="2"/><line nr="137" mi="0" ci="4" mb="1" cb="1"/><line nr="139" mi="0" ci="7" mb="0" cb="0"/><line nr="140" mi="0" ci="3" mb="0" cb="0"/><line nr="141" mi="0" ci="10" mb="1" cb="3"/><line nr="142" mi="0" ci="3" mb="0" cb="2"/><line nr="143" mi="0" ci="12" mb="0" cb="0"/><line nr="146" mi="1" ci="0" mb="0" cb="0"/><line nr="147" mi="4" ci="0" mb="2" cb="0"/><line nr="148" mi="5" ci="0" mb="0" cb="0"/><line nr="150" mi="0" ci="1" mb="0" cb="0"/><line nr="152" mi="0" ci="1" mb="0" cb="0"/><line nr="153" mi="0" ci="1" mb="0" cb="0"/><line nr="155" mi="0" ci="3" mb="0" cb="0"/><line nr="156" mi="0" ci="11" mb="0" cb="2"/><line nr="157" mi="0" ci="4" mb="1" cb="1"/><line nr="158" mi="0" ci="10" mb="0" cb="4"/><line nr="159" mi="4" ci="4" mb="3" cb="1"/><line nr="160" mi="12" ci="0" mb="0" cb="0"/><line nr="163" mi="0" ci="11" mb="0" cb="2"/><line nr="164" mi="0" ci="4" mb="1" cb="1"/><line nr="165" mi="0" ci="11" mb="1" cb="3"/><line nr="166" mi="0" ci="3" mb="0" cb="2"/><line nr="167" mi="0" ci="3" mb="1" cb="1"/><line nr="168" mi="0" ci="12" mb="0" cb="0"/><line nr="171" mi="0" ci="1" mb="0" cb="0"/><line nr="173" mi="0" ci="4" mb="0" cb="0"/><line nr="174" mi="0" ci="10" mb="0" cb="2"/><line nr="175" mi="0" ci="4" mb="1" cb="1"/><line nr="176" mi="0" ci="11" mb="0" cb="2"/><line nr="178" mi="0" ci="7" mb="0" cb="0"/><line nr="179" mi="0" ci="3" mb="0" cb="0"/><line nr="180" mi="0" ci="5" mb="0" cb="2"/><line nr="181" mi="0" ci="4" mb="0" cb="0"/><line nr="183" mi="1" ci="0" mb="0" cb="0"/><line nr="184" mi="4" ci="0" mb="2" cb="0"/><line nr="185" mi="5" ci="0" mb="0" cb="0"/><line nr="187" mi="0" ci="1" mb="0" cb="0"/><line nr="188" mi="0" ci="1" mb="0" cb="0"/><line nr="190" mi="0" ci="1" mb="0" cb="0"/><line nr="191" mi="0" ci="10" mb="0" cb="2"/><line nr="192" mi="0" ci="4" mb="1" cb="1"/><line nr="193" mi="4" ci="4" mb="3" cb="1"/><line nr="194" mi="12" ci="0" mb="0" cb="0"/><line nr="197" mi="0" ci="1" mb="0" cb="0"/><line nr="199" mi="0" ci="1" mb="0" cb="0"/><line nr="200" mi="0" ci="6" mb="0" cb="4"/><line nr="201" mi="0" ci="4" mb="0" cb="2"/><line nr="202" mi="0" ci="17" mb="0" cb="0"/><line nr="204" mi="0" ci="2" mb="0" cb="0"/><line nr="216" mi="0" ci="4" mb="0" cb="0"/><line nr="217" mi="0" ci="7" mb="0" cb="0"/><line nr="218" mi="0" ci="2" mb="0" cb="0"/><line nr="219" mi="0" ci="11" mb="1" cb="3"/><line nr="220" mi="0" ci="5" mb="0" cb="0"/><line nr="221" mi="0" ci="6" mb="0" cb="0"/><line nr="222" mi="0" ci="2" mb="0" cb="0"/><line nr="223" mi="0" ci="1" mb="0" cb="0"/><line nr="224" mi="0" ci="2" mb="0" cb="0"/><line nr="226" mi="0" ci="5" mb="0" cb="0"/><line nr="228" mi="8" ci="9" mb="4" cb="2"/><line nr="229" mi="0" ci="2" mb="1" cb="1"/><line nr="230" mi="6" ci="0" mb="0" cb="0"/><line nr="232" mi="0" ci="2" mb="0" cb="0"/><line nr="243" mi="5" ci="0" mb="0" cb="0"/><line nr="248" mi="2" ci="0" mb="0" cb="0"/><line nr="259" mi="3" ci="0" mb="0" cb="0"/><line nr="271" mi="2" ci="0" mb="0" cb="0"/><counter type="INSTRUCTION" missed="157" covered="361"/><counter type="BRANCH" missed="36" covered="56"/><counter type="LINE" missed="30" covered="69"/><counter type="COMPLEXITY" missed="31" covered="28"/><counter type="METHOD" missed="5" covered="8"/><counter type="CLASS" missed="0" covered="1"/></sourcefile><sourcefile name="PurgeMojo.java"><line nr="45" mi="3" ci="0" mb="0" cb="0"/><line nr="54" mi="2" ci="0" mb="0" cb="0"/><line nr="67" mi="2" ci="0" mb="0" cb="0"/><line nr="69" mi="4" ci="0" mb="0" cb="0"/><line nr="70" mi="1" ci="0" mb="0" cb="0"/><line nr="71" mi="3" ci="0" mb="2" cb="0"/><line nr="72" mi="7" ci="0" mb="0" cb="0"/><line nr="74" mi="7" ci="0" mb="0" cb="0"/><line nr="76" mi="1" ci="0" mb="0" cb="0"/><line nr="77" mi="7" ci="0" mb="0" cb="0"/><line nr="78" mi="3" ci="0" mb="0" cb="0"/><line nr="80" mi="3" ci="0" mb="0" cb="0"/><line nr="82" mi="1" ci="0" mb="0" cb="0"/><line nr="92" mi="2" ci="0" mb="0" cb="0"/><line nr="104" mi="2" ci="0" mb="0" cb="0"/><line nr="116" mi="5" ci="0" mb="0" cb="0"/><line nr="130" mi="5" ci="0" mb="0" cb="0"/><counter type="INSTRUCTION" missed="58" covered="0"/><counter type="BRANCH" missed="2" covered="0"/><counter type="LINE" missed="17" covered="0"/><counter type="COMPLEXITY" missed="8" covered="0"/><counter type="METHOD" missed="7" covered="0"/><counter type="CLASS" missed="1" covered="0"/></sourcefile><sourcefile name="BaseDependencyCheckMojo.java"><line nr="120" mi="0" ci="2" mb="0" cb="0"/><line nr="130" mi="0" ci="6" mb="0" cb="0"/><line nr="146" mi="0" ci="3" mb="0" cb="0"/><line nr="150" mi="0" ci="3" mb="0" cb="0"/><line nr="154" mi="0" ci="5" mb="0" cb="0"/><line nr="231" mi="0" ci="3" mb="0" cb="0"/><line nr="239" mi="0" ci="3" mb="0" cb="0"/><line nr="248" mi="0" ci="3" mb="0" cb="0"/><line nr="314" mi="0" ci="3" mb="0" cb="0"/><line nr="416" mi="0" ci="3" mb="0" cb="0"/><line nr="956" mi="0" ci="3" mb="0" cb="0"/><line nr="962" mi="0" ci="3" mb="0" cb="0"/><line nr="968" mi="0" ci="3" mb="0" cb="0"/><line nr="974" mi="0" ci="3" mb="0" cb="0"/><line nr="981" mi="0" ci="3" mb="0" cb="0"/><line nr="988" mi="0" ci="3" mb="0" cb="0"/><line nr="1231" mi="0" ci="3" mb="0" cb="0"/><line nr="1237" mi="0" ci="4" mb="0" cb="0"/><line nr="1258" mi="8" ci="0" mb="2" cb="0"/><line nr="1259" mi="6" ci="0" mb="2" cb="0"/><line nr="1260" mi="8" ci="0" mb="2" cb="0"/><line nr="1273" mi="14" ci="0" mb="8" cb="0"/><line nr="1285" mi="0" ci="3" mb="0" cb="0"/><line nr="1286" mi="0" ci="7" mb="0" cb="0"/><line nr="1287" mi="0" ci="2" mb="1" cb="1"/><line nr="1288" mi="8" ci="0" mb="0" cb="0"/><line nr="1290" mi="0" ci="6" mb="0" cb="0"/><line nr="1291" mi="0" ci="2" mb="0" cb="0"/><line nr="1293" mi="0" ci="1" mb="0" cb="0"/><line nr="1301" mi="3" ci="0" mb="0" cb="0"/><line nr="1310" mi="3" ci="0" mb="0" cb="0"/><line nr="1319" mi="0" ci="3" mb="0" cb="0"/><line nr="1330" mi="7" ci="0" mb="0" cb="0"/><line nr="1331" mi="2" ci="0" mb="2" cb="0"/><line nr="1332" mi="7" ci="0" mb="0" cb="0"/><line nr="1333" mi="1" ci="0" mb="0" cb="0"/><line nr="1336" mi="3" ci="0" mb="0" cb="0"/><line nr="1337" mi="6" ci="0" mb="0" cb="0"/><line nr="1339" mi="2" ci="0" mb="0" cb="0"/><line nr="1340" mi="1" ci="0" mb="0" cb="0"/><line nr="1341" mi="7" ci="0" mb="0" cb="0"/><line nr="1342" mi="1" ci="0" mb="0" cb="0"/><line nr="1343" mi="4" ci="0" mb="0" cb="0"/><line nr="1344" mi="1" ci="0" mb="0" cb="0"/><line nr="1345" mi="1" ci="0" mb="0" cb="0"/><line nr="1356" mi="5" ci="0" mb="0" cb="0"/><line nr="1367" mi="0" ci="4" mb="0" cb="0"/><line nr="1368" mi="0" ci="5" mb="2" cb="2"/><line nr="1369" mi="0" ci="3" mb="0" cb="0"/><line nr="1372" mi="7" ci="0" mb="0" cb="0"/><line nr="1373" mi="9" ci="0" mb="4" cb="0"/><line nr="1374" mi="3" ci="0" mb="0" cb="0"/><line nr="1376" mi="2" ci="0" mb="0" cb="0"/><line nr="1389" mi="0" ci="6" mb="0" cb="0"/><line nr="1404" mi="0" ci="16" mb="0" cb="0"/><line nr="1405" mi="0" ci="6" mb="0" cb="0"/><line nr="1408" mi="0" ci="6" mb="0" cb="0"/><line nr="1410" mi="0" ci="4" mb="0" cb="0"/><line nr="1413" mi="0" ci="8" mb="0" cb="0"/><line nr="1414" mi="0" ci="5" mb="0" cb="0"/><line nr="1417" mi="0" ci="12" mb="0" cb="0"/><line nr="1419" mi="0" ci="4" mb="0" cb="0"/><line nr="1422" mi="0" ci="3" mb="0" cb="0"/><line nr="1424" mi="0" ci="8" mb="0" cb="0"/><line nr="1425" mi="1" ci="0" mb="0" cb="0"/><line nr="1426" mi="10" ci="0" mb="0" cb="0"/><line nr="1427" mi="5" ci="0" mb="0" cb="0"/><line nr="1428" mi="5" ci="0" mb="0" cb="0"/><line nr="1444" mi="2" ci="0" mb="0" cb="0"/><line nr="1445" mi="4" ci="0" mb="0" cb="0"/><line nr="1446" mi="4" ci="0" mb="0" cb="0"/><line nr="1447" mi="4" ci="0" mb="0" cb="0"/><line nr="1448" mi="4" ci="0" mb="0" cb="0"/><line nr="1450" mi="4" ci="0" mb="0" cb="0"/><line nr="1451" mi="4" ci="0" mb="0" cb="0"/><line nr="1452" mi="4" ci="0" mb="0" cb="0"/><line nr="1454" mi="6" ci="0" mb="0" cb="0"/><line nr="1455" mi="10" ci="0" mb="2" cb="0"/><line nr="1457" mi="7" ci="0" mb="0" cb="0"/><line nr="1459" mi="8" ci="0" mb="0" cb="0"/><line nr="1461" mi="4" ci="0" mb="0" cb="0"/><line nr="1462" mi="4" ci="0" mb="0" cb="0"/><line nr="1463" mi="4" ci="0" mb="0" cb="0"/><line nr="1464" mi="4" ci="0" mb="0" cb="0"/><line nr="1466" mi="9" ci="0" mb="0" cb="0"/><line nr="1467" mi="13" ci="0" mb="2" cb="0"/><line nr="1468" mi="8" ci="0" mb="0" cb="0"/><line nr="1469" mi="1" ci="0" mb="0" cb="0"/><line nr="1470" mi="1" ci="0" mb="0" cb="0"/><line nr="1471" mi="5" ci="0" mb="0" cb="0"/><line nr="1472" mi="1" ci="0" mb="0" cb="0"/><line nr="1473" mi="5" ci="0" mb="0" cb="0"/><line nr="1474" mi="1" ci="0" mb="0" cb="0"/><line nr="1475" mi="5" ci="0" mb="0" cb="0"/><line nr="1476" mi="1" ci="0" mb="0" cb="0"/><line nr="1477" mi="1" ci="0" mb="0" cb="0"/><line nr="1479" mi="2" ci="0" mb="0" cb="0"/><line nr="1484" mi="2" ci="0" mb="0" cb="0"/><line nr="1485" mi="3" ci="0" mb="0" cb="0"/><line nr="1486" mi="3" ci="0" mb="0" cb="0"/><line nr="1487" mi="3" ci="0" mb="0" cb="0"/><line nr="1488" mi="3" ci="0" mb="0" cb="0"/><line nr="1489" mi="3" ci="0" mb="2" cb="0"/><line nr="1490" mi="3" ci="0" mb="0" cb="0"/><line nr="1492" mi="6" ci="0" mb="0" cb="0"/><line nr="1493" mi="2" ci="0" mb="0" cb="0"/><line nr="1494" mi="2" ci="0" mb="2" cb="0"/><line nr="1495" mi="2" ci="0" mb="0" cb="0"/><line nr="1496" mi="4" ci="0" mb="2" cb="0"/><line nr="1497" mi="6" ci="0" mb="0" cb="0"/><line nr="1499" mi="10" ci="0" mb="2" cb="0"/><line nr="1500" mi="6" ci="0" mb="2" cb="0"/><line nr="1501" mi="2" ci="0" mb="0" cb="0"/><line nr="1502" mi="1" ci="0" mb="0" cb="0"/><line nr="1504" mi="1" ci="0" mb="0" cb="0"/><line nr="1505" mi="10" ci="0" mb="2" cb="0"/><line nr="1506" mi="5" ci="0" mb="4" cb="0"/><line nr="1507" mi="6" ci="0" mb="0" cb="0"/><line nr="1508" mi="4" ci="0" mb="0" cb="0"/><line nr="1510" mi="1" ci="0" mb="0" cb="0"/><line nr="1512" mi="2" ci="0" mb="2" cb="0"/><line nr="1513" mi="7" ci="0" mb="0" cb="0"/><line nr="1514" mi="5" ci="0" mb="0" cb="0"/><line nr="1515" mi="2" ci="0" mb="2" cb="0"/><line nr="1516" mi="5" ci="0" mb="0" cb="0"/><line nr="1518" mi="4" ci="0" mb="0" cb="0"/><line nr="1519" mi="2" ci="0" mb="0" cb="0"/><line nr="1520" mi="2" ci="0" mb="0" cb="0"/><line nr="1521" mi="1" ci="0" mb="0" cb="0"/><line nr="1522" mi="4" ci="0" mb="0" cb="0"/><line nr="1524" mi="2" ci="0" mb="2" cb="0"/><line nr="1525" mi="10" ci="0" mb="2" cb="0"/><line nr="1526" mi="4" ci="0" mb="0" cb="0"/><line nr="1527" mi="1" ci="0" mb="0" cb="0"/><line nr="1531" mi="1" ci="0" mb="0" cb="0"/><line nr="1532" mi="2" ci="0" mb="2" cb="0"/><line nr="1533" mi="4" ci="0" mb="0" cb="0"/><line nr="1535" mi="9" ci="0" mb="0" cb="0"/><line nr="1539" mi="2" ci="0" mb="0" cb="0"/><line nr="1545" mi="0" ci="10" mb="0" cb="0"/><line nr="1546" mi="0" ci="3" mb="0" cb="0"/><line nr="1547" mi="1" ci="0" mb="0" cb="0"/><line nr="1548" mi="8" ci="0" mb="0" cb="0"/><line nr="1550" mi="5" ci="0" mb="0" cb="0"/><line nr="1551" mi="0" ci="1" mb="0" cb="0"/><line nr="1552" mi="0" ci="2" mb="0" cb="0"/><line nr="1557" mi="6" ci="0" mb="0" cb="0"/><line nr="1559" mi="7" ci="0" mb="0" cb="0"/><line nr="1561" mi="4" ci="0" mb="0" cb="0"/><line nr="1563" mi="10" ci="0" mb="2" cb="0"/><line nr="1564" mi="5" ci="0" mb="0" cb="0"/><line nr="1565" mi="1" ci="0" mb="0" cb="0"/><line nr="1567" mi="2" ci="0" mb="0" cb="0"/><line nr="1585" mi="0" ci="4" mb="0" cb="0"/><line nr="1587" mi="0" ci="4" mb="0" cb="0"/><line nr="1588" mi="0" ci="4" mb="0" cb="0"/><line nr="1589" mi="0" ci="2" mb="0" cb="0"/><line nr="1592" mi="0" ci="4" mb="0" cb="0"/><line nr="1593" mi="1" ci="0" mb="0" cb="0"/><line nr="1594" mi="3" ci="0" mb="0" cb="0"/><line nr="1595" mi="2" ci="0" mb="0" cb="0"/><line nr="1596" mi="2" ci="0" mb="0" cb="0"/><line nr="1597" mi="5" ci="0" mb="0" cb="0"/><line nr="1598" mi="0" ci="1" mb="0" cb="0"/><line nr="1599" mi="0" ci="3" mb="0" cb="2"/><line nr="1600" mi="0" ci="8" mb="0" cb="0"/><line nr="1601" mi="0" ci="2" mb="1" cb="1"/><line nr="1604" mi="0" ci="3" mb="1" cb="1"/><line nr="1605" mi="5" ci="0" mb="0" cb="0"/><line nr="1606" mi="0" ci="3" mb="1" cb="1"/><line nr="1607" mi="0" ci="11" mb="0" cb="2"/><line nr="1608" mi="0" ci="3" mb="1" cb="1"/><line nr="1609" mi="4" ci="0" mb="0" cb="0"/><line nr="1611" mi="0" ci="3" mb="1" cb="1"/><line nr="1612" mi="0" ci="4" mb="0" cb="0"/><line nr="1614" mi="0" ci="2" mb="0" cb="0"/><line nr="1616" mi="3" ci="0" mb="0" cb="0"/><line nr="1620" mi="0" ci="2" mb="0" cb="2"/><line nr="1621" mi="0" ci="3" mb="0" cb="0"/><line nr="1623" mi="0" ci="3" mb="0" cb="0"/><line nr="1625" mi="0" ci="8" mb="0" cb="0"/><line nr="1626" mi="0" ci="4" mb="0" cb="0"/><line nr="1627" mi="4" ci="6" mb="3" cb="1"/><line nr="1628" mi="2" ci="3" mb="0" cb="0"/><line nr="1629" mi="0" ci="7" mb="0" cb="0"/><line nr="1630" mi="0" ci="4" mb="0" cb="0"/><line nr="1631" mi="0" ci="11" mb="0" cb="0"/><line nr="1645" mi="0" ci="6" mb="0" cb="0"/><line nr="1646" mi="9" ci="0" mb="2" cb="0"/><line nr="1647" mi="7" ci="2" mb="2" cb="0"/><line nr="1648" mi="0" ci="3" mb="1" cb="1"/><line nr="1649" mi="6" ci="0" mb="0" cb="0"/><line nr="1651" mi="0" ci="2" mb="0" cb="0"/><line nr="1667" mi="0" ci="6" mb="1" cb="3"/><line nr="1668" mi="0" ci="2" mb="0" cb="0"/><line nr="1671" mi="0" ci="2" mb="0" cb="0"/><line nr="1672" mi="0" ci="12" mb="0" cb="2"/><line nr="1674" mi="0" ci="9" mb="0" cb="0"/><line nr="1675" mi="0" ci="1" mb="0" cb="0"/><line nr="1676" mi="0" ci="12" mb="0" cb="0"/><line nr="1677" mi="0" ci="2" mb="0" cb="0"/><line nr="1679" mi="1" ci="2" mb="1" cb="1"/><line nr="1681" mi="0" ci="7" mb="1" cb="1"/><line nr="1682" mi="0" ci="4" mb="0" cb="0"/><line nr="1683" mi="0" ci="12" mb="0" cb="0"/><line nr="1685" mi="0" ci="2" mb="0" cb="0"/><line nr="1688" mi="0" ci="2" mb="1" cb="1"/><line nr="1689" mi="2" ci="0" mb="2" cb="0"/><line nr="1690" mi="4" ci="0" mb="0" cb="0"/><line nr="1692" mi="3" ci="0" mb="0" cb="0"/><line nr="1694" mi="0" ci="1" mb="0" cb="0"/><line nr="1695" mi="0" ci="1" mb="0" cb="0"/><line nr="1696" mi="0" ci="2" mb="0" cb="0"/><line nr="1716" mi="0" ci="4" mb="0" cb="0"/><line nr="1719" mi="0" ci="4" mb="0" cb="0"/><line nr="1720" mi="0" ci="8" mb="0" cb="0"/><line nr="1721" mi="0" ci="10" mb="0" cb="2"/><line nr="1722" mi="0" ci="11" mb="0" cb="0"/><line nr="1723" mi="0" ci="1" mb="0" cb="0"/><line nr="1726" mi="0" ci="11" mb="0" cb="2"/><line nr="1727" mi="0" ci="13" mb="0" cb="0"/><line nr="1728" mi="0" ci="12" mb="0" cb="2"/><line nr="1729" mi="0" ci="13" mb="0" cb="0"/><line nr="1730" mi="0" ci="1" mb="0" cb="0"/><line nr="1731" mi="0" ci="1" mb="0" cb="0"/><line nr="1732" mi="0" ci="2" mb="0" cb="0"/><line nr="1750" mi="0" ci="2" mb="0" cb="0"/><line nr="1751" mi="0" ci="10" mb="0" cb="2"/><line nr="1752" mi="0" ci="5" mb="0" cb="2"/><line nr="1753" mi="0" ci="3" mb="0" cb="0"/><line nr="1754" mi="0" ci="1" mb="0" cb="0"/><line nr="1756" mi="0" ci="1" mb="0" cb="0"/><line nr="1757" mi="0" ci="2" mb="0" cb="2"/><line nr="1758" mi="0" ci="15" mb="0" cb="0"/><line nr="1759" mi="0" ci="2" mb="0" cb="0"/><line nr="1761" mi="0" ci="2" mb="0" cb="0"/><line nr="1774" mi="0" ci="7" mb="2" cb="4"/><line nr="1775" mi="0" ci="2" mb="0" cb="0"/><line nr="1777" mi="0" ci="7" mb="0" cb="0"/><line nr="1778" mi="0" ci="9" mb="0" cb="0"/><line nr="1780" mi="0" ci="5" mb="0" cb="2"/><line nr="1781" mi="0" ci="11" mb="0" cb="2"/><line nr="1782" mi="0" ci="5" mb="0" cb="2"/><line nr="1783" mi="0" ci="9" mb="0" cb="0"/><line nr="1785" mi="0" ci="9" mb="0" cb="0"/><line nr="1786" mi="0" ci="9" mb="0" cb="0"/><line nr="1787" mi="0" ci="2" mb="0" cb="0"/><line nr="1800" mi="0" ci="7" mb="0" cb="0"/><line nr="1820" mi="0" ci="8" mb="0" cb="0"/><line nr="1824" mi="0" ci="7" mb="2" cb="2"/><line nr="1825" mi="3" ci="0" mb="2" cb="0"/><line nr="1826" mi="5" ci="0" mb="0" cb="0"/><line nr="1828" mi="5" ci="0" mb="0" cb="0"/><line nr="1829" mi="4" ci="0" mb="0" cb="0"/><line nr="1830" mi="3" ci="0" mb="0" cb="0"/><line nr="1831" mi="3" ci="0" mb="0" cb="0"/><line nr="1832" mi="5" ci="0" mb="0" cb="0"/><line nr="1833" mi="1" ci="0" mb="0" cb="0"/><line nr="1836" mi="0" ci="7" mb="1" cb="3"/><line nr="1838" mi="0" ci="4" mb="0" cb="0"/><line nr="1839" mi="0" ci="4" mb="0" cb="0"/><line nr="1840" mi="0" ci="4" mb="0" cb="0"/><line nr="1841" mi="0" ci="4" mb="0" cb="0"/><line nr="1843" mi="0" ci="9" mb="0" cb="0"/><line nr="1844" mi="0" ci="3" mb="0" cb="0"/><line nr="1845" mi="0" ci="9" mb="0" cb="0"/><line nr="1846" mi="0" ci="3" mb="0" cb="0"/><line nr="1847" mi="0" ci="9" mb="0" cb="0"/><line nr="1848" mi="0" ci="3" mb="0" cb="0"/><line nr="1849" mi="0" ci="5" mb="0" cb="0"/><line nr="1850" mi="0" ci="3" mb="0" cb="0"/><line nr="1851" mi="0" ci="3" mb="0" cb="0"/><line nr="1852" mi="0" ci="3" mb="0" cb="0"/><line nr="1853" mi="0" ci="3" mb="0" cb="0"/><line nr="1854" mi="0" ci="3" mb="0" cb="0"/><line nr="1855" mi="0" ci="3" mb="0" cb="0"/><line nr="1856" mi="0" ci="3" mb="0" cb="0"/><line nr="1857" mi="0" ci="3" mb="0" cb="0"/><line nr="1858" mi="1" ci="0" mb="0" cb="0"/><line nr="1859" mi="2" ci="0" mb="2" cb="0"/><line nr="1860" mi="4" ci="0" mb="0" cb="0"/><line nr="1862" mi="3" ci="0" mb="0" cb="0"/><line nr="1863" mi="0" ci="1" mb="0" cb="0"/><line nr="1864" mi="0" ci="4" mb="0" cb="0"/><line nr="1865" mi="0" ci="4" mb="0" cb="0"/><line nr="1866" mi="0" ci="4" mb="0" cb="0"/><line nr="1867" mi="0" ci="4" mb="0" cb="0"/><line nr="1868" mi="0" ci="4" mb="0" cb="0"/><line nr="1870" mi="0" ci="3" mb="1" cb="1"/><line nr="1871" mi="0" ci="4" mb="0" cb="0"/><line nr="1872" mi="0" ci="11" mb="0" cb="2"/><line nr="1874" mi="0" ci="4" mb="0" cb="0"/><line nr="1875" mi="0" ci="6" mb="0" cb="0"/><line nr="1876" mi="0" ci="3" mb="1" cb="1"/><line nr="1877" mi="5" ci="0" mb="0" cb="0"/><line nr="1880" mi="0" ci="10" mb="0" cb="0"/><line nr="1881" mi="1" ci="0" mb="0" cb="0"/><line nr="1882" mi="2" ci="0" mb="2" cb="0"/><line nr="1883" mi="4" ci="0" mb="0" cb="0"/><line nr="1885" mi="3" ci="0" mb="0" cb="0"/><line nr="1886" mi="4" ci="0" mb="0" cb="0"/><line nr="1887" mi="0" ci="1" mb="0" cb="0"/><line nr="1889" mi="0" ci="4" mb="0" cb="0"/><line nr="1890" mi="0" ci="4" mb="0" cb="0"/><line nr="1891" mi="0" ci="4" mb="0" cb="0"/><line nr="1892" mi="0" ci="4" mb="0" cb="0"/><line nr="1893" mi="0" ci="4" mb="0" cb="0"/><line nr="1894" mi="0" ci="4" mb="0" cb="0"/><line nr="1895" mi="0" ci="4" mb="0" cb="0"/><line nr="1896" mi="0" ci="4" mb="0" cb="0"/><line nr="1897" mi="0" ci="4" mb="0" cb="0"/><line nr="1898" mi="0" ci="4" mb="0" cb="0"/><line nr="1899" mi="0" ci="4" mb="0" cb="0"/><line nr="1900" mi="0" ci="2" mb="0" cb="0"/><line nr="1902" mi="3" ci="0" mb="0" cb="0"/><line nr="1906" mi="0" ci="4" mb="0" cb="0"/><line nr="1907" mi="0" ci="10" mb="0" cb="2"/><line nr="1908" mi="0" ci="6" mb="0" cb="0"/><line nr="1909" mi="0" ci="4" mb="0" cb="0"/><line nr="1910" mi="0" ci="16" mb="0" cb="2"/><line nr="1911" mi="0" ci="8" mb="0" cb="0"/><line nr="1912" mi="0" ci="3" mb="1" cb="1"/><line nr="1913" mi="0" ci="6" mb="0" cb="0"/><line nr="1916" mi="0" ci="1" mb="0" cb="0"/><line nr="1917" mi="0" ci="2" mb="0" cb="0"/><line nr="1932" mi="0" ci="7" mb="0" cb="0"/><line nr="1953" mi="0" ci="11" mb="0" cb="0"/><line nr="1954" mi="0" ci="6" mb="0" cb="0"/><line nr="1955" mi="0" ci="12" mb="0" cb="0"/><line nr="1957" mi="0" ci="11" mb="1" cb="1"/><line nr="1959" mi="0" ci="10" mb="0" cb="0"/><line nr="1960" mi="0" ci="15" mb="0" cb="0"/><line nr="1961" mi="0" ci="12" mb="0" cb="0"/><line nr="1963" mi="0" ci="7" mb="0" cb="2"/><line nr="1964" mi="0" ci="6" mb="1" cb="1"/><line nr="1965" mi="0" ci="5" mb="1" cb="1"/><line nr="1967" mi="0" ci="8" mb="0" cb="0"/><line nr="1968" mi="0" ci="12" mb="0" cb="0"/><line nr="1969" mi="0" ci="11" mb="0" cb="0"/><line nr="1971" mi="0" ci="4" mb="0" cb="0"/><line nr="1972" mi="0" ci="20" mb="0" cb="0"/><line nr="1973" mi="0" ci="4" mb="0" cb="0"/><line nr="1974" mi="0" ci="4" mb="0" cb="0"/><line nr="1975" mi="0" ci="4" mb="0" cb="0"/><line nr="1976" mi="0" ci="3" mb="0" cb="0"/><line nr="1977" mi="0" ci="3" mb="0" cb="0"/><line nr="1978" mi="0" ci="4" mb="0" cb="0"/><line nr="1979" mi="0" ci="4" mb="0" cb="0"/><line nr="1980" mi="0" ci="2" mb="0" cb="0"/><line nr="1981" mi="0" ci="2" mb="0" cb="0"/><line nr="1982" mi="0" ci="1" mb="0" cb="0"/><line nr="1983" mi="0" ci="3" mb="0" cb="0"/><line nr="1984" mi="0" ci="8" mb="0" cb="0"/><line nr="1985" mi="0" ci="8" mb="0" cb="0"/><line nr="1987" mi="0" ci="8" mb="0" cb="0"/><line nr="1988" mi="0" ci="8" mb="0" cb="0"/><line nr="1989" mi="0" ci="3" mb="0" cb="0"/><line nr="1992" mi="0" ci="6" mb="0" cb="0"/><line nr="1993" mi="0" ci="6" mb="0" cb="0"/><line nr="1994" mi="1" ci="0" mb="0" cb="0"/><line nr="1995" mi="5" ci="0" mb="0" cb="0"/><line nr="1996" mi="7" ci="0" mb="0" cb="0"/><line nr="1997" mi="0" ci="1" mb="0" cb="0"/><line nr="1998" mi="0" ci="3" mb="0" cb="0"/><line nr="2000" mi="0" ci="16" mb="0" cb="0"/><line nr="2001" mi="0" ci="4" mb="0" cb="0"/><line nr="2002" mi="0" ci="3" mb="0" cb="0"/><line nr="2003" mi="0" ci="3" mb="1" cb="1"/><line nr="2004" mi="7" ci="0" mb="0" cb="0"/><line nr="2006" mi="4" ci="7" mb="1" cb="1"/><line nr="2007" mi="4" ci="0" mb="0" cb="0"/><line nr="2008" mi="3" ci="0" mb="2" cb="0"/><line nr="2009" mi="5" ci="0" mb="0" cb="0"/><line nr="2011" mi="3" ci="0" mb="2" cb="0"/><line nr="2012" mi="7" ci="0" mb="0" cb="0"/><line nr="2014" mi="3" ci="0" mb="2" cb="0"/><line nr="2015" mi="5" ci="0" mb="0" cb="0"/><line nr="2016" mi="5" ci="0" mb="2" cb="0"/><line nr="2017" mi="15" ci="0" mb="0" cb="0"/><line nr="2019" mi="1" ci="0" mb="0" cb="0"/><line nr="2020" mi="0" ci="3" mb="0" cb="0"/><line nr="2021" mi="0" ci="2" mb="0" cb="0"/><line nr="2023" mi="0" ci="1" mb="0" cb="0"/><line nr="2024" mi="2" ci="0" mb="0" cb="0"/><line nr="2028" mi="0" ci="7" mb="0" cb="0"/><line nr="2030" mi="0" ci="3" mb="0" cb="2"/><line nr="2031" mi="0" ci="4" mb="0" cb="0"/><line nr="2032" mi="0" ci="6" mb="0" cb="0"/><line nr="2033" mi="0" ci="4" mb="0" cb="2"/><line nr="2034" mi="0" ci="4" mb="0" cb="0"/><line nr="2035" mi="0" ci="7" mb="0" cb="0"/><line nr="2037" mi="0" ci="5" mb="0" cb="0"/><line nr="2053" mi="0" ci="3" mb="1" cb="1"/><line nr="2054" mi="2" ci="0" mb="0" cb="0"/><line nr="2056" mi="0" ci="7" mb="0" cb="0"/><line nr="2068" mi="0" ci="7" mb="0" cb="0"/><line nr="2069" mi="0" ci="4" mb="0" cb="0"/><line nr="2070" mi="0" ci="3" mb="0" cb="0"/><line nr="2071" mi="0" ci="2" mb="0" cb="0"/><line nr="2083" mi="0" ci="2" mb="0" cb="0"/><line nr="2084" mi="0" ci="3" mb="0" cb="0"/><line nr="2085" mi="0" ci="2" mb="0" cb="0"/><line nr="2086" mi="0" ci="3" mb="1" cb="1"/><line nr="2087" mi="0" ci="4" mb="0" cb="0"/><line nr="2089" mi="0" ci="3" mb="1" cb="1"/><line nr="2090" mi="5" ci="0" mb="0" cb="0"/><line nr="2093" mi="0" ci="2" mb="0" cb="0"/><line nr="2094" mi="0" ci="1" mb="0" cb="0"/><line nr="2095" mi="0" ci="5" mb="0" cb="0"/><line nr="2096" mi="0" ci="1" mb="0" cb="0"/><line nr="2097" mi="0" ci="5" mb="1" cb="3"/><line nr="2099" mi="0" ci="5" mb="0" cb="0"/><line nr="2100" mi="0" ci="2" mb="1" cb="1"/><line nr="2103" mi="8" ci="0" mb="0" cb="0"/><line nr="2106" mi="0" ci="3" mb="0" cb="0"/><line nr="2107" mi="0" ci="11" mb="0" cb="2"/><line nr="2108" mi="0" ci="13" mb="0" cb="0"/><line nr="2109" mi="0" ci="1" mb="0" cb="0"/><line nr="2110" mi="1" ci="0" mb="0" cb="0"/><line nr="2111" mi="2" ci="0" mb="2" cb="0"/><line nr="2112" mi="6" ci="0" mb="0" cb="0"/><line nr="2114" mi="3" ci="0" mb="0" cb="0"/><line nr="2116" mi="3" ci="0" mb="2" cb="0"/><line nr="2117" mi="6" ci="0" mb="0" cb="0"/><line nr="2119" mi="5" ci="0" mb="0" cb="0"/><line nr="2121" mi="0" ci="1" mb="0" cb="0"/><line nr="2122" mi="0" ci="6" mb="0" cb="0"/><line nr="2123" mi="0" ci="4" mb="0" cb="0"/><line nr="2124" mi="0" ci="5" mb="1" cb="3"/><line nr="2125" mi="0" ci="6" mb="0" cb="0"/><line nr="2128" mi="1" ci="0" mb="0" cb="0"/><line nr="2129" mi="4" ci="0" mb="2" cb="0"/><line nr="2130" mi="5" ci="0" mb="0" cb="0"/><line nr="2132" mi="2" ci="0" mb="0" cb="0"/><line nr="2133" mi="3" ci="0" mb="2" cb="0"/><line nr="2134" mi="6" ci="0" mb="0" cb="0"/><line nr="2136" mi="5" ci="0" mb="0" cb="0"/><line nr="2138" mi="0" ci="3" mb="0" cb="0"/><line nr="2140" mi="0" ci="1" mb="0" cb="0"/><line nr="2153" mi="0" ci="2" mb="0" cb="0"/><line nr="2154" mi="0" ci="2" mb="1" cb="1"/><line nr="2155" mi="0" ci="3" mb="0" cb="0"/><line nr="2157" mi="6" ci="0" mb="0" cb="0"/><line nr="2158" mi="3" ci="0" mb="2" cb="0"/><line nr="2159" mi="3" ci="0" mb="0" cb="0"/><line nr="2162" mi="0" ci="3" mb="1" cb="1"/><line nr="2163" mi="11" ci="0" mb="0" cb="0"/><line nr="2164" mi="3" ci="0" mb="2" cb="0"/><line nr="2165" mi="6" ci="0" mb="0" cb="0"/><line nr="2167" mi="4" ci="0" mb="0" cb="0"/><line nr="2168" mi="4" ci="0" mb="2" cb="0"/><line nr="2169" mi="4" ci="0" mb="0" cb="0"/><line nr="2171" mi="1" ci="0" mb="0" cb="0"/><line nr="2172" mi="0" ci="11" mb="0" cb="0"/><line nr="2173" mi="0" ci="4" mb="1" cb="1"/><line nr="2174" mi="5" ci="0" mb="0" cb="0"/><line nr="2177" mi="0" ci="2" mb="0" cb="0"/><line nr="2207" mi="3" ci="0" mb="0" cb="0"/><line nr="2217" mi="0" ci="3" mb="0" cb="0"/><line nr="2218" mi="0" ci="1" mb="0" cb="0"/><line nr="2226" mi="3" ci="0" mb="0" cb="0"/><line nr="2237" mi="0" ci="2" mb="0" cb="0"/><line nr="2247" mi="0" ci="3" mb="0" cb="0"/><li
[...]
0"/><counter type="INSTRUCTION" missed="2212" covered="2787"/><counter type="BRANCH" missed="356" covered="170"/><counter type="LINE" missed="474" covered="566"/><counter type="COMPLEXITY" missed="246" covered="86"/><counter type="METHOD" missed="21" covered="48"/><counter type="CLASS" missed="0" covered="1"/></sourcefile><sourcefile name="FilteringDependencyTransitiveNodeVisitor.java"><line nr="50" mi="0" ci="2" mb="0" cb="0"/><line nr="51" mi="0" ci="3" mb="0" cb="0"/><line nr="52" mi="0" ci="3" mb="0" cb="0"/><line nr="53" mi="0" ci="1" mb="0" cb="0"/><line nr="62" mi="0" ci="5" mb="1" cb="1"/><line nr="63" mi="0" ci="6" mb="0" cb="0"/><line nr="65" mi="2" ci="0" mb="0" cb="0"/><line nr="68" mi="0" ci="2" mb="0" cb="0"/><line nr="78" mi="0" ci="5" mb="1" cb="1"/><line nr="79" mi="0" ci="6" mb="0" cb="0"/><line nr="81" mi="2" ci="0" mb="0" cb="0"/><line nr="84" mi="0" ci="2" mb="0" cb="0"/><line nr="93" mi="3" ci="0" mb="0" cb="0"/><line nr="103" mi="3" ci="0" mb="0" cb="0"/><counter type="INSTRUCTION" missed="10" covered="35"/><counter type="BRANCH" missed="2" covered="2"/><counter type="LINE" missed="4" covered="10"/><counter type="COMPLEXITY" missed="4" covered="3"/><counter type="METHOD" missed="2" covered="3"/><counter type="CLASS" missed="0" covered="1"/></sourcefile><sourcefile name="ArtifactTypeExcluded.java"><line nr="42" mi="0" ci="2" mb="0" cb="0"/><line nr="43" mi="0" ci="3" mb="0" cb="0"/><line nr="44" mi="0" ci="1" mb="0" cb="0"/><line nr="52" mi="0" ci="16" mb="0" cb="6"/><counter type="INSTRUCTION" missed="0" covered="22"/><counter type="BRANCH" missed="0" covered="6"/><counter type="LINE" missed="0" covered="4"/><counter type="COMPLEXITY" missed="0" covered="5"/><counter type="METHOD" missed="0" covered="2"/><counter type="CLASS" missed="0" covered="1"/></sourcefile><sourcefile name="Mshared998Util.java"><line nr="45" mi="0" ci="3" mb="0" cb="0"/><line nr="46" mi="0" ci="4" mb="0" cb="0"/><line nr="47" mi="0" ci="2" mb="1" cb="1"/><line nr="48" mi="0" ci="11" mb="0" cb="2"/><line nr="49" mi="0" ci="7" mb="0" cb="0"/><line nr="50" mi="0" ci="1" mb="0" cb="0"/><line nr="52" mi="0" ci="2" mb="0" cb="0"/><line nr="75" mi="0" ci="2" mb="0" cb="0"/><line nr="76" mi="0" ci="3" mb="0" cb="0"/><line nr="77" mi="0" ci="1" mb="0" cb="0"/><line nr="81" mi="0" ci="5" mb="0" cb="0"/><counter type="INSTRUCTION" missed="0" covered="41"/><counter type="BRANCH" missed="1" covered="3"/><counter type="LINE" missed="0" covered="11"/><counter type="COMPLEXITY" missed="1" covered="4"/><counter type="METHOD" missed="0" covered="3"/><counter type="CLASS" missed="0" covered="2"/></sourcefile><sourcefile name="CheckMojo.java"><line nr="45" mi="0" ci="2" mb="0" cb="0"/><line nr="50" mi="0" ci="4" mb="0" cb="0"/><line nr="63" mi="0" ci="2" mb="0" cb="0"/><line nr="64" mi="1" ci="0" mb="0" cb="0"/><line nr="65" mi="2" ci="0" mb="0" cb="0"/><line nr="66" mi="0" ci="1" mb="0" cb="0"/><line nr="67" mi="0" ci="2" mb="0" cb="0"/><line nr="68" mi="0" ci="12" mb="1" cb="1"/><line nr="69" mi="0" ci="6" mb="1" cb="1"/><line nr="70" mi="0" ci="2" mb="0" cb="0"/><line nr="71" mi="0" ci="1" mb="0" cb="0"/><line nr="73" mi="1" ci="0" mb="0" cb="0"/><line nr="74" mi="0" ci="2" mb="0" cb="0"/><line nr="85" mi="0" ci="3" mb="0" cb="0"/><line nr="97" mi="0" ci="2" mb="0" cb="0"/><line nr="110" mi="0" ci="3" mb="0" cb="0"/><line nr="111" mi="0" ci="6" mb="0" cb="0"/><line nr="125" mi="7" ci="0" mb="0" cb="0"/><line nr="126" mi="2" ci="0" mb="0" cb="0"/><counter type="INSTRUCTION" missed="13" covered="48"/><counter type="BRANCH" missed="2" covered="2"/><counter type="LINE" missed="5" covered="14"/><counter type="COMPLEXITY" missed="3" covered="5"/><counter type="METHOD" missed="1" covered="5"/><counter type="CLASS" missed="0" covered="1"/></sourcefile><sourcefile name="UpdateMojo.java"><line nr="47" mi="0" ci="3" mb="0" cb="0"/><line nr="56" mi="2" ci="0" mb="0" cb="0"/><line nr="70" mi="0" ci="2" mb="0" cb="0"/><line nr="71" mi="0" ci="3" mb="0" cb="0"/><line nr="73" mi="0" ci="5" mb="1" cb="1"/><line nr="74" mi="5" ci="0" mb="0" cb="0"/><line nr="76" mi="1" ci="0" mb="0" cb="0"/><line nr="77" mi="5" ci="0" mb="0" cb="0"/><line nr="78" mi="0" ci="1" mb="0" cb="0"/><line nr="79" mi="0" ci="3" mb="0" cb="0"/><line nr="80" mi="1" ci="0" mb="0" cb="0"/><line nr="81" mi="4" ci="0" mb="2" cb="0"/><line nr="82" mi="5" ci="0" mb="0" cb="0"/><line nr="84" mi="2" ci="0" mb="0" cb="0"/><line nr="85" mi="3" ci="0" mb="2" cb="0"/><line nr="86" mi="6" ci="0" mb="0" cb="0"/><line nr="88" mi="4" ci="0" mb="0" cb="0"/><line nr="89" mi="1" ci="0" mb="0" cb="0"/><line nr="90" mi="2" ci="0" mb="0" cb="0"/><line nr="91" mi="3" ci="0" mb="2" cb="0"/><line nr="92" mi="6" ci="0" mb="0" cb="0"/><line nr="94" mi="4" ci="0" mb="0" cb="0"/><line nr="96" mi="0" ci="3" mb="0" cb="0"/><line nr="98" mi="0" ci="1" mb="0" cb="0"/><line nr="108" mi="2" ci="0" mb="0" cb="0"/><line nr="120" mi="2" ci="0" mb="0" cb="0"/><line nr="133" mi="5" ci="0" mb="0" cb="0"/><line nr="147" mi="5" ci="0" mb="0" cb="0"/><counter type="INSTRUCTION" missed="68" covered="21"/><counter type="BRANCH" missed="7" covered="1"/><counter type="LINE" missed="20" covered="8"/><counter type="COMPLEXITY" missed="9" covered="2"/><counter type="METHOD" missed="5" covered="2"/><counter type="CLASS" missed="0" covered="1"/></sourcefile><sourcefile name="ProxyConfig.java"><line nr="25" mi="2" ci="0" mb="0" cb="0"/><line nr="34" mi="4" ci="0" mb="0" cb="0"/><line nr="47" mi="3" ci="0" mb="0" cb="0"/><line nr="56" mi="3" ci="0" mb="0" cb="0"/><line nr="57" mi="1" ci="0" mb="0" cb="0"/><line nr="65" mi="3" ci="0" mb="0" cb="0"/><line nr="74" mi="3" ci="0" mb="0" cb="0"/><line nr="75" mi="1" ci="0" mb="0" cb="0"/><line nr="83" mi="3" ci="0" mb="0" cb="0"/><line nr="92" mi="3" ci="0" mb="0" cb="0"/><line nr="93" mi="1" ci="0" mb="0" cb="0"/><counter type="INSTRUCTION" missed="27" covered="0"/><counter type="LINE" missed="11" covered="0"/><counter type="COMPLEXITY" missed="7" covered="0"/><counter type="METHOD" missed="7" covered="0"/><counter type="CLASS" missed="1" covered="0"/></sourcefile><counter type="INSTRUCTION" missed="2563" covered="3433"/><counter type="BRANCH" missed="417" covered="255"/><counter type="LINE" missed="564" covered="712"/><counter type="COMPLEXITY" missed="317" covered="147"/><counter type="METHOD" missed="48" covered="80"/><counter type="CLASS" missed="2" covered="11"/></package><package name="org/owasp/dependency_check_maven"><class name="org/owasp/dependency_check_maven/HelpMojo" sourcefilename="HelpMojo.java"><method name="&lt;init&gt;" desc="()V" line="28"><counter type="INSTRUCTION" missed="3" covered="0"/><counter type="LINE" missed="1" covered="0"/><counter type="COMPLEXITY" missed="1" covered="0"/><counter type="METHOD" missed="1" covered="0"/></method><method name="build" desc="()Lorg/w3c/dom/Document;" line="68"><counter type="INSTRUCTION" missed="51" covered="0"/><counter type="BRANCH" missed="2" covered="0"/><counter type="LINE" missed="13" covered="0"/><counter type="COMPLEXITY" missed="2" covered="0"/><counter type="METHOD" missed="1" covered="0"/></method><method name="execute" desc="()V" line="100"><counter type="INSTRUCTION" missed="154" covered="0"/><counter type="BRANCH" missed="20" covered="0"/><counter type="LINE" missed="31" covered="0"/><counter type="COMPLEXITY" missed="11" covered="0"/><counter type="METHOD" missed="1" covered="0"/></method><method name="isNotEmpty" desc="(Ljava/lang/String;)Z" line="165"><counter type="INSTRUCTION" missed="9" covered="0"/><counter type="BRANCH" missed="4" covered="0"/><counter type="LINE" missed="1" covered="0"/><counter type="COMPLEXITY" missed="3" covered="0"/><counter type="METHOD" missed="1" covered="0"/></method><method name="getValue" desc="(Lorg/w3c/dom/Node;Ljava/lang/String;)Ljava/lang/String;" line="171"><counter type="INSTRUCTION" missed="5" covered="0"/><counter type="LINE" missed="1" covered="0"/><counter type="COMPLEXITY" missed="1" covered="0"/><counter type="METHOD" missed="1" covered="0"/></method><method name="getSingleChild" desc="(Lorg/w3c/dom/Node;Ljava/lang/String;)Lorg/w3c/dom/Node;" line="177"><counter type="INSTRUCTION" missed="28" covered="0"/><counter type="BRANCH" missed="4" covered="0"/><counter type="LINE" missed="6" covered="0"/><counter type="COMPLEXITY" missed="3" covered="0"/><counter type="METHOD" missed="1" covered="0"/></method><method name="findNamedChild" desc="(Lorg/w3c/dom/Node;Ljava/lang/String;)Ljava/util/List;" line="191"><counter type="INSTRUCTION" missed="30" covered="0"/><counter type="BRANCH" missed="4" covered="0"/><counter type="LINE" missed="7" covered="0"/><counter type="COMPLEXITY" missed="3" covered="0"/><counter type="METHOD" missed="1" covered="0"/></method><method name="findSingleChild" desc="(Lorg/w3c/dom/Node;Ljava/lang/String;)Lorg/w3c/dom/Node;" line="207"><counter type="INSTRUCTION" missed="24" covered="0"/><counter type="BRANCH" missed="4" covered="0"/><counter type="LINE" missed="6" covered="0"/><counter type="COMPLEXITY" missed="3" covered="0"/><counter type="METHOD" missed="1" covered="0"/></method><method name="writeGoal" desc="(Ljava/lang/StringBuilder;Ljava/lang/String;Lorg/w3c/dom/Element;)V" line="222"><counter type="INSTRUCTION" missed="116" covered="0"/><counter type="BRANCH" missed="20" covered="0"/><counter type="LINE" missed="23" covered="0"/><counter type="COMPLEXITY" missed="11" covered="0"/><counter type="METHOD" missed="1" covered="0"/></method><method name="writeParameter" desc="(Ljava/lang/StringBuilder;Lorg/w3c/dom/Node;Lorg/w3c/dom/Node;)V" line="262"><counter type="INSTRUCTION" missed="100" covered="0"/><counter type="BRANCH" missed="18" covered="0"/><counter type="LINE" missed="22" covered="0"/><counter type="COMPLEXITY" missed="10" covered="0"/><counter type="METHOD" missed="1" covered="0"/></method><method name="repeat" desc="(Ljava/lang/String;I)Ljava/lang/String;" line="310"><counter type="INSTRUCTION" missed="22" covered="0"/><counter type="BRANCH" missed="2" covered="0"/><counter type="LINE" missed="4" covered="0"/><counter type="COMPLEXITY" missed="2" covered="0"/><counter type="METHOD" missed="1" covered="0"/></method><method name="append" desc="(Ljava/lang/StringBuilder;Ljava/lang/String;I)V" line="330"><counter type="INSTRUCTION" missed="24" covered="0"/><counter type="BRANCH" missed="2" covered="0"/><counter type="LINE" missed="4" covered="0"/><counter type="COMPLEXITY" missed="2" covered="0"/><counter type="METHOD" missed="1" covered="0"/></method><method name="toLines" desc="(Ljava/lang/String;III)Ljava/util/List;" line="348"><counter type="INSTRUCTION" missed="37" covered="0"/><counter type="BRANCH" missed="2" covered="0"/><counter type="LINE" missed="6" covered="0"/><counter type="COMPLEXITY" missed="2" covered="0"/><counter type="METHOD" missed="1" covered="0"/></method><method name="toLines" desc="(Ljava/util/List;Ljava/lang/String;II)V" line="372"><counter type="INSTRUCTION" missed="104" covered="0"/><counter type="BRANCH" missed="12" covered="0"/><counter type="LINE" missed="19" covered="0"/><counter type="COMPLEXITY" missed="7" covered="0"/><counter type="METHOD" missed="1" covered="0"/></method><method name="getIndentLevel" desc="(Ljava/lang/String;)I" line="421"><counter type="INSTRUCTION" missed="40" covered="0"/><counter type="BRANCH" missed="10" covered="0"/><counter type="LINE" missed="8" covered="0"/><counter type="COMPLEXITY" missed="6" covered="0"/><counter type="METHOD" missed="1" covered="0"/></method><method name="getPropertyFromExpression" desc="(Ljava/lang/String;)Ljava/lang/String;" line="439"><counter type="INSTRUCTION" missed="26" covered="0"/><counter type="BRANCH" missed="8" covered="0"/><counter type="LINE" missed="4" covered="0"/><counter type="COMPLEXITY" missed="5" covered="0"/><counter type="METHOD" missed="1" covered="0"/></method><counter type="INSTRUCTION" missed="773" covered="0"/><counter type="BRANCH" missed="112" covered="0"/><counter type="LINE" missed="156" covered="0"/><counter type="COMPLEXITY" missed="72" covered="0"/><counter type="METHOD" missed="16" covered="0"/><counter type="CLASS" missed="1" covered="0"/></class><sourcefile name="HelpMojo.java"><line nr="28" mi="3" ci="0" mb="0" cb="0"/><line nr="68" mi="4" ci="0" mb="0" cb="0"/><line nr="69" mi="5" ci="0" mb="0" cb="0"/><line nr="71" mi="2" ci="0" mb="2" cb="0"/><line nr="73" mi="5" ci="0" mb="0" cb="0"/><line nr="75" mi="2" ci="0" mb="0" cb="0"/><line nr="76" mi="3" ci="0" mb="0" cb="0"/><line nr="77" mi="6" ci="0" mb="0" cb="0"/><line nr="79" mi="1" ci="0" mb="0" cb="0"/><line nr="81" mi="7" ci="0" mb="0" cb="0"/><line nr="83" mi="1" ci="0" mb="0" cb="0"/><line nr="85" mi="7" ci="0" mb="0" cb="0"/><line nr="87" mi="1" ci="0" mb="0" cb="0"/><line nr="89" mi="7" ci="0" mb="0" cb="0"/><line nr="100" mi="3" ci="0" mb="2" cb="0"/><line nr="102" mi="4" ci="0" mb="0" cb="0"/><line nr="103" mi="3" ci="0" mb="0" cb="0"/><line nr="105" mi="3" ci="0" mb="2" cb="0"/><line nr="107" mi="4" ci="0" mb="0" cb="0"/><line nr="108" mi="3" ci="0" mb="0" cb="0"/><line nr="111" mi="3" ci="0" mb="0" cb="0"/><line nr="113" mi="4" ci="0" mb="0" cb="0"/><line nr="114" mi="4" ci="0" mb="0" cb="0"/><line nr="117" mi="4" ci="0" mb="0" cb="0"/><line nr="118" mi="4" ci="0" mb="0" cb="0"/><line nr="119" mi="9" ci="0" mb="0" cb="0"/><line nr="120" mi="7" ci="0" mb="4" cb="0"/><line nr="122" mi="8" ci="0" mb="0" cb="0"/><line nr="126" mi="3" ci="0" mb="2" cb="0"/><line nr="128" mi="6" ci="0" mb="0" cb="0"/><line nr="132" mi="5" ci="0" mb="0" cb="0"/><line nr="135" mi="7" ci="0" mb="0" cb="0"/><line nr="136" mi="5" ci="0" mb="0" cb="0"/><line nr="139" mi="4" ci="0" mb="0" cb="0"/><line nr="141" mi="4" ci="0" mb="0" cb="0"/><line nr="143" mi="4" ci="0" mb="0" cb="0"/><line nr="145" mi="7" ci="0" mb="4" cb="0"/><line nr="147" mi="14" ci="0" mb="2" cb="0"/><line nr="148" mi="5" ci="0" mb="0" cb="0"/><line nr="151" mi="10" ci="0" mb="2" cb="0"/><line nr="153" mi="6" ci="0" mb="0" cb="0"/><line nr="154" mi="1" ci="0" mb="0" cb="0"/><line nr="156" mi="4" ci="0" mb="2" cb="0"/><line nr="158" mi="5" ci="0" mb="0" cb="0"/><line nr="160" mi="1" ci="0" mb="0" cb="0"/><line nr="165" mi="9" ci="0" mb="4" cb="0"/><line nr="171" mi="5" ci="0" mb="0" cb="0"/><line nr="177" mi="4" ci="0" mb="0" cb="0"/><line nr="178" mi="3" ci="0" mb="2" cb="0"/><line nr="180" mi="6" ci="0" mb="0" cb="0"/><line nr="182" mi="4" ci="0" mb="2" cb="0"/><line nr="184" mi="6" ci="0" mb="0" cb="0"/><line nr="186" mi="5" ci="0" mb="0" cb="0"/><line nr="191" mi="4" ci="0" mb="0" cb="0"/><line nr="192" mi="3" ci="0" mb="0" cb="0"/><line nr="193" mi="8" ci="0" mb="2" cb="0"/><line nr="195" mi="4" ci="0" mb="0" cb="0"/><line nr="196" mi="5" ci="0" mb="2" cb="0"/><line nr="198" mi="4" ci="0" mb="0" cb="0"/><line nr="201" mi="2" ci="0" mb="0" cb="0"/><line nr="207" mi="4" ci="0" mb="0" cb="0"/><line nr="208" mi="3" ci="0" mb="2" cb="0"/><line nr="210" mi="2" ci="0" mb="0" cb="0"/><line nr="212" mi="4" ci="0" mb="2" cb="0"/><line nr="214" mi="6" ci="0" mb="0" cb="0"/><line nr="216" mi="5" ci="0" mb="0" cb="0"/><line nr="222" mi="4" ci="0" mb="0" cb="0"/><line nr="223" mi="4" ci="0" mb="0" cb="0"/><line nr="224" mi="4" ci="0" mb="0" cb="0"/><line nr="225" mi="12" ci="0" mb="6" cb="0"/><line nr="227" mi="7" ci="0" mb="0" cb="0"/><line nr="228" mi="4" ci="0" mb="0" cb="0"/><line nr="229" mi="6" ci="0" mb="4" cb="0"/><line nr="231" mi="7" ci="0" mb="0" cb="0"/><line nr="232" mi="5" ci="0" mb="4" cb="0"/><line nr="234" mi="5" ci="0" mb="0" cb="0"/><line nr="235" mi="7" ci="0" mb="0" cb="0"/><line nr="238" mi="2" ci="0" mb="2" cb="0"/><line nr="240" mi="6" ci="0" mb="0" cb="0"/><line nr="242" mi="5" ci="0" mb="0" cb="0"/><line nr="244" mi="3" ci="0" mb="2" cb="0"/><line nr="246" mi="4" ci="0" mb="0" cb="0"/><line nr="247" mi="4" ci="0" mb="0" cb="0"/><line nr="248" mi="5" ci="0" mb="0" cb="0"/><line nr="249" mi="5" ci="0" mb="0" cb="0"/><line nr="251" mi="10" ci="0" mb="2" cb="0"/><line nr="253" mi="5" ci="0" mb="0" cb="0"/><line nr="254" mi="1" ci="0" mb="0" cb="0"/><line nr="257" mi="1" ci="0" mb="0" cb="0"/><line nr="262" mi="4" ci="0" mb="0" cb="0"/><line nr="263" mi="4" ci="0" mb="0" cb="0"/><line nr="265" mi="2" ci="0" mb="0" cb="0"/><line nr="266" mi="2" ci="0" mb="2" cb="0"/><line nr="268" mi="5" ci="0" mb="0" cb="0"/><line nr="271" mi="2" ci="0" mb="0" cb="0"/><line nr="272" mi="6" ci="0" mb="4" cb="0"/><line nr="274" mi="5" ci="0" mb="0" cb="0"/><line nr="276" mi="7" ci="0" mb="0" cb="0"/><line nr="277" mi="4" ci="0" mb="0" cb="0"/><line nr="278" mi="6" ci="0" mb="4" cb="0"/><line nr="280" mi="7" ci="0" mb="0" cb="0"/><line nr="281" mi="5" ci="0" mb="0" cb="0"/><line nr="283" mi="3" ci="0" mb="2" cb="0"/><line nr="284" mi="5" ci="0" mb="0" cb="0"/><line nr="286" mi="6" ci="0" mb="2" cb="0"/><line nr="288" mi="5" ci="0" mb="0" cb="0"/><line nr="290" mi="6" ci="0" mb="4" cb="0"/><line nr="292" mi="4" ci="0" mb="0" cb="0"/><line nr="293" mi="6" ci="0" mb="0" cb="0"/><line nr="296" mi="5" ci="0" mb="0" cb="0"/><line nr="297" mi="1" ci="0" mb="0" cb="0"/><line nr="310" mi="8" ci="0" mb="0" cb="0"/><line nr="312" mi="7" ci="0" mb="2" cb="0"/><line nr="314" mi="4" ci="0" mb="0" cb="0"/><line nr="317" mi="3" ci="0" mb="0" cb="0"/><line nr="330" mi="16" ci="0" mb="2" cb="0"/><line nr="332" mi="6" ci="0" mb="0" cb="0"/><line nr="333" mi="1" ci="0" mb="0" cb="0"/><line nr="334" mi="1" ci="0" mb="0" cb="0"/><line nr="348" mi="4" ci="0" mb="0" cb="0"/><line nr="350" mi="4" ci="0" mb="0" cb="0"/><line nr="352" mi="4" ci="0" mb="0" cb="0"/><line nr="354" mi="16" ci="0" mb="2" cb="0"/><line nr="356" mi="7" ci="0" mb="0" cb="0"/><line nr="359" mi="2" ci="0" mb="0" cb="0"/><line nr="372" mi="3" ci="0" mb="0" cb="0"/><line nr="373" mi="5" ci="0" mb="0" cb="0"/><line nr="375" mi="4" ci="0" mb="0" cb="0"/><line nr="377" mi="16" ci="0" mb="2" cb="0"/><line nr="379" mi="3" ci="0" mb="2" cb="0"/><line nr="381" mi="7" ci="0" mb="2" cb="0"/><line nr="383" mi="5" ci="0" mb="0" cb="0"/><line nr="384" mi="3" ci="0" mb="0" cb="0"/><line nr="385" mi="9" ci="0" mb="0" cb="0"/><line nr="389" mi="4" ci="0" mb="0" cb="0"/><line nr="393" mi="8" ci="0" mb="2" cb="0"/><line nr="395" mi="4" ci="0" mb="0" cb="0"/><line nr="396" mi="3" ci="0" mb="2" cb="0"/><line nr="398" mi="12" ci="0" mb="0" cb="0"/><line nr="400" mi="3" ci="0" mb="2" cb="0"/><line nr="402" mi="5" ci="0" mb="0" cb="0"/><line nr="406" mi="4" ci="0" mb="0" cb="0"/><line nr="410" mi="5" ci="0" mb="0" cb="0"/><line nr="411" mi="1" ci="0" mb="0" cb="0"/><line nr="421" mi="2" ci="0" mb="0" cb="0"/><line nr="422" mi="13" ci="0" mb="4" cb="0"/><line nr="424" mi="1" ci="0" mb="0" cb="0"/><line nr="426" mi="15" ci="0" mb="4" cb="0"/><line nr="428" mi="5" ci="0" mb="2" cb="0"/><line nr="430" mi="1" ci="0" mb="0" cb="0"/><line nr="431" mi="1" ci="0" mb="0" cb="0"/><line nr="434" mi="2" ci="0" mb="0" cb="0"/><line nr="439" mi="12" ci="0" mb="6" cb="0"/><line nr="440" mi="4" ci="0" mb="2" cb="0"/><line nr="443" mi="8" ci="0" mb="0" cb="0"/><line nr="446" mi="2" ci="0" mb="0" cb="0"/><counter type="INSTRUCTION" missed="773" covered="0"/><counter type="BRANCH" missed="112" covered="0"/><counter type="LINE" missed="156" covered="0"/><counter type="COMPLEXITY" missed="72" covered="0"/><counter type="METHOD" missed="16" covered="0"/><counter type="CLASS" missed="1" covered="0"/></sourcefile><counter type="INSTRUCTION" missed="773" covered="0"/><counter type="BRANCH" missed="112" covered="0"/><counter type="LINE" missed="156" covered="0"/><counter type="COMPLEXITY" missed="72" covered="0"/><counter type="METHOD" missed="16" covered="0"/><counter type="CLASS" missed="1" covered="0"/></package><counter type="INSTRUCTION" missed="3336" covered="3433"/><counter type="BRANCH" missed="529" covered="255"/><counter type="LINE" missed="720" covered="712"/><counter type="COMPLEXITY" missed="389" covered="147"/><counter type="METHOD" missed="64" covered="80"/><counter type="CLASS" missed="3" covered="11"/></report>