<?xml version="1.0" encoding="UTF-8" standalone="yes"?><!DOCTYPE report PUBLIC "-//JACOCO//DTD Report 1.1//EN" "report.dtd"><report name="Dependency-Check Maven Plugin"><sessioninfo id="fv-az802-415-667d105b" start="1749294200434" dump="1749294203633"/><sessioninfo id="fv-az802-415-c88358e3" start="1749294241810" dump="1749294270008"/><sessioninfo id="fv-az802-415-dc19b9a9" start="1749294241797" dump="1749294284621"/><sessioninfo id="fv-az802-415-5a4eac5c" start="1749294241834" dump="1749294291118"/><sessioninfo id="fv-az802-415-52af0682" start="1749294270256" dump="1749294305444"/><sessioninfo id="fv-az802-415-976c27aa" start="1749294292012" dump="1749294313092"/><sessioninfo id="fv-az802-415-f992228c" start="1749294285451" dump="1749294320196"/><sessioninfo id="fv-az802-415-2ee85181" start="1749294314295" dump="1749294326384"/><sessioninfo id="fv-az802-415-821a77ba" start="1749294305934" dump="1749294331478"/><sessioninfo id="fv-az802-415-2fdb476d" start="1749294320833" dump="1749294341508"/><sessioninfo id="fv-az802-415-63dde7a0" start="1749294326942" dump="1749294349794"/><sessioninfo id="fv-az802-415-f09c9fe1" start="1749294332232" dump="1749294353024"/><sessioninfo id="fv-az802-415-18f2dfd" start="1749294342140" dump="1749294368258"/><sessioninfo id="fv-az802-415-c10bf24f" start="1749294241816" dump="1749294369361"/><sessioninfo id="fv-az802-415-94c7054b" start="1749294350820" dump="1749294372373"/><sessioninfo id="fv-az802-415-4d67b29c" start="1749294373232" dump="1749294389876"/><sessioninfo id="fv-az802-415-9661b69b" start="1749294368608" dump="1749294390156"/><sessioninfo id="fv-az802-415-a34db254" start="1749294353720" dump="1749294404314"/><sessioninfo id="fv-az802-415-8fb1f929" start="1749294390493" dump="1749294408446"/><sessioninfo id="fv-az802-415-cbd67d1a" start="1749294370207" dump="1749294415701"/><sessioninfo id="fv-az802-415-d1223b56" start="1749294408903" dump="1749294423419"/><sessioninfo id="fv-az802-415-43e419e3" start="1749294416022" dump="1749294427458"/><sessioninfo id="fv-az802-415-af24b15b" start="1749294404672" dump="1749294432821"/><sessioninfo id="fv-az802-415-4066c80c" start="1749294390208" dump="1749294436913"/><package name="org/owasp/dependencycheck/maven"><class name="org/owasp/dependencycheck/maven/ArtifactScopeExcluded" sourcefilename="ArtifactScopeExcluded.java"><method name="&lt;init&gt;" desc="(ZZZZ)V" line="60"><counter type="INSTRUCTION" missed="0" covered="15"/><counter type="LINE" missed="0" covered="6"/><counter type="COMPLEXITY" missed="0" covered="1"/><counter type="METHOD" missed="0" covered="1"/></method><method name="passes" desc="(Ljava/lang/String;)Z" line="77"><counter type="INSTRUCTION" missed="18" covered="32"/><counter type="BRANCH" missed="10" covered="12"/><counter type="LINE" missed="3" covered="8"/><counter type="COMPLEXITY" missed="7" covered="5"/><counter type="METHOD" missed="0" covered="1"/></method><counter type="INSTRUCTION" missed="18" covered="47"/><counter type="BRANCH" missed="10" covered="12"/><counter type="LINE" missed="3" covered="14"/><counter type="COMPLEXITY" missed="7" covered="6"/><counter type="METHOD" missed="0" covered="2"/><counter type="CLASS" missed="0" covered="1"/></class><class name="org/owasp/dependencycheck/maven/ProxyConfig" sourcefilename="ProxyConfig.java"><method name="&lt;init&gt;" desc="()V" line="25"><counter type="INSTRUCTION" missed="6" covered="0"/><counter type="LINE" missed="2" covered="0"/><counter type="COMPLEXITY" missed="1" covered="0"/><counter type="METHOD" missed="1" covered="0"/></method><method name="getHost" desc="()Ljava/lang/String;" line="47"><counter type="INSTRUCTION" missed="3" covered="0"/><counter type="LINE" missed="1" covered="0"/><counter type="COMPLEXITY" missed="1" covered="0"/><counter type="METHOD" missed="1" covered="0"/></method><method name="setHost" desc="(Ljava/lang/String;)V" line="56"><counter type="INSTRUCTION" missed="4" covered="0"/><counter type="LINE" missed="2" covered="0"/><counter type="COMPLEXITY" missed="1" covered="0"/><counter type="METHOD" missed="1" covered="0"/></method><method name="getPort" desc="()I" line="65"><counter type="INSTRUCTION" missed="3" covered="0"/><counter type="LINE" missed="1" covered="0"/><counter type="COMPLEXITY" missed="1" covered="0"/><counter type="METHOD" missed="1" covered="0"/></method><method name="setPort" desc="(I)V" line="74"><counter type="INSTRUCTION" missed="4" covered="0"/><counter type="LINE" missed="2" covered="0"/><counter type="COMPLEXITY" missed="1" covered="0"/><counter type="METHOD" missed="1" covered="0"/></method><method name="getServerId" desc="()Ljava/lang/String;" line="83"><counter type="INSTRUCTION" missed="3" covered="0"/><counter type="LINE" missed="1" covered="0"/><counter type="COMPLEXITY" missed="1" covered="0"/><counter type="METHOD" missed="1" covered="0"/></method><method name="setServerId" desc="(Ljava/lang/String;)V" line="92"><counter type="INSTRUCTION" missed="4" covered="0"/><counter type="LINE" missed="2" covered="0"/><counter type="COMPLEXITY" missed="1" covered="0"/><counter type="METHOD" missed="1" covered="0"/></method><counter type="INSTRUCTION" missed="27" covered="0"/><counter type="LINE" missed="11" covered="0"/><counter type="COMPLEXITY" missed="7" covered="0"/><counter type="METHOD" missed="7" covered="0"/><counter type="CLASS" missed="1" covered="0"/></class><class name="org/owasp/dependencycheck/maven/PurgeMojo" sourcefilename="PurgeMojo.java"><method name="&lt;init&gt;" desc="()V" line="45"><counter type="INSTRUCTION" missed="3" covered="0"/><counter type="LINE" missed="1" covered="0"/><counter type="COMPLEXITY" missed="1" covered="0"/><counter type="METHOD" missed="1" covered="0"/></method><method name="canGenerateReport" desc="()Z" line="54"><counter type="INSTRUCTION" missed="2" covered="0"/><counter type="LINE" missed="1" covered="0"/><counter type="COMPLEXITY" missed="1" covered="0"/><counter type="METHOD" missed="1" covered="0"/></method><method name="runCheck" desc="()V" line="67"><counter type="INSTRUCTION" missed="39" covered="0"/><counter type="BRANCH" missed="2" covered="0"/><counter type="LINE" missed="11" covered="0"/><counter type="COMPLEXITY" missed="2" covered="0"/><counter type="METHOD" missed="1" covered="0"/></method><method name="getName" desc="(Ljava/util/Locale;)Ljava/lang/String;" line="92"><counter type="INSTRUCTION" missed="2" covered="0"/><counter type="LINE" missed="1" covered="0"/><counter type="COMPLEXITY" missed="1" covered="0"/><counter type="METHOD" missed="1" covered="0"/></method><method name="getDescription" desc="(Ljava/util/Locale;)Ljava/lang/String;" line="104"><counter type="INSTRUCTION" missed="2" covered="0"/><counter type="LINE" missed="1" covered="0"/><counter type="COMPLEXITY" missed="1" covered="0"/><counter type="METHOD" missed="1" covered="0"/></method><method name="scanDependencies" desc="(Lorg/owasp/dependencycheck/Engine;)Lorg/owasp/dependencycheck/exception/ExceptionCollection;" line="116"><counter type="INSTRUCTION" missed="5" covered="0"/><counter type="LINE" missed="1" covered="0"/><counter type="COMPLEXITY" missed="1" covered="0"/><counter type="METHOD" missed="1" covered="0"/></method><method name="scanPlugins" desc="(Lorg/owasp/dependencycheck/Engine;Lorg/owasp/dependencycheck/exception/ExceptionCollection;)Lorg/owasp/dependencycheck/exception/ExceptionCollection;" line="130"><counter type="INSTRUCTION" missed="5" covered="0"/><counter type="LINE" missed="1" covered="0"/><counter type="COMPLEXITY" missed="1" covered="0"/><counter type="METHOD" missed="1" covered="0"/></method><counter type="INSTRUCTION" missed="58" covered="0"/><counter type="BRANCH" missed="2" covered="0"/><counter type="LINE" missed="17" covered="0"/><counter type="COMPLEXITY" missed="8" covered="0"/><counter type="METHOD" missed="7" covered="0"/><counter type="CLASS" missed="1" covered="0"/></class><class name="org/owasp/dependencycheck/maven/Mshared998Util$M31ArtifactResult" sourcefilename="Mshared998Util.java"><method name="&lt;init&gt;" desc="(Lorg/eclipse/aether/resolution/ArtifactResult;)V" line="75"><counter type="INSTRUCTION" missed="0" covered="6"/><counter type="LINE" missed="0" covered="3"/><counter type="COMPLEXITY" missed="0" covered="1"/><counter type="METHOD" missed="0" covered="1"/></method><method name="getArtifact" desc="()Lorg/apache/maven/artifact/Artifact;" line="81"><counter type="INSTRUCTION" missed="0" covered="5"/><counter type="LINE" missed="0" covered="1"/><counter type="COMPLEXITY" missed="0" covered="1"/><counter type="METHOD" missed="0" covered="1"/></method><counter type="INSTRUCTION" missed="0" covered="11"/><counter type="LINE" missed="0" covered="4"/><counter type="COMPLEXITY" missed="0" covered="2"/><counter type="METHOD" missed="0" covered="2"/><counter type="CLASS" missed="0" covered="1"/></class><class name="org/owasp/dependencycheck/maven/ArtifactTypeExcluded" sourcefilename="ArtifactTypeExcluded.java"><method name="&lt;init&gt;" desc="(Ljava/lang/String;)V" line="42"><counter type="INSTRUCTION" missed="0" covered="6"/><counter type="LINE" missed="0" covered="3"/><counter type="COMPLEXITY" missed="0" covered="1"/><counter type="METHOD" missed="0" covered="1"/></method><method name="passes" desc="(Ljava/lang/String;)Z" line="52"><counter type="INSTRUCTION" missed="0" covered="16"/><counter type="BRANCH" missed="0" covered="6"/><counter type="LINE" missed="0" covered="1"/><counter type="COMPLEXITY" missed="0" covered="4"/><counter type="METHOD" missed="0" covered="1"/></method><counter type="INSTRUCTION" missed="0" covered="22"/><counter type="BRANCH" missed="0" covered="6"/><counter type="LINE" missed="0" covered="4"/><counter type="COMPLEXITY" missed="0" covered="5"/><counter type="METHOD" missed="0" covered="2"/><counter type="CLASS" missed="0" covered="1"/></class><class name="org/owasp/dependencycheck/maven/UpdateMojo" sourcefilename="UpdateMojo.java"><method name="&lt;init&gt;" desc="()V" line="47"><counter type="INSTRUCTION" missed="0" covered="3"/><counter type="LINE" missed="0" covered="1"/><counter type="COMPLEXITY" missed="0" covered="1"/><counter type="METHOD" missed="0" covered="1"/></method><method name="canGenerateReport" desc="()Z" line="56"><counter type="INSTRUCTION" missed="2" covered="0"/><counter type="LINE" missed="1" covered="0"/><counter type="COMPLEXITY" missed="1" covered="0"/><counter type="METHOD" missed="1" covered="0"/></method><method name="runCheck" desc="()V" line="70"><counter type="INSTRUCTION" missed="52" covered="18"/><counter type="BRANCH" missed="7" covered="1"/><counter type="LINE" missed="15" covered="7"/><counter type="COMPLEXITY" missed="4" covered="1"/><counter type="METHOD" missed="0" covered="1"/></method><method name="getName" desc="(Ljava/util/Locale;)Ljava/lang/String;" line="108"><counter type="INSTRUCTION" missed="2" covered="0"/><counter type="LINE" missed="1" covered="0"/><counter type="COMPLEXITY" missed="1" covered="0"/><counter type="METHOD" missed="1" covered="0"/></method><method name="getDescription" desc="(Ljava/util/Locale;)Ljava/lang/String;" line="120"><counter type="INSTRUCTION" missed="2" covered="0"/><counter type="LINE" missed="1" covered="0"/><counter type="COMPLEXITY" missed="1" covered="0"/><counter type="METHOD" missed="1" covered="0"/></method><method name="scanDependencies" desc="(Lorg/owasp/dependencycheck/Engine;)Lorg/owasp/dependencycheck/exception/ExceptionCollection;" line="133"><counter type="INSTRUCTION" missed="5" covered="0"/><counter type="LINE" missed="1" covered="0"/><counter type="COMPLEXITY" missed="1" covered="0"/><counter type="METHOD" missed="1" covered="0"/></method><method name="scanPlugins" desc="(Lorg/owasp/dependencycheck/Engine;Lorg/owasp/dependencycheck/exception/ExceptionCollection;)Lorg/owasp/dependencycheck/exception/ExceptionCollection;" line="147"><counter type="INSTRUCTION" missed="5" covered="0"/><counter type="LINE" missed="1" covered="0"/><counter type="COMPLEXITY" missed="1" covered="0"/><counter type="METHOD" missed="1" covered="0"/></method><counter type="INSTRUCTION" missed="68" covered="21"/><counter type="BRANCH" missed="7" covered="1"/><counter type="LINE" missed="20" covered="8"/><counter type="COMPLEXITY" missed="9" covered="2"/><counter type="METHOD" missed="5" covered="2"/><counter type="CLASS" missed="0" covered="1"/></class><class name="org/owasp/dependencycheck/maven/BaseDependencyCheckMojo" sourcefilename="BaseDependencyCheckMojo.java"><method name="&lt;init&gt;" desc="()V" line="122"><counter type="INSTRUCTION" missed="0" covered="53"/><counter type="LINE" missed="0" covered="17"/><counter type="COMPLEXITY" missed="0" covered="1"/><counter type="METHOD" missed="0" covered="1"/></method><method name="artifactsMatch" desc="(Lorg/apache/maven/model/Dependency;Lorg/apache/maven/artifact/Artifact;)Z" line="1234"><counter type="INSTRUCTION" missed="22" covered="0"/><counter type="BRANCH" missed="6" covered="0"/><counter type="LINE" missed="3" covered="0"/><counter type="COMPLEXITY" missed="4" covered="0"/><counter type="METHOD" missed="1" covered="0"/></method><method name="isEqualOrNull" desc="(Ljava/lang/String;Ljava/lang/String;)Z" line="1249"><counter type="INSTRUCTION" missed="14" covered="0"/><counter type="BRANCH" missed="8" covered="0"/><counter type="LINE" missed="1" covered="0"/><counter type="COMPLEXITY" missed="5" covered="0"/><counter type="METHOD" missed="1" covered="0"/></method><method name="execute" desc="()V" line="1261"><counter type="INSTRUCTION" missed="8" covered="21"/><counter type="BRANCH" missed="1" covered="1"/><counter type="LINE" missed="1" covered="6"/><counter type="COMPLEXITY" missed="1" covered="1"/><counter type="METHOD" missed="0" covered="1"/></method><method name="isGeneratingSite" desc="()Z" line="1277"><counter type="INSTRUCTION" missed="3" covered="0"/><counter type="LINE" missed="1" covered="0"/><counter type="COMPLEXITY" missed="1" covered="0"/><counter type="METHOD" missed="1" covered="0"/></method><method name="getConnectionString" desc="()Ljava/lang/String;" line="1286"><counter type="INSTRUCTION" missed="3" covered="0"/><counter type="LINE" missed="1" covered="0"/><counter type="COMPLEXITY" missed="1" covered="0"/><counter type="METHOD" missed="1" covered="0"/></method><method name="isFailOnError" desc="()Z" line="1295"><counter type="INSTRUCTION" missed="0" covered="3"/><counter type="LINE" missed="0" covered="1"/><counter type="COMPLEXITY" missed="0" covered="1"/><counter type="METHOD" missed="0" covered="1"/></method><method name="generate" desc="(Lorg/apache/maven/doxia/sink/Sink;Ljava/util/Locale;)V" line="1306"><counter type="INSTRUCTION" missed="43" covered="0"/><counter type="BRANCH" missed="2" covered="0"/><counter type="LINE" missed="13" covered="0"/><counter type="COMPLEXITY" missed="2" covered="0"/><counter type="METHOD" missed="1" covered="0"/></method><method name="getCorrectOutputDirectory" desc="()Ljava/io/File;" line="1332"><counter type="INSTRUCTION" missed="5" covered="0"/><counter type="LINE" missed="1" covered="0"/><counter type="COMPLEXITY" missed="1" covered="0"/><counter type="METHOD" missed="1" covered="0"/></method><method name="getCorrectOutputDirectory" desc="(Lorg/apache/maven/project/MavenProject;)Ljava/io/File;" line="1343"><counter type="INSTRUCTION" missed="21" covered="12"/><counter type="BRANCH" missed="6" covered="2"/><counter type="LINE" missed="4" covered="3"/><counter type="COMPLEXITY" missed="4" covered="1"/><counter type="METHOD" missed="0" covered="1"/></method><method name="scanArtifacts" desc="(Lorg/apache/maven/project/MavenProject;Lorg/owasp/dependencycheck/Engine;)Lorg/owasp/dependencycheck/exception/ExceptionCollection;" line="1365"><counter type="INSTRUCTION" missed="0" covered="6"/><counter type="LINE" missed="0" covered="1"/><counter type="COMPLEXITY" missed="0" covered="1"/><counter type="METHOD" missed="0" covered="1"/></method><method name="scanArtifacts" desc="(Lorg/apache/maven/project/MavenProject;Lorg/owasp/dependencycheck/Engine;Z)Lorg/owasp/dependencycheck/exception/ExceptionCollection;" line="1380"><counter type="INSTRUCTION" missed="21" covered="72"/><counter type="LINE" missed="4" covered="10"/><counter type="COMPLEXITY" missed="0" covered="1"/><counter type="METHOD" missed="0" covered="1"/></method><method name="scanPlugins" desc="(Lorg/apache/maven/project/MavenProject;Lorg/owasp/dependencycheck/Engine;Lorg/owasp/dependencycheck/exception/ExceptionCollection;)Lorg/owasp/dependencycheck/exception/ExceptionCollection;" line="1420"><counter type="INSTRUCTION" missed="130" covered="0"/><counter type="BRANCH" missed="4" covered="0"/><counter type="LINE" missed="29" covered="0"/><counter type="COMPLEXITY" missed="3" covered="0"/><counter type="METHOD" missed="1" covered="0"/></method><method name="addPluginToDependencies" desc="(Lorg/apache/maven/project/MavenProject;Lorg/owasp/dependencycheck/Engine;Lorg/apache/maven/artifact/Artifact;Ljava/lang/String;Lorg/owasp/dependencycheck/exception/ExceptionCollection;)Lorg/owasp/dependencycheck/exception/ExceptionCollection;" line="1460"><counter type="INSTRUCTION" missed="157" covered="0"/><counter type="BRANCH" missed="26" covered="0"/><counter type="LINE" missed="42" covered="0"/><counter type="COMPLEXITY" missed="14" covered="0"/><counter type="METHOD" missed="1" covered="0"/></method><method name="buildReference" desc="(Ljava/lang/String;Ljava/lang/String;Ljava/lang/String;)Ljava/lang/String;" line="1521"><counter type="INSTRUCTION" missed="14" covered="16"/><counter type="LINE" missed="3" covered="4"/><counter type="COMPLEXITY" missed="0" covered="1"/><counter type="METHOD" missed="0" covered="1"/></method><method name="resolveArtifactDependencies" desc="(Lorg/apache/maven/shared/transfer/dependencies/DependableCoordinate;Lorg/apache/maven/project/MavenProject;)Ljava/util/Set;" line="1533"><counter type="INSTRUCTION" missed="35" covered="0"/><counter type="BRANCH" missed="2" covered="0"/><counter type="LINE" missed="7" covered="0"/><counter type="COMPLEXITY" missed="2" covered="0"/><counter type="METHOD" missed="1" covered="0"/></method><method name="toDependencyNode" desc="(Ljava/util/List;Lorg/apache/maven/project/ProjectBuildingRequest;Lorg/apache/maven/shared/dependency/graph/DependencyNode;Lorg/apache/maven/model/Dependency;)Lorg/apache/maven/shared/dependency/graph/DependencyNode;" line="1561"><counter type="INSTRUCTION" missed="31" covered="112"/><counter type="BRANCH" missed="8" covered="12"/><counter type="LINE" missed="8" covered="26"/><counter type="COMPLEXITY" missed="7" covered="4"/><counter type="METHOD" missed="0" covered="1"/></method><method name="findVersion" desc="(Ljava/util/List;Ljava/lang/String;Ljava/lang/String;)Ljava/lang/String;" line="1621"><counter type="INSTRUCTION" missed="6" covered="13"/><counter type="BRANCH" missed="1" covered="1"/><counter type="LINE" missed="1" covered="4"/><counter type="COMPLEXITY" missed="1" covered="1"/><counter type="METHOD" missed="0" covered="1"/></method><method name="collectDependencyManagementDependencies" desc="(Lorg/owasp/dependencycheck/Engine;Lorg/apache/maven/project/ProjectBuildingRequest;Lorg/apache/maven/project/MavenProject;Ljava/util/List;Z)Lorg/owasp/dependencycheck/exception/ExceptionCollection;" line="1643"><counter type="INSTRUCTION" missed="10" covered="79"/><counter type="BRANCH" missed="6" covered="8"/><counter type="LINE" missed="3" covered="17"/><counter type="COMPLEXITY" missed="5" covered="3"/><counter type="METHOD" missed="0" covered="1"/></method><method name="collectMavenDependencies" desc="(Lorg/owasp/dependencycheck/Engine;Lorg/apache/maven/project/MavenProject;Ljava/util/Map;Lorg/apache/maven/project/ProjectBuildingRequest;Z)Lorg/owasp/dependencycheck/exception/ExceptionCollection;" line="1692"><counter type="INSTRUCTION" missed="0" covered="91"/><counter type="BRANCH" missed="0" covered="6"/><counter type="LINE" missed="0" covered="13"/><counter type="COMPLEXITY" missed="0" covered="4"/><counter type="METHOD" missed="0" covered="1"/></method><method name="findInAllDeps" desc="(Ljava/util/List;Lorg/apache/maven/artifact/Artifact;Lorg/apache/maven/project/MavenProject;)Lorg/apache/maven/artifact/Artifact;" line="1726"><counter type="INSTRUCTION" missed="0" covered="43"/><counter type="BRANCH" missed="0" covered="6"/><counter type="LINE" missed="0" covered="10"/><counter type="COMPLEXITY" missed="0" covered="4"/><counter type="METHOD" missed="0" covered="1"/></method><method name="sameArtifact" desc="(Lorg/apache/maven/shared/transfer/artifact/resolve/ArtifactResult;Lorg/apache/maven/artifact/Artifact;)Z" line="1750"><counter type="INSTRUCTION" missed="0" covered="75"/><counter type="BRANCH" missed="2" covered="10"/><counter type="LINE" missed="0" covered="11"/><counter type="COMPLEXITY" missed="2" covered="5"/><counter type="METHOD" missed="0" covered="1"/></method><method name="createProjectReferenceName" desc="(Lorg/apache/maven/project/MavenProject;Lorg/apache/maven/shared/dependency/graph/DependencyNode;)Ljava/lang/String;" line="1776"><counter type="INSTRUCTION" missed="0" covered="7"/><counter type="LINE" missed="0" covered="1"/><counter type="COMPLEXITY" missed="0" covered="1"/><counter type="METHOD" missed="0" covered="1"/></method><method name="collectDependencies" desc="(Lorg/owasp/dependencycheck/Engine;Lorg/apache/maven/project/MavenProject;Ljava/util/Map;Lorg/apache/maven/project/ProjectBuildingRequest;Z)Lorg/owasp/dependencycheck/exception/ExceptionCollection;" line="1796"><counter type="INSTRUCTION" missed="45" covered="272"/><counter type="BRANCH" missed="12" covered="14"/><counter type="LINE" missed="14" covered="58"/><counter type="COMPLEXITY" missed="9" covered="5"/><counter type="METHOD" missed="0" covered="1"/></method><method name="addReactorDependency" desc="(Lorg/owasp/dependencycheck/Engine;Lorg/apache/maven/artifact/Artifact;Lorg/apache/maven/project/MavenProject;)Z" line="1908"><counter type="INSTRUCTION" missed="0" covered="7"/><counter type="LINE" missed="0" covered="1"/><counter type="COMPLEXITY" missed="0" covered="1"/><counter type="METHOD" missed="0" covered="1"/></method><method name="addVirtualDependencyFromReactor" desc="(Lorg/owasp/dependencycheck/Engine;Lorg/apache/maven/artifact/Artifact;Lorg/apache/maven/project/MavenProject;Ljava/lang/String;)Z" line="1929"><counter type="INSTRUCTION" missed="77" covered="274"/><counter type="BRANCH" missed="13" covered="7"/><counter type="LINE" missed="15" covered="43"/><counter type="COMPLEXITY" missed="9" covered="2"/><counter type="METHOD" missed="0" covered="1"/></method><method name="newDependency" desc="(Lorg/apache/maven/project/MavenProject;)Lorg/owasp/dependencycheck/dependency/Dependency;" line="2004"><counter type="INSTRUCTION" missed="0" covered="40"/><counter type="BRANCH" missed="0" covered="4"/><counter type="LINE" missed="0" covered="8"/><counter type="COMPLEXITY" missed="0" covered="3"/><counter type="METHOD" missed="0" covered="1"/></method><method name="addSnapshotReactorDependency" desc="(Lorg/owasp/dependencycheck/Engine;Lorg/apache/maven/artifact/Artifact;Lorg/apache/maven/project/MavenProject;)Z" line="2029"><counter type="INSTRUCTION" missed="2" covered="10"/><counter type="BRANCH" missed="1" covered="1"/><counter type="LINE" missed="1" covered="2"/><counter type="COMPLEXITY" missed="1" covered="1"/><counter type="METHOD" missed="0" covered="1"/></method><method name="newResolveArtifactProjectBuildingRequest" desc="(Lorg/apache/maven/project/MavenProject;Ljava/util/List;)Lorg/apache/maven/project/ProjectBuildingRequest;" line="2044"><counter type="INSTRUCTION" missed="0" covered="16"/><counter type="LINE" missed="0" covered="4"/><counter type="COMPLEXITY" missed="0" covered="1"/><counter type="METHOD" missed="0" covered="1"/></method><method name="runCheck" desc="()V" line="2059"><counter type="INSTRUCTION" missed="65" covered="92"/><counter type="BRANCH" missed="13" covered="11"/><counter type="LINE" missed="16" covered="24"/><counter type="COMPLEXITY" missed="9" covered="4"/><counter type="METHOD" missed="0" covered="1"/></method><method name="handleAnalysisExceptions" desc="(Lorg/owasp/dependencycheck/exception/ExceptionCollection;Lorg/owasp/dependencycheck/exception/ExceptionCollection;)Lorg/owasp/dependencycheck/exception/ExceptionCollection;" line="2129"><counter type="INSTRUCTION" missed="50" covered="27"/><counter type="BRANCH" missed="9" covered="3"/><counter type="LINE" missed="11" covered="7"/><counter type="COMPLEXITY" missed="6" covered="1"/><counter type="METHOD" missed="0" covered="1"/></method><method name="getReportOutputDirectory" desc="()Ljava/io/File;" line="2183"><counter type="INSTRUCTION" missed="3" covered="0"/><counter type="LINE" missed="1" covered="0"/><counter type="COMPLEXITY" missed="1" covered="0"/><counter type="METHOD" missed="1" covered="0"/></method><method name="setReportOutputDirectory" desc="(Ljava/io/File;)V" line="2193"><counter type="INSTRUCTION" missed="0" covered="4"/><counter type="LINE" missed="0" covered="2"/><counter type="COMPLEXITY" missed="0" covered="1"/><counter type="METHOD" missed="0" covered="1"/></method><method name="getOutputDirectory" desc="()Ljava/io/File;" line="2202"><counter type="INSTRUCTION" missed="3" covered="0"/><counter type="LINE" missed="1" covered="0"/><counter type="COMPLEXITY" missed="1" covered="0"/><counter type="METHOD" missed="1" covered="0"/></method><method name="isExternalReport" desc="()Z" line="2213"><counter type="INSTRUCTION" missed="0" covered="2"/><counter type="LINE" missed="0" covered="1"/><counter type="COMPLEXITY" missed="0" covered="1"/><counter type="METHOD" missed="0" covered="1"/></method><method name="getOutputName" desc="()Ljava/lang/String;" line="2223"><counter type="INSTRUCTION" missed="50" covered="9"/><counter type="BRANCH" missed="17" covered="1"/><counter type="LINE" missed="14" covered="3"/><counter type="COMPLEXITY" missed="9" covered="1"/><counter type="METHOD" missed="0" covered="1"/></method><method name="getCategoryName" desc="()Ljava/lang/String;" line="2251"><counter type="INSTRUCTION" missed="0" covered="2"/><counter type="LINE" missed="0" covered="1"/><counter type="COMPLEXITY" missed="0" covered="1"/><counter type="METHOD" missed="0" covered="1"/></method><method name="initializeEngine" desc="()Lorg/owasp/dependencycheck/Engine;" line="2266"><counter type="INSTRUCTION" missed="18" covered="13"/><counter type="BRANCH" missed="2" covered="0"/><counter type="LINE" missed="4" covered="4"/><counter type="COMPLEXITY" missed="1" covered="1"/><counter type="METHOD" missed="0" covered="1"/></method><method name="populateSettings" desc="()V" line="2286"><counter type="INSTRUCTION" missed="272" covered="769"/><counter type="BRANCH" missed="47" covered="15"/><counter type="LINE" missed="61" covered="135"/><counter type="COMPLEXITY" missed="30" covered="2"/><counter type="METHOD" missed="0" covered="1"/></method><method name="configureCredentials" desc="(Ljava/lang/String;Ljava/lang/String;Ljava/lang/String;Ljava/lang/String;Ljava/lang/String;Ljava/lang/String;Ljava/lang/String;)V" line="2560"><counter type="INSTRUCTION" missed="39" covered="18"/><counter type="BRANCH" missed="9" covered="1"/><counter type="LINE" missed="7" covered="5"/><counter type="COMPLEXITY" missed="5" covered="1"/><counter type="METHOD" missed="0" covered="1"/></method><method name="configureFromServer" desc="(Lorg/apache/maven/settings/Server;Ljava/lang/String;Ljava/lang/String;Ljava/lang/String;Ljava/lang/String;)V" line="2592"><counter type="INSTRUCTION" missed="77" covered="0"/><counter type="BRANCH" missed="10" covered="0"/><counter type="LINE" missed="17" covered="0"/><counter type="COMPLEXITY" missed="6" covered="0"/><counter type="METHOD" missed="1" covered="0"/></method><method name="mergeNonProxyHosts" desc="(Ljava/lang/String;Ljava/lang/String;Ljava/lang/String;)Ljava/lang/String;" line="2624"><counter type="INSTRUCTION" missed="32" covered="0"/><counter type="LINE" missed="5" covered="0"/><counter type="COMPLEXITY" missed="1" covered="0"/><counter type="METHOD" missed="1" covered="0"/></method><method name="setProxyServerSysPropsFromMavenProxy" desc="(Lorg/apache/maven/settings/Proxy;Ljava/lang/String;)V" line="2632"><counter type="INSTRUCTION" missed="73" covered="0"/><counter type="BRANCH" missed="12" covered="0"/><counter type="LINE" missed="14" covered="0"/><counter type="COMPLEXITY" missed="7" covered="0"/><counter type="METHOD" missed="1" covered="0"/></method><method name="configureServerCredentials" desc="(Ljava/lang/String;Ljava/lang/String;Ljava/lang/String;)V" line="2664"><counter type="INSTRUCTION" missed="46" covered="11"/><counter type="BRANCH" missed="2" covered="0"/><counter type="LINE" missed="4" covered="3"/><counter type="COMPLEXITY" missed="1" covered="1"/><counter type="METHOD" missed="0" covered="1"/></method><method name="configureServerCredentialsApiKey" desc="(Ljava/lang/String;Ljava/lang/String;)V" line="2683"><counter type="INSTRUCTION" missed="10" covered="0"/><counter type="LINE" missed="2" covered="0"/><counter type="COMPLEXITY" missed="1" covered="0"/><counter type="METHOD" missed="1" covered="0"/></method><method name="logProblems" desc="(Ljava/util/List;Ljava/lang/String;)V" line="2696"><counter type="INSTRUCTION" missed="59" covered="0"/><counter type="BRANCH" missed="6" covered="0"/><counter type="LINE" missed="12" covered="0"/><counter type="COMPLEXITY" missed="4" covered="0"/><counter type="METHOD" missed="1" covered="0"/></method><method name="determineSuppressions" desc="()[Ljava/lang/String;" line="2717"><counter type="INSTRUCTION" missed="9" covered="26"/><counter type="BRANCH" missed="1" covered="3"/><counter type="LINE" missed="1" covered="6"/><counter type="COMPLEXITY" missed="1" covered="2"/><counter type="METHOD" missed="0" covered="1"/></method><method name="muteNoisyLoggers" desc="()V" line="2733"><counter type="INSTRUCTION" missed="0" covered="39"/><counter type="BRANCH" missed="0" covered="4"/><counter type="LINE" missed="0" covered="7"/><counter type="COMPLEXITY" missed="0" covered="3"/><counter type="METHOD" missed="0" covered="1"/></method><method name="getMavenProxy" desc="(Ljava/lang/String;)Lorg/apache/maven/settings/Proxy;" line="2753"><counter type="INSTRUCTION" missed="44" covered="14"/><counter type="BRANCH" missed="15" covered="3"/><counter type="LINE" missed="9" covered="4"/><counter type="COMPLEXITY" missed="9" covered="1"/><counter type="METHOD" missed="0" covered="1"/></method><method name="getProject" desc="()Lorg/apache/maven/project/MavenProject;" line="2785"><counter type="INSTRUCTION" missed="0" covered="3"/><counter type="LINE" missed="0" covered="1"/><counter type="COMPLEXITY" missed="0" covered="1"/><counter type="METHOD" missed="0" covered="1"/></method><method name="getReactorProjects" desc="()Ljava/util/List;" line="2794"><counter type="INSTRUCTION" missed="0" covered="3"/><counter type="LINE" missed="0" covered="1"/><counter type="COMPLEXITY" missed="0" covered="1"/><counter type="METHOD" missed="0" covered="1"/></method><method name="getFormats" desc="()Ljava/util/Set;" line="2803"><counter type="INSTRUCTION" missed="10" covered="41"/><counter type="BRANCH" missed="5" covered="5"/><counter type="LINE" missed="1" covered="8"/><counter type="COMPLEXITY" missed="5" covered="1"/><counter type="METHOD" missed="0" covered="1"/></method><method name="getExcludes" desc="()Ljava/util/List;" line="2829"><counter type="INSTRUCTION" missed="5" covered="6"/><counter type="BRANCH" missed="1" covered="1"/><counter type="LINE" missed="1" covered="2"/><counter type="COMPLEXITY" missed="1" covered="1"/><counter type="METHOD" missed="0" covered="1"/></method><method name="getArtifactScopeExcluded" desc="()Lorg/owasp/dependencycheck/utils/Filter;" line="2841"><counter type="INSTRUCTION" missed="0" covered="3"/><counter type="LINE" missed="0" covered="1"/><counter type="COMPLEXITY" missed="0" covered="1"/><counter type="METHOD" missed="0" covered="1"/></method><method name="getSettings" desc="()Lorg/owasp/dependencycheck/utils/Settings;" line="2850"><counter type="INSTRUCTION" missed="0" covered="3"/><counter type="LINE" missed="0" covered="1"/><counter type="COMPLEXITY" missed="0" covered="1"/><counter type="METHOD" missed="0" covered="1"/></method><method name="checkForFailure" desc="([Lorg/owasp/dependencycheck/dependency/Dependency;)V" line="2863"><counter type="INSTRUCTION" missed="153" covered="124"/><counter type="BRANCH" missed="40" covered="20"/><counter type="LINE" missed="25" covered="13"/><counter type="COMPLEXITY" missed="28" covered="3"/><counter type="METHOD" missed="0" covered="1"/></method><method name="showSummary" desc="(Lorg/apache/maven/project/MavenProject;[Lorg/owasp/dependencycheck/dependency/Dependency;)V" line="2931"><counter type="INSTRUCTION" missed="0" covered="8"/><counter type="BRANCH" missed="1" covered="1"/><counter type="LINE" missed="0" covered="3"/><counter type="COMPLEXITY" missed="1" covered="1"/><counter type="METHOD" missed="0" covered="1"/></method><method name="scanDependencyNode" desc="(Lorg/apache/maven/shared/dependency/graph/DependencyNode;Lorg/apache/maven/shared/dependency/graph/DependencyNode;Lorg/owasp/dependencycheck/Engine;Lorg/apache/maven/project/MavenProject;Ljava/util/List;Lorg/apache/maven/project/ProjectBuildingRequest;ZLorg/owasp/dependencycheck/exception/ExceptionCollection;)Lorg/owasp/dependencycheck/exception/ExceptionCollection;" line="2941"><counter type="INSTRUCTION" missed="283" covered="167"/><counter type="BRANCH" missed="40" covered="18"/><counter type="LINE" missed="63" covered="43"/><counter type="COMPLEXITY" missed="25" covered="5"/><counter type="METHOD" missed="0" covered="1"/></method><method name="tryResolutionOnce" desc="(Lorg/apache/maven/project/MavenProject;Ljava/util/List;Lorg/apache/maven/project/ProjectBuildingRequest;)V" line="3103"><counter type="INSTRUCTION" missed="2" covered="47"/><counter type="BRANCH" missed="1" covered="5"/><counter type="LINE" missed="1" covered="14"/><counter type="COMPLEXITY" missed="1" covered="3"/><counter type="METHOD" missed="0" covered="1"/></method><method name="processResolvedArtifact" desc="(Ljava/io/File;Ljava/util/List;Ljava/lang/String;Ljava/lang/String;Ljava/lang/String;Lorg/apache/maven/shared/dependency/graph/DependencyNode;Lorg/apache/maven/project/MavenProject;Ljava/util/List;Lorg/apache/maven/shared/dependency/graph/DependencyNode;)V" line="3129"><counter type="INSTRUCTION" missed="84" covered="82"/><counter type="BRANCH" missed="17" covered="5"/><counter type="LINE" missed="15" covered="20"/><counter type="COMPLEXITY" missed="10" covered="2"/><counter type="METHOD" missed="0" covered="1"/></method><method name="processPomArtifact" desc="(Ljava/io/File;Lorg/apache/maven/shared/dependency/graph/DependencyNode;Lorg/apache/maven/project/MavenProject;Lorg/owasp/dependencycheck/Engine;Lorg/owasp/dependencycheck/exception/ExceptionCollection;)Lorg/owasp/dependencycheck/exception/ExceptionCollection;" line="3176"><counter type="INSTRUCTION" missed="72" covered="0"/><counter type="BRANCH" missed="4" covered="0"/><counter type="LINE" missed="21" covered="0"/><counter type="COMPLEXITY" missed="3" covered="0"/><counter type="METHOD" missed="1" covered="0"/></method><method name="lambda$getFormats$3" desc="(Ljava/lang/String;)V" line="2812"><counter type="INSTRUCTION" missed="6" covered="0"/><counter type="LINE" missed="1" covered="0"/><counter type="COMPLEXITY" missed="1" covered="0"/><counter type="METHOD" missed="1" covered="0"/></method><method name="lambda$getFormats$2" desc="(Ljava/util/Set;Ljava/lang/String;)V" line="2807"><counter type="INSTRUCTION" missed="11" covered="0"/><counter type="LINE" missed="5" covered="0"/><counter type="COMPLEXITY" missed="1" covered="0"/><counter type="METHOD" missed="1" covered="0"/></method><method name="lambda$collectDependencies$1" desc="(Ljava/lang/String;)V" line="1805"><counter type="INSTRUCTION" missed="16" covered="0"/><counter type="LINE" missed="5" covered="0"/><counter type="COMPLEXITY" missed="1" covered="0"/><counter type="METHOD" missed="1" covered="0"/></method><method name="lambda$findVersion$0" desc="(Ljava/lang/String;Ljava/lang/String;Lorg/apache/maven/shared/dependency/graph/DependencyNode;)Z" line="1622"><counter type="INSTRUCTION" missed="16" covered="0"/><counter type="BRANCH" missed="4" covered="0"/><counter type="LINE" missed="2" covered="0"/><counter type="COMPLEXITY" missed="3" covered="0"/><counter type="METHOD" missed="1" covered="0"/></method><method name="&lt;clinit&gt;" desc="()V" line="132"><counter type="INSTRUCTION" missed="0" covered="6"/><counter type="LINE" missed="0" covered="1"/><counter type="COMPLEXITY" missed="0" covered="1"/><counter type="METHOD" missed="0" covered="1"/></method><counter type="INSTRUCTION" missed="2155" covered="2741"/><counter type="BRANCH" missed="354" covered="168"/><counter type="LINE" missed="469" covered="550"/><counter type="COMPLEXITY" missed="244" covered="83"/><counter type="METHOD" missed="21" covered="45"/><counter type="CLASS" missed="0" covered="1"/></class><class name="org/owasp/dependencycheck/maven/CheckMojo" sourcefilename="CheckMojo.java"><method name="&lt;init&gt;" desc="()V" line="44"><counter type="INSTRUCTION" missed="0" covered="6"/><counter type="LINE" missed="0" covered="2"/><counter type="COMPLEXITY" missed="0" covered="1"/><counter type="METHOD" missed="0" covered="1"/></method><method name="canGenerateReport" desc="()Z" line="62"><counter type="INSTRUCTION" missed="4" covered="28"/><counter type="BRANCH" missed="2" covered="2"/><counter type="LINE" missed="3" covered="8"/><counter type="COMPLEXITY" missed="2" covered="1"/><counter type="METHOD" missed="0" covered="1"/></method><method name="getName" desc="(Ljava/util/Locale;)Ljava/lang/String;" line="84"><counter type="INSTRUCTION" missed="0" covered="3"/><counter type="LINE" missed="0" covered="1"/><counter type="COMPLEXITY" missed="0" covered="1"/><counter type="METHOD" missed="0" covered="1"/></method><method name="getDescription" desc="(Ljava/util/Locale;)Ljava/lang/String;" line="96"><counter type="INSTRUCTION" missed="0" covered="2"/><counter type="LINE" missed="0" covered="1"/><counter type="COMPLEXITY" missed="0" covered="1"/><counter type="METHOD" missed="0" covered="1"/></method><method name="scanDependencies" desc="(Lorg/owasp/dependencycheck/Engine;)Lorg/owasp/dependencycheck/exception/ExceptionCollection;" line="109"><counter type="INSTRUCTION" missed="0" covered="6"/><counter type="LINE" missed="0" covered="1"/><counter type="COMPLEXITY" missed="0" covered="1"/><counter type="METHOD" missed="0" covered="1"/></method><method name="scanPlugins" desc="(Lorg/owasp/dependencycheck/Engine;Lorg/owasp/dependencycheck/exception/ExceptionCollection;)Lorg/owasp/dependencycheck/exception/ExceptionCollection;" line="123"><counter type="INSTRUCTION" missed="9" covered="0"/><counter type="LINE" missed="2" covered="0"/><counter type="COMPLEXITY" missed="1" covered="0"/><counter type="METHOD" missed="1" covered="0"/></method><counter type="INSTRUCTION" missed="13" covered="45"/><counter type="BRANCH" missed="2" covered="2"/><counter type="LINE" missed="5" covered="13"/><counter type="COMPLEXITY" missed="3" covered="5"/><counter type="METHOD" missed="1" covered="5"/><counter type="CLASS" missed="0" covered="1"/></class><class name="org/owasp/dependencycheck/maven/AggregateMojo" sourcefilename="AggregateMojo.java"><method name="&lt;init&gt;" desc="()V" line="54"><counter type="INSTRUCTION" missed="0" covered="6"/><counter type="LINE" missed="0" covered="2"/><counter type="COMPLEXITY" missed="0" covered="1"/><counter type="METHOD" missed="0" covered="1"/></method><method name="scanDependencies" desc="(Lorg/owasp/dependencycheck/Engine;)Lorg/owasp/dependencycheck/exception/ExceptionCollection;" line="72"><counter type="INSTRUCTION" missed="48" covered="31"/><counter type="BRANCH" missed="9" covered="3"/><counter type="LINE" missed="11" covered="6"/><counter type="COMPLEXITY" missed="5" covered="2"/><counter type="METHOD" missed="0" covered="1"/></method><method name="scanPlugins" desc="(Lorg/owasp/dependencycheck/Engine;Lorg/owasp/dependencycheck/exception/ExceptionCollection;)Lorg/owasp/dependencycheck/exception/ExceptionCollection;" line="110"><counter type="INSTRUCTION" missed="29" covered="0"/><counter type="BRANCH" missed="2" covered="0"/><counter type="LINE" missed="5" covered="0"/><counter type="COMPLEXITY" missed="2" covered="0"/><counter type="METHOD" missed="1" covered="0"/></method><method name="getDescendants" desc="(Lorg/apache/maven/project/MavenProject;)Ljava/util/Set;" line="125"><counter type="INSTRUCTION" missed="54" covered="263"/><counter type="BRANCH" missed="19" covered="47"/><counter type="LINE" missed="9" covered="47"/><counter type="COMPLEXITY" missed="15" covered="19"/><counter type="METHOD" missed="0" covered="1"/></method><method name="isConfiguredToSkip" desc="(Lorg/apache/maven/project/MavenProject;)Z" line="214"><counter type="INSTRUCTION" missed="14" covered="37"/><counter type="BRANCH" missed="5" covered="3"/><counter type="LINE" missed="1" covered="13"/><counter type="COMPLEXITY" missed="4" covered="1"/><counter type="METHOD" missed="0" covered="1"/></method><method name="isMultiModule" desc="(Lorg/apache/maven/project/MavenProject;)Z" line="241"><counter type="INSTRUCTION" missed="5" covered="0"/><counter type="LINE" missed="1" covered="0"/><counter type="COMPLEXITY" missed="1" covered="0"/><counter type="METHOD" missed="1" covered="0"/></method><method name="canGenerateReport" desc="()Z" line="246"><counter type="INSTRUCTION" missed="2" covered="0"/><counter type="LINE" missed="1" covered="0"/><counter type="COMPLEXITY" missed="1" covered="0"/><counter type="METHOD" missed="1" covered="0"/></method><method name="getName" desc="(Ljava/util/Locale;)Ljava/lang/String;" line="257"><counter type="INSTRUCTION" missed="3" covered="0"/><counter type="LINE" missed="1" covered="0"/><counter type="COMPLEXITY" missed="1" covered="0"/><counter type="METHOD" missed="1" covered="0"/></method><method name="getDescription" desc="(Ljava/util/Locale;)Ljava/lang/String;" line="269"><counter type="INSTRUCTION" missed="2" covered="0"/><counter type="LINE" missed="1" covered="0"/><counter type="COMPLEXITY" missed="1" covered="0"/><counter type="METHOD" missed="1" covered="0"/></method><method name="lambda$isConfiguredToSkip$3" desc="(Lorg/codehaus/plexus/util/xml/Xpp3Dom;)Lorg/codehaus/plexus/util/xml/Xpp3Dom;" line="219"><counter type="INSTRUCTION" missed="0" covered="4"/><counter type="LINE" missed="0" covered="1"/><counter type="COMPLEXITY" missed="0" covered="1"/><counter type="METHOD" missed="0" covered="1"/></method><method name="lambda$isConfiguredToSkip$2" desc="(Ljava/lang/Object;)Lorg/codehaus/plexus/util/xml/Xpp3Dom;" line="218"><counter type="INSTRUCTION" missed="0" covered="3"/><counter type="LINE" missed="0" covered="1"/><counter type="COMPLEXITY" missed="0" covered="1"/><counter type="METHOD" missed="0" covered="1"/></method><method name="lambda$isConfiguredToSkip$1" desc="(Ljava/lang/Object;)Z" line="217"><counter type="INSTRUCTION" missed="0" covered="9"/><counter type="BRANCH" missed="1" covered="3"/><counter type="LINE" missed="0" covered="1"/><counter type="COMPLEXITY" missed="1" covered="2"/><counter type="METHOD" missed="0" covered="1"/></method><method name="lambda$isConfiguredToSkip$0" desc="(Lorg/apache/maven/model/Plugin;)Z" line="215"><counter type="INSTRUCTION" missed="0" covered="5"/><counter type="LINE" missed="0" covered="1"/><counter type="COMPLEXITY" missed="0" covered="1"/><counter type="METHOD" missed="0" covered="1"/></method><counter type="INSTRUCTION" missed="157" covered="358"/><counter type="BRANCH" missed="36" covered="56"/><counter type="LINE" missed="30" covered="68"/><counter type="COMPLEXITY" missed="31" covered="28"/><counter type="METHOD" missed="5" covered="8"/><counter type="CLASS" missed="0" covered="1"/></class><class name="org/owasp/dependencycheck/maven/Mshared998Util" sourcefilename="Mshared998Util.java"><method name="getResolutionResults" desc="(Lorg/eclipse/aether/resolution/DependencyResolutionException;)Ljava/util/List;" line="45"><counter type="INSTRUCTION" missed="0" covered="30"/><counter type="BRANCH" missed="1" covered="3"/><counter type="LINE" missed="0" covered="7"/><counter type="COMPLEXITY" missed="1" covered="2"/><counter type="METHOD" missed="0" covered="1"/></method><counter type="INSTRUCTION" missed="0" covered="30"/><counter type="BRANCH" missed="1" covered="3"/><counter type="LINE" missed="0" covered="7"/><counter type="COMPLEXITY" missed="1" covered="2"/><counter type="METHOD" missed="0" covered="1"/><counter type="CLASS" missed="0" covered="1"/></class><class name="org/owasp/dependencycheck/maven/CollectingRootDependencyGraphVisitor" sourcefilename="CollectingRootDependencyGraphVisitor.java"><method name="&lt;init&gt;" desc="()V" line="32"><counter type="INSTRUCTION" missed="0" covered="11"/><counter type="LINE" missed="0" covered="3"/><counter type="COMPLEXITY" missed="0" covered="1"/><counter type="METHOD" missed="0" covered="1"/></method><method name="visit" desc="(Lorg/apache/maven/shared/dependency/graph/DependencyNode;)Z" line="49"><counter type="INSTRUCTION" missed="0" covered="39"/><counter type="BRANCH" missed="1" covered="3"/><counter type="LINE" missed="0" covered="7"/><counter type="COMPLEXITY" missed="1" covered="2"/><counter type="METHOD" missed="0" covered="1"/></method><method name="endVisit" desc="(Lorg/apache/maven/shared/dependency/graph/DependencyNode;)Z" line="64"><counter type="INSTRUCTION" missed="0" covered="8"/><counter type="LINE" missed="0" covered="2"/><counter type="COMPLEXITY" missed="0" covered="1"/><counter type="METHOD" missed="0" covered="1"/></method><method name="getNodes" desc="()Ljava/util/Map;" line="69"><counter type="INSTRUCTION" missed="0" covered="4"/><counter type="LINE" missed="0" covered="1"/><counter type="COMPLEXITY" missed="0" covered="1"/><counter type="METHOD" missed="0" covered="1"/></method><counter type="INSTRUCTION" missed="0" covered="62"/><counter type="BRANCH" missed="1" covered="3"/><counter type="LINE" missed="0" covered="13"/><counter type="COMPLEXITY" missed="1" covered="5"/><counter type="METHOD" missed="0" covered="4"/><counter type="CLASS" missed="0" covered="1"/></class><class name="org/owasp/dependencycheck/maven/FilteringDependencyTransitiveNodeVisitor" sourcefilename="FilteringDependencyTransitiveNodeVisitor.java"><method name="&lt;init&gt;" desc="(Lorg/apache/maven/shared/dependency/graph/traversal/DependencyNodeVisitor;Lorg/apache/maven/shared/dependency/graph/filter/DependencyNodeFilter;)V" line="50"><counter type="INSTRUCTION" missed="0" covered="9"/><counter type="LINE" missed="0" covered="4"/><counter type="COMPLEXITY" missed="0" covered="1"/><counter type="METHOD" missed="0" covered="1"/></method><method name="visit" desc="(Lorg/apache/maven/shared/dependency/graph/DependencyNode;)Z" line="62"><counter type="INSTRUCTION" missed="2" covered="13"/><counter type="BRANCH" missed="1" covered="1"/><counter type="LINE" missed="1" covered="3"/><counter type="COMPLEXITY" missed="1" covered="1"/><counter type="METHOD" missed="0" covered="1"/></method><method name="endVisit" desc="(Lorg/apache/maven/shared/dependency/graph/DependencyNode;)Z" line="78"><counter type="INSTRUCTION" missed="2" covered="13"/><counter type="BRANCH" missed="1" covered="1"/><counter type="LINE" missed="1" covered="3"/><counter type="COMPLEXITY" missed="1" covered="1"/><counter type="METHOD" missed="0" covered="1"/></method><method name="getDependencyNodeVisitor" desc="()Lorg/apache/maven/shared/dependency/graph/traversal/DependencyNodeVisitor;" line="93"><counter type="INSTRUCTION" missed="3" covered="0"/><counter type="LINE" missed="1" covered="0"/><counter type="COMPLEXITY" missed="1" covered="0"/><counter type="METHOD" missed="1" covered="0"/></method><method name="getDependencyNodeFilter" desc="()Lorg/apache/maven/shared/dependency/graph/filter/DependencyNodeFilter;" line="103"><counter type="INSTRUCTION" missed="3" covered="0"/><counter type="LINE" missed="1" covered="0"/><counter type="COMPLEXITY" missed="1" covered="0"/><counter type="METHOD" missed="1" covered="0"/></method><counter type="INSTRUCTION" missed="10" covered="35"/><counter type="BRANCH" missed="2" covered="2"/><counter type="LINE" missed="4" covered="10"/><counter type="COMPLEXITY" missed="4" covered="3"/><counter type="METHOD" missed="2" covered="3"/><counter type="CLASS" missed="0" covered="1"/></class><class name="org/owasp/dependencycheck/maven/Retirejs" sourcefilename="Retirejs.java"><method name="&lt;init&gt;" desc="()V" line="27"><counter type="INSTRUCTION" missed="0" covered="3"/><counter type="LINE" missed="0" covered="1"/><counter type="COMPLEXITY" missed="0" covered="1"/><counter type="METHOD" missed="0" covered="1"/></method><method name="getFilters" desc="()[Ljava/lang/String;" line="47"><counter type="INSTRUCTION" missed="0" covered="3"/><counter type="LINE" missed="0" covered="1"/><counter type="COMPLEXITY" missed="0" covered="1"/><counter type="METHOD" missed="0" covered="1"/></method><method name="getFilterNonVulnerable" desc="()Ljava/lang/Boolean;" line="60"><counter type="INSTRUCTION" missed="0" covered="3"/><counter type="LINE" missed="0" covered="1"/><counter type="COMPLEXITY" missed="0" covered="1"/><counter type="METHOD" missed="0" covered="1"/></method><counter type="INSTRUCTION" missed="0" covered="9"/><counter type="LINE" missed="0" covered="3"/><counter type="COMPLEXITY" missed="0" covered="3"/><counter type="METHOD" missed="0" covered="3"/><counter type="CLASS" missed="0" covered="1"/></class><sourcefile name="ArtifactScopeExcluded.java"><line nr="60" mi="0" ci="2" mb="0" cb="0"/><line nr="61" mi="0" ci="3" mb="0" cb="0"/><line nr="62" mi="0" ci="3" mb="0" cb="0"/><line nr="63" mi="0" ci="3" mb="0" cb="0"/><line nr="64" mi="0" ci="3" mb="0" cb="0"/><line nr="65" mi="0" ci="1" mb="0" cb="0"/><line nr="77" mi="0" ci="7" mb="1" cb="3"/><line nr="78" mi="0" ci="2" mb="0" cb="0"/><line nr="80" mi="4" ci="3" mb="3" cb="1"/><line nr="81" mi="2" ci="0" mb="0" cb="0"/><line nr="83" mi="4" ci="3" mb="3" cb="1"/><line nr="84" mi="2" ci="0" mb="0" cb="0"/><line nr="86" mi="0" ci="7" mb="0" cb="4"/><line nr="87" mi="0" ci="2" mb="0" cb="0"/><line nr="89" mi="4" ci="6" mb="3" cb="3"/><line nr="90" mi="2" ci="0" mb="0" cb="0"/><line nr="92" mi="0" ci="2" mb="0" cb="0"/><counter type="INSTRUCTION" missed="18" covered="47"/><counter type="BRANCH" missed="10" covered="12"/><counter type="LINE" missed="3" covered="14"/><counter type="COMPLEXITY" missed="7" covered="6"/><counter type="METHOD" missed="0" covered="2"/><counter type="CLASS" missed="0" covered="1"/></sourcefile><sourcefile name="Retirejs.java"><line nr="27" mi="0" ci="3" mb="0" cb="0"/><line nr="47" mi="0" ci="3" mb="0" cb="0"/><line nr="60" mi="0" ci="3" mb="0" cb="0"/><counter type="INSTRUCTION" missed="0" covered="9"/><counter type="LINE" missed="0" covered="3"/><counter type="COMPLEXITY" missed="0" covered="3"/><counter type="METHOD" missed="0" covered="3"/><counter type="CLASS" missed="0" covered="1"/></sourcefile><sourcefile name="CollectingRootDependencyGraphVisitor.java"><line nr="32" mi="0" ci="2" mb="0" cb="0"/><line nr="37" mi="0" ci="5" mb="0" cb="0"/><line nr="45" mi="0" ci="4" mb="0" cb="0"/><line nr="49" mi="0" ci="3" mb="0" cb="2"/><line nr="50" mi="0" ci="3" mb="0" cb="0"/><line nr="51" mi="0" ci="6" mb="1" cb="1"/><line nr="52" mi="0" ci="10" mb="0" cb="0"/><line nr="56" mi="0" ci="9" mb="0" cb="0"/><line nr="58" mi="0" ci="6" mb="0" cb="0"/><line nr="59" mi="0" ci="2" mb="0" cb="0"/><line nr="64" mi="0" ci="6" mb="0" cb="0"/><line nr="65" mi="0" ci="2" mb="0" cb="0"/><line nr="69" mi="0" ci="4" mb="0" cb="0"/><counter type="INSTRUCTION" missed="0" covered="62"/><counter type="BRANCH" missed="1" covered="3"/><counter type="LINE" missed="0" covered="13"/><counter type="COMPLEXITY" missed="1" covered="5"/><counter type="METHOD" missed="0" covered="4"/><counter type="CLASS" missed="0" covered="1"/></sourcefile><sourcefile name="AggregateMojo.java"><line nr="54" mi="0" ci="2" mb="0" cb="0"/><line nr="59" mi="0" ci="4" mb="0" cb="0"/><line nr="72" mi="0" ci="7" mb="0" cb="0"/><line nr="73" mi="0" ci="13" mb="0" cb="2"/><line nr="76" mi="0" ci="6" mb="0" cb="0"/><line nr="77" mi="0" ci="2" mb="1" cb="1"/><line nr="78" mi="2" ci="0" mb="2" cb="0"/><line nr="79" mi="3" ci="0" mb="0" cb="0"/><line nr="81" mi="6" ci="0" mb="0" cb="0"/><line nr="83" mi="3" ci="0" mb="2" cb="0"/><line nr="84" mi="3" ci="0" mb="0" cb="0"/><line nr="85" mi="10" ci="0" mb="0" cb="0"/><line nr="86" mi="3" ci="0" mb="2" cb="0"/><line nr="87" mi="6" ci="0" mb="0" cb="0"/><line nr="89" mi="4" ci="0" mb="0" cb="0"/><line nr="90" mi="4" ci="0" mb="2" cb="0"/><line nr="91" mi="4" ci="0" mb="0" cb="0"/><line nr="95" mi="0" ci="1" mb="0" cb="0"/><line nr="96" mi="0" ci="2" mb="0" cb="0"/><line nr="110" mi="7" ci="0" mb="0" cb="0"/><line nr="111" mi="13" ci="0" mb="2" cb="0"/><line nr="112" mi="6" ci="0" mb="0" cb="0"/><line nr="113" mi="1" ci="0" mb="0" cb="0"/><line nr="114" mi="2" ci="0" mb="0" cb="0"/><line nr="125" mi="0" ci="2" mb="1" cb="1"/><line nr="126" mi="2" ci="0" mb="0" cb="0"/><line nr="128" mi="0" ci="4" mb="0" cb="0"/><line nr="130" mi="0" ci="4" mb="0" cb="2"/><line nr="131" mi="0" ci="12" mb="0" cb="0"/><line nr="133" mi="0" ci="11" mb="0" cb="2"/><line nr="134" mi="0" ci="11" mb="0" cb="2"/><line nr="135" mi="0" ci="4" mb="1" cb="1"/><line nr="137" mi="0" ci="7" mb="0" cb="0"/><line nr="138" mi="0" ci="3" mb="0" cb="0"/><line nr="139" mi="0" ci="10" mb="1" cb="3"/><line nr="140" mi="0" ci="3" mb="0" cb="2"/><line nr="141" mi="0" ci="12" mb="0" cb="0"/><line nr="144" mi="1" ci="0" mb="0" cb="0"/><line nr="145" mi="4" ci="0" mb="2" cb="0"/><line nr="146" mi="5" ci="0" mb="0" cb="0"/><line nr="148" mi="0" ci="1" mb="0" cb="0"/><line nr="150" mi="0" ci="1" mb="0" cb="0"/><line nr="151" mi="0" ci="1" mb="0" cb="0"/><line nr="153" mi="0" ci="3" mb="0" cb="0"/><line nr="154" mi="0" ci="11" mb="0" cb="2"/><line nr="155" mi="0" ci="4" mb="1" cb="1"/><line nr="156" mi="0" ci="10" mb="0" cb="4"/><line nr="157" mi="4" ci="4" mb="3" cb="1"/><line nr="158" mi="12" ci="0" mb="0" cb="0"/><line nr="161" mi="0" ci="11" mb="0" cb="2"/><line nr="162" mi="0" ci="4" mb="1" cb="1"/><line nr="163" mi="0" ci="11" mb="1" cb="3"/><line nr="164" mi="0" ci="3" mb="0" cb="2"/><line nr="165" mi="0" ci="3" mb="1" cb="1"/><line nr="166" mi="0" ci="12" mb="0" cb="0"/><line nr="169" mi="0" ci="1" mb="0" cb="0"/><line nr="171" mi="0" ci="4" mb="0" cb="0"/><line nr="172" mi="0" ci="10" mb="0" cb="2"/><line nr="173" mi="0" ci="4" mb="1" cb="1"/><line nr="174" mi="0" ci="11" mb="0" cb="2"/><line nr="176" mi="0" ci="7" mb="0" cb="0"/><line nr="177" mi="0" ci="3" mb="0" cb="0"/><line nr="178" mi="0" ci="5" mb="0" cb="2"/><line nr="179" mi="0" ci="4" mb="0" cb="0"/><line nr="181" mi="1" ci="0" mb="0" cb="0"/><line nr="182" mi="4" ci="0" mb="2" cb="0"/><line nr="183" mi="5" ci="0" mb="0" cb="0"/><line nr="185" mi="0" ci="1" mb="0" cb="0"/><line nr="186" mi="0" ci="1" mb="0" cb="0"/><line nr="188" mi="0" ci="1" mb="0" cb="0"/><line nr="189" mi="0" ci="10" mb="0" cb="2"/><line nr="190" mi="0" ci="4" mb="1" cb="1"/><line nr="191" mi="4" ci="4" mb="3" cb="1"/><line nr="192" mi="12" ci="0" mb="0" cb="0"/><line nr="195" mi="0" ci="1" mb="0" cb="0"/><line nr="197" mi="0" ci="1" mb="0" cb="0"/><line nr="198" mi="0" ci="6" mb="0" cb="4"/><line nr="199" mi="0" ci="4" mb="0" cb="2"/><line nr="200" mi="0" ci="17" mb="0" cb="0"/><line nr="202" mi="0" ci="2" mb="0" cb="0"/><line nr="214" mi="0" ci="4" mb="0" cb="0"/><line nr="215" mi="0" ci="7" mb="0" cb="0"/><line nr="216" mi="0" ci="2" mb="0" cb="0"/><line nr="217" mi="0" ci="11" mb="1" cb="3"/><line nr="218" mi="0" ci="5" mb="0" cb="0"/><line nr="219" mi="0" ci="6" mb="0" cb="0"/><line nr="220" mi="0" ci="2" mb="0" cb="0"/><line nr="221" mi="0" ci="1" mb="0" cb="0"/><line nr="222" mi="0" ci="2" mb="0" cb="0"/><line nr="224" mi="0" ci="5" mb="0" cb="0"/><line nr="226" mi="8" ci="9" mb="4" cb="2"/><line nr="227" mi="0" ci="2" mb="1" cb="1"/><line nr="228" mi="6" ci="0" mb="0" cb="0"/><line nr="230" mi="0" ci="2" mb="0" cb="0"/><line nr="241" mi="5" ci="0" mb="0" cb="0"/><line nr="246" mi="2" ci="0" mb="0" cb="0"/><line nr="257" mi="3" ci="0" mb="0" cb="0"/><line nr="269" mi="2" ci="0" mb="0" cb="0"/><counter type="INSTRUCTION" missed="157" covered="358"/><counter type="BRANCH" missed="36" covered="56"/><counter type="LINE" missed="30" covered="68"/><counter type="COMPLEXITY" missed="31" covered="28"/><counter type="METHOD" missed="5" covered="8"/><counter type="CLASS" missed="0" covered="1"/></sourcefile><sourcefile name="PurgeMojo.java"><line nr="45" mi="3" ci="0" mb="0" cb="0"/><line nr="54" mi="2" ci="0" mb="0" cb="0"/><line nr="67" mi="2" ci="0" mb="0" cb="0"/><line nr="69" mi="4" ci="0" mb="0" cb="0"/><line nr="70" mi="1" ci="0" mb="0" cb="0"/><line nr="71" mi="3" ci="0" mb="2" cb="0"/><line nr="72" mi="7" ci="0" mb="0" cb="0"/><line nr="74" mi="7" ci="0" mb="0" cb="0"/><line nr="76" mi="1" ci="0" mb="0" cb="0"/><line nr="77" mi="7" ci="0" mb="0" cb="0"/><line nr="78" mi="3" ci="0" mb="0" cb="0"/><line nr="80" mi="3" ci="0" mb="0" cb="0"/><line nr="82" mi="1" ci="0" mb="0" cb="0"/><line nr="92" mi="2" ci="0" mb="0" cb="0"/><line nr="104" mi="2" ci="0" mb="0" cb="0"/><line nr="116" mi="5" ci="0" mb="0" cb="0"/><line nr="130" mi="5" ci="0" mb="0" cb="0"/><counter type="INSTRUCTION" missed="58" covered="0"/><counter type="BRANCH" missed="2" covered="0"/><counter type="LINE" missed="17" covered="0"/><counter type="COMPLEXITY" missed="8" covered="0"/><counter type="METHOD" missed="7" covered="0"/><counter type="CLASS" missed="1" covered="0"/></sourcefile><sourcefile name="BaseDependencyCheckMojo.java"><line nr="122" mi="0" ci="2" mb="0" cb="0"/><line nr="132" mi="0" ci="6" mb="0" cb="0"/><line nr="148" mi="0" ci="3" mb="0" cb="0"/><line nr="152" mi="0" ci="3" mb="0" cb="0"/><line nr="156" mi="0" ci="5" mb="0" cb="0"/><line nr="228" mi="0" ci="3" mb="0" cb="0"/><line nr="236" mi="0" ci="3" mb="0" cb="0"/><line nr="245" mi="0" ci="3" mb="0" cb="0"/><line nr="311" mi="0" ci="3" mb="0" cb="0"/><line nr="411" mi="0" ci="3" mb="0" cb="0"/><line nr="938" mi="0" ci="3" mb="0" cb="0"/><line nr="944" mi="0" ci="3" mb="0" cb="0"/><line nr="950" mi="0" ci="3" mb="0" cb="0"/><line nr="956" mi="0" ci="3" mb="0" cb="0"/><line nr="963" mi="0" ci="3" mb="0" cb="0"/><line nr="970" mi="0" ci="3" mb="0" cb="0"/><line nr="1208" mi="0" ci="3" mb="0" cb="0"/><line nr="1214" mi="0" ci="4" mb="0" cb="0"/><line nr="1234" mi="8" ci="0" mb="2" cb="0"/><line nr="1235" mi="6" ci="0" mb="2" cb="0"/><line nr="1236" mi="8" ci="0" mb="2" cb="0"/><line nr="1249" mi="14" ci="0" mb="8" cb="0"/><line nr="1261" mi="0" ci="3" mb="0" cb="0"/><line nr="1262" mi="0" ci="7" mb="0" cb="0"/><line nr="1263" mi="0" ci="2" mb="1" cb="1"/><line nr="1264" mi="8" ci="0" mb="0" cb="0"/><line nr="1266" mi="0" ci="6" mb="0" cb="0"/><line nr="1267" mi="0" ci="2" mb="0" cb="0"/><line nr="1269" mi="0" ci="1" mb="0" cb="0"/><line nr="1277" mi="3" ci="0" mb="0" cb="0"/><line nr="1286" mi="3" ci="0" mb="0" cb="0"/><line nr="1295" mi="0" ci="3" mb="0" cb="0"/><line nr="1306" mi="7" ci="0" mb="0" cb="0"/><line nr="1307" mi="2" ci="0" mb="2" cb="0"/><line nr="1308" mi="7" ci="0" mb="0" cb="0"/><line nr="1309" mi="1" ci="0" mb="0" cb="0"/><line nr="1312" mi="3" ci="0" mb="0" cb="0"/><line nr="1313" mi="6" ci="0" mb="0" cb="0"/><line nr="1315" mi="2" ci="0" mb="0" cb="0"/><line nr="1316" mi="1" ci="0" mb="0" cb="0"/><line nr="1317" mi="7" ci="0" mb="0" cb="0"/><line nr="1318" mi="1" ci="0" mb="0" cb="0"/><line nr="1319" mi="4" ci="0" mb="0" cb="0"/><line nr="1320" mi="1" ci="0" mb="0" cb="0"/><line nr="1321" mi="1" ci="0" mb="0" cb="0"/><line nr="1332" mi="5" ci="0" mb="0" cb="0"/><line nr="1343" mi="0" ci="4" mb="0" cb="0"/><line nr="1344" mi="0" ci="5" mb="2" cb="2"/><line nr="1345" mi="0" ci="3" mb="0" cb="0"/><line nr="1348" mi="7" ci="0" mb="0" cb="0"/><line nr="1349" mi="9" ci="0" mb="4" cb="0"/><line nr="1350" mi="3" ci="0" mb="0" cb="0"/><line nr="1352" mi="2" ci="0" mb="0" cb="0"/><line nr="1365" mi="0" ci="6" mb="0" cb="0"/><line nr="1380" mi="0" ci="16" mb="0" cb="0"/><line nr="1381" mi="0" ci="6" mb="0" cb="0"/><line nr="1384" mi="0" ci="6" mb="0" cb="0"/><line nr="1386" mi="0" ci="4" mb="0" cb="0"/><line nr="1389" mi="0" ci="8" mb="0" cb="0"/><line nr="1390" mi="0" ci="5" mb="0" cb="0"/><line nr="1393" mi="0" ci="12" mb="0" cb="0"/><line nr="1395" mi="0" ci="4" mb="0" cb="0"/><line nr="1398" mi="0" ci="3" mb="0" cb="0"/><line nr="1400" mi="0" ci="8" mb="0" cb="0"/><line nr="1401" mi="1" ci="0" mb="0" cb="0"/><line nr="1402" mi="10" ci="0" mb="0" cb="0"/><line nr="1403" mi="5" ci="0" mb="0" cb="0"/><line nr="1404" mi="5" ci="0" mb="0" cb="0"/><line nr="1420" mi="2" ci="0" mb="0" cb="0"/><line nr="1421" mi="4" ci="0" mb="0" cb="0"/><line nr="1422" mi="4" ci="0" mb="0" cb="0"/><line nr="1423" mi="4" ci="0" mb="0" cb="0"/><line nr="1424" mi="4" ci="0" mb="0" cb="0"/><line nr="1426" mi="4" ci="0" mb="0" cb="0"/><line nr="1427" mi="4" ci="0" mb="0" cb="0"/><line nr="1428" mi="4" ci="0" mb="0" cb="0"/><line nr="1430" mi="6" ci="0" mb="0" cb="0"/><line nr="1431" mi="10" ci="0" mb="2" cb="0"/><line nr="1433" mi="7" ci="0" mb="0" cb="0"/><line nr="1435" mi="8" ci="0" mb="0" cb="0"/><line nr="1437" mi="4" ci="0" mb="0" cb="0"/><line nr="1438" mi="4" ci="0" mb="0" cb="0"/><line nr="1439" mi="4" ci="0" mb="0" cb="0"/><line nr="1440" mi="4" ci="0" mb="0" cb="0"/><line nr="1442" mi="9" ci="0" mb="0" cb="0"/><line nr="1443" mi="13" ci="0" mb="2" cb="0"/><line nr="1444" mi="8" ci="0" mb="0" cb="0"/><line nr="1445" mi="1" ci="0" mb="0" cb="0"/><line nr="1446" mi="1" ci="0" mb="0" cb="0"/><line nr="1447" mi="5" ci="0" mb="0" cb="0"/><line nr="1448" mi="1" ci="0" mb="0" cb="0"/><line nr="1449" mi="5" ci="0" mb="0" cb="0"/><line nr="1450" mi="1" ci="0" mb="0" cb="0"/><line nr="1451" mi="5" ci="0" mb="0" cb="0"/><line nr="1452" mi="1" ci="0" mb="0" cb="0"/><line nr="1453" mi="1" ci="0" mb="0" cb="0"/><line nr="1455" mi="2" ci="0" mb="0" cb="0"/><line nr="1460" mi="2" ci="0" mb="0" cb="0"/><line nr="1461" mi="3" ci="0" mb="0" cb="0"/><line nr="1462" mi="3" ci="0" mb="0" cb="0"/><line nr="1463" mi="3" ci="0" mb="0" cb="0"/><line nr="1464" mi="3" ci="0" mb="0" cb="0"/><line nr="1465" mi="3" ci="0" mb="2" cb="0"/><line nr="1466" mi="3" ci="0" mb="0" cb="0"/><line nr="1468" mi="6" ci="0" mb="0" cb="0"/><line nr="1469" mi="2" ci="0" mb="0" cb="0"/><line nr="1470" mi="2" ci="0" mb="2" cb="0"/><line nr="1471" mi="2" ci="0" mb="0" cb="0"/><line nr="1472" mi="4" ci="0" mb="2" cb="0"/><line nr="1473" mi="6" ci="0" mb="0" cb="0"/><line nr="1475" mi="10" ci="0" mb="2" cb="0"/><line nr="1476" mi="6" ci="0" mb="2" cb="0"/><line nr="1477" mi="2" ci="0" mb="0" cb="0"/><line nr="1478" mi="1" ci="0" mb="0" cb="0"/><line nr="1480" mi="1" ci="0" mb="0" cb="0"/><line nr="1481" mi="10" ci="0" mb="2" cb="0"/><line nr="1482" mi="5" ci="0" mb="4" cb="0"/><line nr="1483" mi="6" ci="0" mb="0" cb="0"/><line nr="1484" mi="4" ci="0" mb="0" cb="0"/><line nr="1486" mi="1" ci="0" mb="0" cb="0"/><line nr="1488" mi="2" ci="0" mb="2" cb="0"/><line nr="1489" mi="7" ci="0" mb="0" cb="0"/><line nr="1490" mi="5" ci="0" mb="0" cb="0"/><line nr="1491" mi="2" ci="0" mb="2" cb="0"/><line nr="1492" mi="5" ci="0" mb="0" cb="0"/><line nr="1494" mi="4" ci="0" mb="0" cb="0"/><line nr="1495" mi="2" ci="0" mb="0" cb="0"/><line nr="1496" mi="2" ci="0" mb="0" cb="0"/><line nr="1497" mi="1" ci="0" mb="0" cb="0"/><line nr="1498" mi="4" ci="0" mb="0" cb="0"/><line nr="1500" mi="2" ci="0" mb="2" cb="0"/><line nr="1501" mi="10" ci="0" mb="2" cb="0"/><line nr="1502" mi="4" ci="0" mb="0" cb="0"/><line nr="1503" mi="1" ci="0" mb="0" cb="0"/><line nr="1507" mi="1" ci="0" mb="0" cb="0"/><line nr="1508" mi="2" ci="0" mb="2" cb="0"/><line nr="1509" mi="4" ci="0" mb="0" cb="0"/><line nr="1511" mi="9" ci="0" mb="0" cb="0"/><line nr="1515" mi="2" ci="0" mb="0" cb="0"/><line nr="1521" mi="0" ci="10" mb="0" cb="0"/><line nr="1522" mi="0" ci="3" mb="0" cb="0"/><line nr="1523" mi="1" ci="0" mb="0" cb="0"/><line nr="1524" mi="8" ci="0" mb="0" cb="0"/><line nr="1526" mi="5" ci="0" mb="0" cb="0"/><line nr="1527" mi="0" ci="1" mb="0" cb="0"/><line nr="1528" mi="0" ci="2" mb="0" cb="0"/><line nr="1533" mi="6" ci="0" mb="0" cb="0"/><line nr="1535" mi="7" ci="0" mb="0" cb="0"/><line nr="1537" mi="4" ci="0" mb="0" cb="0"/><line nr="1539" mi="10" ci="0" mb="2" cb="0"/><line nr="1540" mi="5" ci="0" mb="0" cb="0"/><line nr="1541" mi="1" ci="0" mb="0" cb="0"/><line nr="1543" mi="2" ci="0" mb="0" cb="0"/><line nr="1561" mi="0" ci="4" mb="0" cb="0"/><line nr="1563" mi="0" ci="4" mb="0" cb="0"/><line nr="1564" mi="0" ci="4" mb="0" cb="0"/><line nr="1565" mi="0" ci="2" mb="0" cb="0"/><line nr="1568" mi="0" ci="4" mb="0" cb="0"/><line nr="1569" mi="1" ci="0" mb="0" cb="0"/><line nr="1570" mi="3" ci="0" mb="0" cb="0"/><line nr="1571" mi="2" ci="0" mb="0" cb="0"/><line nr="1572" mi="2" ci="0" mb="0" cb="0"/><line nr="1573" mi="5" ci="0" mb="0" cb="0"/><line nr="1574" mi="0" ci="1" mb="0" cb="0"/><line nr="1575" mi="0" ci="3" mb="0" cb="2"/><line nr="1576" mi="0" ci="8" mb="0" cb="0"/><line nr="1577" mi="0" ci="2" mb="1" cb="1"/><line nr="1580" mi="0" ci="3" mb="1" cb="1"/><line nr="1581" mi="5" ci="0" mb="0" cb="0"/><line nr="1582" mi="0" ci="3" mb="1" cb="1"/><line nr="1583" mi="0" ci="11" mb="0" cb="2"/><line nr="1584" mi="0" ci="3" mb="1" cb="1"/><line nr="1585" mi="4" ci="0" mb="0" cb="0"/><line nr="1587" mi="0" ci="3" mb="1" cb="1"/><line nr="1588" mi="0" ci="4" mb="0" cb="0"/><line nr="1590" mi="0" ci="2" mb="0" cb="0"/><line nr="1592" mi="3" ci="0" mb="0" cb="0"/><line nr="1596" mi="0" ci="2" mb="0" cb="2"/><line nr="1597" mi="0" ci="3" mb="0" cb="0"/><line nr="1599" mi="0" ci="3" mb="0" cb="0"/><line nr="1601" mi="0" ci="8" mb="0" cb="0"/><line nr="1602" mi="0" ci="4" mb="0" cb="0"/><line nr="1603" mi="4" ci="6" mb="3" cb="1"/><line nr="1604" mi="2" ci="3" mb="0" cb="0"/><line nr="1605" mi="0" ci="7" mb="0" cb="0"/><line nr="1606" mi="0" ci="4" mb="0" cb="0"/><line nr="1607" mi="0" ci="11" mb="0" cb="0"/><line nr="1621" mi="0" ci="6" mb="0" cb="0"/><line nr="1622" mi="9" ci="0" mb="2" cb="0"/><line nr="1623" mi="7" ci="2" mb="2" cb="0"/><line nr="1624" mi="0" ci="3" mb="1" cb="1"/><line nr="1625" mi="6" ci="0" mb="0" cb="0"/><line nr="1627" mi="0" ci="2" mb="0" cb="0"/><line nr="1643" mi="0" ci="6" mb="1" cb="3"/><line nr="1644" mi="0" ci="2" mb="0" cb="0"/><line nr="1647" mi="0" ci="2" mb="0" cb="0"/><line nr="1648" mi="0" ci="12" mb="0" cb="2"/><line nr="1650" mi="0" ci="9" mb="0" cb="0"/><line nr="1651" mi="0" ci="1" mb="0" cb="0"/><line nr="1652" mi="0" ci="12" mb="0" cb="0"/><line nr="1653" mi="0" ci="2" mb="0" cb="0"/><line nr="1655" mi="1" ci="2" mb="1" cb="1"/><line nr="1657" mi="0" ci="7" mb="1" cb="1"/><line nr="1658" mi="0" ci="4" mb="0" cb="0"/><line nr="1659" mi="0" ci="12" mb="0" cb="0"/><line nr="1661" mi="0" ci="2" mb="0" cb="0"/><line nr="1664" mi="0" ci="2" mb="1" cb="1"/><line nr="1665" mi="2" ci="0" mb="2" cb="0"/><line nr="1666" mi="4" ci="0" mb="0" cb="0"/><line nr="1668" mi="3" ci="0" mb="0" cb="0"/><line nr="1670" mi="0" ci="1" mb="0" cb="0"/><line nr="1671" mi="0" ci="1" mb="0" cb="0"/><line nr="1672" mi="0" ci="2" mb="0" cb="0"/><line nr="1692" mi="0" ci="4" mb="0" cb="0"/><line nr="1695" mi="0" ci="4" mb="0" cb="0"/><line nr="1696" mi="0" ci="8" mb="0" cb="0"/><line nr="1697" mi="0" ci="10" mb="0" cb="2"/><line nr="1698" mi="0" ci="11" mb="0" cb="0"/><line nr="1699" mi="0" ci="1" mb="0" cb="0"/><line nr="1702" mi="0" ci="11" mb="0" cb="2"/><line nr="1703" mi="0" ci="13" mb="0" cb="0"/><line nr="1704" mi="0" ci="12" mb="0" cb="2"/><line nr="1705" mi="0" ci="13" mb="0" cb="0"/><line nr="1706" mi="0" ci="1" mb="0" cb="0"/><line nr="1707" mi="0" ci="1" mb="0" cb="0"/><line nr="1708" mi="0" ci="2" mb="0" cb="0"/><line nr="1726" mi="0" ci="2" mb="0" cb="0"/><line nr="1727" mi="0" ci="10" mb="0" cb="2"/><line nr="1728" mi="0" ci="5" mb="0" cb="2"/><line nr="1729" mi="0" ci="3" mb="0" cb="0"/><line nr="1730" mi="0" ci="1" mb="0" cb="0"/><line nr="1732" mi="0" ci="1" mb="0" cb="0"/><line nr="1733" mi="0" ci="2" mb="0" cb="2"/><line nr="1734" mi="0" ci="15" mb="0" cb="0"/><line nr="1735" mi="0" ci="2" mb="0" cb="0"/><line nr="1737" mi="0" ci="2" mb="0" cb="0"/><line nr="1750" mi="0" ci="7" mb="2" cb="4"/><line nr="1751" mi="0" ci="2" mb="0" cb="0"/><line nr="1753" mi="0" ci="7" mb="0" cb="0"/><line nr="1754" mi="0" ci="9" mb="0" cb="0"/><line nr="1756" mi="0" ci="5" mb="0" cb="2"/><line nr="1757" mi="0" ci="11" mb="0" cb="2"/><line nr="1758" mi="0" ci="5" mb="0" cb="2"/><line nr="1759" mi="0" ci="9" mb="0" cb="0"/><line nr="1761" mi="0" ci="9" mb="0" cb="0"/><line nr="1762" mi="0" ci="9" mb="0" cb="0"/><line nr="1763" mi="0" ci="2" mb="0" cb="0"/><line nr="1776" mi="0" ci="7" mb="0" cb="0"/><line nr="1796" mi="0" ci="8" mb="0" cb="0"/><line nr="1800" mi="0" ci="7" mb="2" cb="2"/><line nr="1801" mi="3" ci="0" mb="2" cb="0"/><line nr="1802" mi="5" ci="0" mb="0" cb="0"/><line nr="1804" mi="5" ci="0" mb="0" cb="0"/><line nr="1805" mi="4" ci="0" mb="0" cb="0"/><line nr="1806" mi="3" ci="0" mb="0" cb="0"/><line nr="1807" mi="3" ci="0" mb="0" cb="0"/><line nr="1808" mi="5" ci="0" mb="0" cb="0"/><line nr="1809" mi="1" ci="0" mb="0" cb="0"/><line nr="1812" mi="0" ci="7" mb="1" cb="3"/><line nr="1814" mi="0" ci="4" mb="0" cb="0"/><line nr="1815" mi="0" ci="4" mb="0" cb="0"/><line nr="1816" mi="0" ci="4" mb="0" cb="0"/><line nr="1817" mi="0" ci="4" mb="0" cb="0"/><line nr="1819" mi="0" ci="9" mb="0" cb="0"/><line nr="1820" mi="0" ci="3" mb="0" cb="0"/><line nr="1821" mi="0" ci="9" mb="0" cb="0"/><line nr="1822" mi="0" ci="3" mb="0" cb="0"/><line nr="1823" mi="0" ci="9" mb="0" cb="0"/><line nr="1824" mi="0" ci="3" mb="0" cb="0"/><line nr="1825" mi="0" ci="5" mb="0" cb="0"/><line nr="1826" mi="0" ci="3" mb="0" cb="0"/><line nr="1827" mi="0" ci="3" mb="0" cb="0"/><line nr="1828" mi="0" ci="3" mb="0" cb="0"/><line nr="1829" mi="0" ci="3" mb="0" cb="0"/><line nr="1830" mi="0" ci="3" mb="0" cb="0"/><line nr="1831" mi="0" ci="3" mb="0" cb="0"/><line nr="1832" mi="0" ci="3" mb="0" cb="0"/><line nr="1833" mi="0" ci="3" mb="0" cb="0"/><line nr="1834" mi="1" ci="0" mb="0" cb="0"/><line nr="1835" mi="2" ci="0" mb="2" cb="0"/><line nr="1836" mi="4" ci="0" mb="0" cb="0"/><line nr="1838" mi="3" ci="0" mb="0" cb="0"/><line nr="1839" mi="0" ci="1" mb="0" cb="0"/><line nr="1840" mi="0" ci="4" mb="0" cb="0"/><line nr="1841" mi="0" ci="4" mb="0" cb="0"/><line nr="1842" mi="0" ci="4" mb="0" cb="0"/><line nr="1843" mi="0" ci="4" mb="0" cb="0"/><line nr="1844" mi="0" ci="4" mb="0" cb="0"/><line nr="1846" mi="0" ci="3" mb="1" cb="1"/><line nr="1847" mi="0" ci="4" mb="0" cb="0"/><line nr="1848" mi="0" ci="11" mb="0" cb="2"/><line nr="1850" mi="0" ci="4" mb="0" cb="0"/><line nr="1851" mi="0" ci="6" mb="0" cb="0"/><line nr="1852" mi="0" ci="3" mb="1" cb="1"/><line nr="1853" mi="5" ci="0" mb="0" cb="0"/><line nr="1856" mi="0" ci="10" mb="0" cb="0"/><line nr="1857" mi="1" ci="0" mb="0" cb="0"/><line nr="1858" mi="2" ci="0" mb="2" cb="0"/><line nr="1859" mi="4" ci="0" mb="0" cb="0"/><line nr="1861" mi="3" ci="0" mb="0" cb="0"/><line nr="1862" mi="4" ci="0" mb="0" cb="0"/><line nr="1863" mi="0" ci="1" mb="0" cb="0"/><line nr="1865" mi="0" ci="4" mb="0" cb="0"/><line nr="1866" mi="0" ci="4" mb="0" cb="0"/><line nr="1867" mi="0" ci="4" mb="0" cb="0"/><line nr="1868" mi="0" ci="4" mb="0" cb="0"/><line nr="1869" mi="0" ci="4" mb="0" cb="0"/><line nr="1870" mi="0" ci="4" mb="0" cb="0"/><line nr="1871" mi="0" ci="4" mb="0" cb="0"/><line nr="1872" mi="0" ci="4" mb="0" cb="0"/><line nr="1873" mi="0" ci="4" mb="0" cb="0"/><line nr="1874" mi="0" ci="4" mb="0" cb="0"/><line nr="1875" mi="0" ci="4" mb="0" cb="0"/><line nr="1876" mi="0" ci="2" mb="0" cb="0"/><line nr="1878" mi="3" ci="0" mb="0" cb="0"/><line nr="1882" mi="0" ci="4" mb="0" cb="0"/><line nr="1883" mi="0" ci="10" mb="0" cb="2"/><line nr="1884" mi="0" ci="6" mb="0" cb="0"/><line nr="1885" mi="0" ci="4" mb="0" cb="0"/><line nr="1886" mi="0" ci="16" mb="0" cb="2"/><line nr="1887" mi="0" ci="8" mb="0" cb="0"/><line nr="1888" mi="0" ci="3" mb="1" cb="1"/><line nr="1889" mi="0" ci="6" mb="0" cb="0"/><line nr="1892" mi="0" ci="1" mb="0" cb="0"/><line nr="1893" mi="0" ci="2" mb="0" cb="0"/><line nr="1908" mi="0" ci="7" mb="0" cb="0"/><line nr="1929" mi="0" ci="11" mb="0" cb="0"/><line nr="1930" mi="0" ci="6" mb="0" cb="0"/><line nr="1931" mi="0" ci="12" mb="0" cb="0"/><line nr="1933" mi="0" ci="11" mb="1" cb="1"/><line nr="1935" mi="0" ci="10" mb="0" cb="0"/><line nr="1936" mi="0" ci="15" mb="0" cb="0"/><line nr="1937" mi="0" ci="12" mb="0" cb="0"/><line nr="1939" mi="0" ci="7" mb="0" cb="2"/><line nr="1940" mi="0" ci="6" mb="1" cb="1"/><line nr="1941" mi="0" ci="5" mb="1" cb="1"/><line nr="1943" mi="0" ci="8" mb="0" cb="0"/><line nr="1944" mi="0" ci="12" mb="0" cb="0"/><line nr="1945" mi="0" ci="11" mb="0" cb="0"/><line nr="1947" mi="0" ci="4" mb="0" cb="0"/><line nr="1948" mi="0" ci="20" mb="0" cb="0"/><line nr="1949" mi="0" ci="4" mb="0" cb="0"/><line nr="1950" mi="0" ci="4" mb="0" cb="0"/><line nr="1951" mi="0" ci="4" mb="0" cb="0"/><line nr="1952" mi="0" ci="3" mb="0" cb="0"/><line nr="1953" mi="0" ci="3" mb="0" cb="0"/><line nr="1954" mi="0" ci="4" mb="0" cb="0"/><line nr="1955" mi="0" ci="4" mb="0" cb="0"/><line nr="1956" mi="0" ci="2" mb="0" cb="0"/><line nr="1957" mi="0" ci="2" mb="0" cb="0"/><line nr="1958" mi="0" ci="1" mb="0" cb="0"/><line nr="1959" mi="0" ci="3" mb="0" cb="0"/><line nr="1960" mi="0" ci="8" mb="0" cb="0"/><line nr="1961" mi="0" ci="8" mb="0" cb="0"/><line nr="1963" mi="0" ci="8" mb="0" cb="0"/><line nr="1964" mi="0" ci="8" mb="0" cb="0"/><line nr="1965" mi="0" ci="3" mb="0" cb="0"/><line nr="1968" mi="0" ci="6" mb="0" cb="0"/><line nr="1969" mi="0" ci="6" mb="0" cb="0"/><line nr="1970" mi="1" ci="0" mb="0" cb="0"/><line nr="1971" mi="5" ci="0" mb="0" cb="0"/><line nr="1972" mi="7" ci="0" mb="0" cb="0"/><line nr="1973" mi="0" ci="1" mb="0" cb="0"/><line nr="1974" mi="0" ci="3" mb="0" cb="0"/><line nr="1976" mi="0" ci="16" mb="0" cb="0"/><line nr="1977" mi="0" ci="4" mb="0" cb="0"/><line nr="1978" mi="0" ci="3" mb="0" cb="0"/><line nr="1979" mi="0" ci="3" mb="1" cb="1"/><line nr="1980" mi="7" ci="0" mb="0" cb="0"/><line nr="1982" mi="4" ci="7" mb="1" cb="1"/><line nr="1983" mi="4" ci="0" mb="0" cb="0"/><line nr="1984" mi="3" ci="0" mb="2" cb="0"/><line nr="1985" mi="5" ci="0" mb="0" cb="0"/><line nr="1987" mi="3" ci="0" mb="2" cb="0"/><line nr="1988" mi="7" ci="0" mb="0" cb="0"/><line nr="1990" mi="3" ci="0" mb="2" cb="0"/><line nr="1991" mi="5" ci="0" mb="0" cb="0"/><line nr="1992" mi="5" ci="0" mb="2" cb="0"/><line nr="1993" mi="15" ci="0" mb="0" cb="0"/><line nr="1995" mi="1" ci="0" mb="0" cb="0"/><line nr="1996" mi="0" ci="3" mb="0" cb="0"/><line nr="1997" mi="0" ci="2" mb="0" cb="0"/><line nr="1999" mi="0" ci="1" mb="0" cb="0"/><line nr="2000" mi="2" ci="0" mb="0" cb="0"/><line nr="2004" mi="0" ci="7" mb="0" cb="0"/><line nr="2006" mi="0" ci="3" mb="0" cb="2"/><line nr="2007" mi="0" ci="4" mb="0" cb="0"/><line nr="2008" mi="0" ci="6" mb="0" cb="0"/><line nr="2009" mi="0" ci="4" mb="0" cb="2"/><line nr="2010" mi="0" ci="4" mb="0" cb="0"/><line nr="2011" mi="0" ci="7" mb="0" cb="0"/><line nr="2013" mi="0" ci="5" mb="0" cb="0"/><line nr="2029" mi="0" ci="3" mb="1" cb="1"/><line nr="2030" mi="2" ci="0" mb="0" cb="0"/><line nr="2032" mi="0" ci="7" mb="0" cb="0"/><line nr="2044" mi="0" ci="7" mb="0" cb="0"/><line nr="2045" mi="0" ci="4" mb="0" cb="0"/><line nr="2046" mi="0" ci="3" mb="0" cb="0"/><line nr="2047" mi="0" ci="2" mb="0" cb="0"/><line nr="2059" mi="0" ci="2" mb="0" cb="0"/><line nr="2060" mi="0" ci="3" mb="0" cb="0"/><line nr="2061" mi="0" ci="2" mb="0" cb="0"/><line nr="2062" mi="0" ci="3" mb="1" cb="1"/><line nr="2063" mi="0" ci="4" mb="0" cb="0"/><line nr="2065" mi="0" ci="3" mb="1" cb="1"/><line nr="2066" mi="5" ci="0" mb="0" cb="0"/><line nr="2069" mi="0" ci="2" mb="0" cb="0"/><line nr="2070" mi="0" ci="1" mb="0" cb="0"/><line nr="2071" mi="0" ci="5" mb="0" cb="0"/><line nr="2072" mi="0" ci="1" mb="0" cb="0"/><line nr="2073" mi="0" ci="5" mb="1" cb="3"/><line nr="2075" mi="0" ci="5" mb="0" cb="0"/><line nr="2076" mi="0" ci="2" mb="1" cb="1"/><line nr="2079" mi="8" ci="0" mb="0" cb="0"/><line nr="2082" mi="0" ci="3" mb="0" cb="0"/><line nr="2083" mi="0" ci="11" mb="0" cb="2"/><line nr="2084" mi="0" ci="13" mb="0" cb="0"/><line nr="2085" mi="0" ci="1" mb="0" cb="0"/><line nr="2086" mi="1" ci="0" mb="0" cb="0"/><line nr="2087" mi="2" ci="0" mb="2" cb="0"/><line nr="2088" mi="6" ci="0" mb="0" cb="0"/><line nr="2090" mi="3" ci="0" mb="0" cb="0"/><line nr="2092" mi="3" ci="0" mb="2" cb="0"/><line nr="2093" mi="6" ci="0" mb="0" cb="0"/><line nr="2095" mi="5" ci="0" mb="0" cb="0"/><line nr="2097" mi="0" ci="1" mb="0" cb="0"/><line nr="2098" mi="0" ci="6" mb="0" cb="0"/><line nr="2099" mi="0" ci="4" mb="0" cb="0"/><line nr="2100" mi="0" ci="5" mb="1" cb="3"/><line nr="2101" mi="0" ci="6" mb="0" cb="0"/><line nr="2104" mi="1" ci="0" mb="0" cb="0"/><line nr="2105" mi="4" ci="0" mb="2" cb="0"/><line nr="2106" mi="5" ci="0" mb="0" cb="0"/><line nr="2108" mi="2" ci="0" mb="0" cb="0"/><line nr="2109" mi="3" ci="0" mb="2" cb="0"/><line nr="2110" mi="6" ci="0" mb="0" cb="0"/><line nr="2112" mi="5" ci="0" mb="0" cb="0"/><line nr="2114" mi="0" ci="3" mb="0" cb="0"/><line nr="2116" mi="0" ci="1" mb="0" cb="0"/><line nr="2129" mi="0" ci="2" mb="0" cb="0"/><line nr="2130" mi="0" ci="2" mb="1" cb="1"/><line nr="2131" mi="0" ci="3" mb="0" cb="0"/><line nr="2133" mi="6" ci="0" mb="0" cb="0"/><line nr="2134" mi="3" ci="0" mb="2" cb="0"/><line nr="2135" mi="3" ci="0" mb="0" cb="0"/><line nr="2138" mi="0" ci="3" mb="1" cb="1"/><line nr="2139" mi="11" ci="0" mb="0" cb="0"/><line nr="2140" mi="3" ci="0" mb="2" cb="0"/><line nr="2141" mi="6" ci="0" mb="0" cb="0"/><line nr="2143" mi="4" ci="0" mb="0" cb="0"/><line nr="2144" mi="4" ci="0" mb="2" cb="0"/><line nr="2145" mi="4" ci="0" mb="0" cb="0"/><line nr="2147" mi="1" ci="0" mb="0" cb="0"/><line nr="2148" mi="0" ci="11" mb="0" cb="0"/><line nr="2149" mi="0" ci="4" mb="1" cb="1"/><line nr="2150" mi="5" ci="0" mb="0" cb="0"/><line nr="2153" mi="0" ci="2" mb="0" cb="0"/><line nr="2183" mi="3" ci="0" mb="0" cb="0"/><line nr="2193" mi="0" ci="3" mb="0" cb="0"/><line nr="2194" mi="0" ci="1" mb="0" cb="0"/><line nr="2202" mi="3" ci="0" mb="0" cb="0"/><line nr="2213" mi="0" ci="2" mb="0" cb="0"/><line nr="2223" mi="0" ci="3" mb="0" cb="0"/><line nr="2224" mi="8" ci="4" mb="5" cb="1"/><line nr="2225" mi="0" ci="2" mb="0" cb="0"/><line nr="2226" mi="4" ci="0" mb="2" cb="0"/><line nr="2227" mi="2" ci="0" mb="0" cb="0"/><line nr="2228" mi="4" ci="0" mb="2" cb="0"/><line nr="2229" mi="2" ci="0" mb="0" cb="0"/><line nr="2230" mi="4" ci="0" mb="2" cb="0"/><line nr="2231" mi="2" ci="0" mb="0" cb="0"/><line nr="2232" mi="4" ci="0" mb="2" cb="0"/><line nr="2233" mi="2" ci="0" mb="0" cb="0"/><line nr="2234" mi="4" ci="0" mb="2" cb="0"/><line nr="2235" mi="2" ci="0" mb="0" cb="0"/><line nr="2236" mi="4" ci="0" mb="2" cb="0"/><line nr="2237" mi="2" ci="0" mb="0" cb="0"/><line nr="2239" mi="4" ci="0" mb="0" cb="0"/><line nr="2240" mi="2" ci="0" mb="0" cb="0"/><line nr="2251" mi="0" ci="2" mb="0" cb="0"/><line nr="2266" mi="0" ci="2" mb="0" cb="0"/><line nr="2268" mi="0" ci="4" mb="0" cb="0"/><line nr="2269" mi="1" ci="0" mb="0" cb="0"/><line nr="2270" mi="3" ci="0" mb="2" cb="0"/><line nr="2271" mi="7" ci="0" mb="0" cb="0"/><line nr="2273" mi="7" ci="0" mb="0" cb="0"/><line nr="2275" mi="0" ci="1" mb="0" cb="0"/><lin
[...]
"/><line nr="3199" mi="2" ci="0" mb="0" cb="0"/><counter type="INSTRUCTION" missed="2155" covered="2741"/><counter type="BRANCH" missed="354" covered="168"/><counter type="LINE" missed="469" covered="550"/><counter type="COMPLEXITY" missed="244" covered="83"/><counter type="METHOD" missed="21" covered="45"/><counter type="CLASS" missed="0" covered="1"/></sourcefile><sourcefile name="FilteringDependencyTransitiveNodeVisitor.java"><line nr="50" mi="0" ci="2" mb="0" cb="0"/><line nr="51" mi="0" ci="3" mb="0" cb="0"/><line nr="52" mi="0" ci="3" mb="0" cb="0"/><line nr="53" mi="0" ci="1" mb="0" cb="0"/><line nr="62" mi="0" ci="5" mb="1" cb="1"/><line nr="63" mi="0" ci="6" mb="0" cb="0"/><line nr="65" mi="2" ci="0" mb="0" cb="0"/><line nr="68" mi="0" ci="2" mb="0" cb="0"/><line nr="78" mi="0" ci="5" mb="1" cb="1"/><line nr="79" mi="0" ci="6" mb="0" cb="0"/><line nr="81" mi="2" ci="0" mb="0" cb="0"/><line nr="84" mi="0" ci="2" mb="0" cb="0"/><line nr="93" mi="3" ci="0" mb="0" cb="0"/><line nr="103" mi="3" ci="0" mb="0" cb="0"/><counter type="INSTRUCTION" missed="10" covered="35"/><counter type="BRANCH" missed="2" covered="2"/><counter type="LINE" missed="4" covered="10"/><counter type="COMPLEXITY" missed="4" covered="3"/><counter type="METHOD" missed="2" covered="3"/><counter type="CLASS" missed="0" covered="1"/></sourcefile><sourcefile name="ArtifactTypeExcluded.java"><line nr="42" mi="0" ci="2" mb="0" cb="0"/><line nr="43" mi="0" ci="3" mb="0" cb="0"/><line nr="44" mi="0" ci="1" mb="0" cb="0"/><line nr="52" mi="0" ci="16" mb="0" cb="6"/><counter type="INSTRUCTION" missed="0" covered="22"/><counter type="BRANCH" missed="0" covered="6"/><counter type="LINE" missed="0" covered="4"/><counter type="COMPLEXITY" missed="0" covered="5"/><counter type="METHOD" missed="0" covered="2"/><counter type="CLASS" missed="0" covered="1"/></sourcefile><sourcefile name="Mshared998Util.java"><line nr="45" mi="0" ci="3" mb="0" cb="0"/><line nr="46" mi="0" ci="4" mb="0" cb="0"/><line nr="47" mi="0" ci="2" mb="1" cb="1"/><line nr="48" mi="0" ci="11" mb="0" cb="2"/><line nr="49" mi="0" ci="7" mb="0" cb="0"/><line nr="50" mi="0" ci="1" mb="0" cb="0"/><line nr="52" mi="0" ci="2" mb="0" cb="0"/><line nr="75" mi="0" ci="2" mb="0" cb="0"/><line nr="76" mi="0" ci="3" mb="0" cb="0"/><line nr="77" mi="0" ci="1" mb="0" cb="0"/><line nr="81" mi="0" ci="5" mb="0" cb="0"/><counter type="INSTRUCTION" missed="0" covered="41"/><counter type="BRANCH" missed="1" covered="3"/><counter type="LINE" missed="0" covered="11"/><counter type="COMPLEXITY" missed="1" covered="4"/><counter type="METHOD" missed="0" covered="3"/><counter type="CLASS" missed="0" covered="2"/></sourcefile><sourcefile name="CheckMojo.java"><line nr="44" mi="0" ci="2" mb="0" cb="0"/><line nr="49" mi="0" ci="4" mb="0" cb="0"/><line nr="62" mi="0" ci="2" mb="0" cb="0"/><line nr="63" mi="1" ci="0" mb="0" cb="0"/><line nr="64" mi="2" ci="0" mb="0" cb="0"/><line nr="65" mi="0" ci="1" mb="0" cb="0"/><line nr="66" mi="0" ci="2" mb="0" cb="0"/><line nr="67" mi="0" ci="12" mb="1" cb="1"/><line nr="68" mi="0" ci="6" mb="1" cb="1"/><line nr="69" mi="0" ci="2" mb="0" cb="0"/><line nr="70" mi="0" ci="1" mb="0" cb="0"/><line nr="72" mi="1" ci="0" mb="0" cb="0"/><line nr="73" mi="0" ci="2" mb="0" cb="0"/><line nr="84" mi="0" ci="3" mb="0" cb="0"/><line nr="96" mi="0" ci="2" mb="0" cb="0"/><line nr="109" mi="0" ci="6" mb="0" cb="0"/><line nr="123" mi="7" ci="0" mb="0" cb="0"/><line nr="124" mi="2" ci="0" mb="0" cb="0"/><counter type="INSTRUCTION" missed="13" covered="45"/><counter type="BRANCH" missed="2" covered="2"/><counter type="LINE" missed="5" covered="13"/><counter type="COMPLEXITY" missed="3" covered="5"/><counter type="METHOD" missed="1" covered="5"/><counter type="CLASS" missed="0" covered="1"/></sourcefile><sourcefile name="UpdateMojo.java"><line nr="47" mi="0" ci="3" mb="0" cb="0"/><line nr="56" mi="2" ci="0" mb="0" cb="0"/><line nr="70" mi="0" ci="2" mb="0" cb="0"/><line nr="71" mi="0" ci="3" mb="0" cb="0"/><line nr="73" mi="0" ci="5" mb="1" cb="1"/><line nr="74" mi="5" ci="0" mb="0" cb="0"/><line nr="76" mi="1" ci="0" mb="0" cb="0"/><line nr="77" mi="5" ci="0" mb="0" cb="0"/><line nr="78" mi="0" ci="1" mb="0" cb="0"/><line nr="79" mi="0" ci="3" mb="0" cb="0"/><line nr="80" mi="1" ci="0" mb="0" cb="0"/><line nr="81" mi="4" ci="0" mb="2" cb="0"/><line nr="82" mi="5" ci="0" mb="0" cb="0"/><line nr="84" mi="2" ci="0" mb="0" cb="0"/><line nr="85" mi="3" ci="0" mb="2" cb="0"/><line nr="86" mi="6" ci="0" mb="0" cb="0"/><line nr="88" mi="4" ci="0" mb="0" cb="0"/><line nr="89" mi="1" ci="0" mb="0" cb="0"/><line nr="90" mi="2" ci="0" mb="0" cb="0"/><line nr="91" mi="3" ci="0" mb="2" cb="0"/><line nr="92" mi="6" ci="0" mb="0" cb="0"/><line nr="94" mi="4" ci="0" mb="0" cb="0"/><line nr="96" mi="0" ci="3" mb="0" cb="0"/><line nr="98" mi="0" ci="1" mb="0" cb="0"/><line nr="108" mi="2" ci="0" mb="0" cb="0"/><line nr="120" mi="2" ci="0" mb="0" cb="0"/><line nr="133" mi="5" ci="0" mb="0" cb="0"/><line nr="147" mi="5" ci="0" mb="0" cb="0"/><counter type="INSTRUCTION" missed="68" covered="21"/><counter type="BRANCH" missed="7" covered="1"/><counter type="LINE" missed="20" covered="8"/><counter type="COMPLEXITY" missed="9" covered="2"/><counter type="METHOD" missed="5" covered="2"/><counter type="CLASS" missed="0" covered="1"/></sourcefile><sourcefile name="ProxyConfig.java"><line nr="25" mi="2" ci="0" mb="0" cb="0"/><line nr="34" mi="4" ci="0" mb="0" cb="0"/><line nr="47" mi="3" ci="0" mb="0" cb="0"/><line nr="56" mi="3" ci="0" mb="0" cb="0"/><line nr="57" mi="1" ci="0" mb="0" cb="0"/><line nr="65" mi="3" ci="0" mb="0" cb="0"/><line nr="74" mi="3" ci="0" mb="0" cb="0"/><line nr="75" mi="1" ci="0" mb="0" cb="0"/><line nr="83" mi="3" ci="0" mb="0" cb="0"/><line nr="92" mi="3" ci="0" mb="0" cb="0"/><line nr="93" mi="1" ci="0" mb="0" cb="0"/><counter type="INSTRUCTION" missed="27" covered="0"/><counter type="LINE" missed="11" covered="0"/><counter type="COMPLEXITY" missed="7" covered="0"/><counter type="METHOD" missed="7" covered="0"/><counter type="CLASS" missed="1" covered="0"/></sourcefile><counter type="INSTRUCTION" missed="2506" covered="3381"/><counter type="BRANCH" missed="415" covered="253"/><counter type="LINE" missed="559" covered="694"/><counter type="COMPLEXITY" missed="315" covered="144"/><counter type="METHOD" missed="48" covered="77"/><counter type="CLASS" missed="2" covered="11"/></package><package name="org/owasp/dependency_check_maven"><class name="org/owasp/dependency_check_maven/HelpMojo" sourcefilename="HelpMojo.java"><method name="&lt;init&gt;" desc="()V" line="28"><counter type="INSTRUCTION" missed="3" covered="0"/><counter type="LINE" missed="1" covered="0"/><counter type="COMPLEXITY" missed="1" covered="0"/><counter type="METHOD" missed="1" covered="0"/></method><method name="build" desc="()Lorg/w3c/dom/Document;" line="68"><counter type="INSTRUCTION" missed="51" covered="0"/><counter type="BRANCH" missed="2" covered="0"/><counter type="LINE" missed="13" covered="0"/><counter type="COMPLEXITY" missed="2" covered="0"/><counter type="METHOD" missed="1" covered="0"/></method><method name="execute" desc="()V" line="100"><counter type="INSTRUCTION" missed="154" covered="0"/><counter type="BRANCH" missed="20" covered="0"/><counter type="LINE" missed="31" covered="0"/><counter type="COMPLEXITY" missed="11" covered="0"/><counter type="METHOD" missed="1" covered="0"/></method><method name="isNotEmpty" desc="(Ljava/lang/String;)Z" line="165"><counter type="INSTRUCTION" missed="9" covered="0"/><counter type="BRANCH" missed="4" covered="0"/><counter type="LINE" missed="1" covered="0"/><counter type="COMPLEXITY" missed="3" covered="0"/><counter type="METHOD" missed="1" covered="0"/></method><method name="getValue" desc="(Lorg/w3c/dom/Node;Ljava/lang/String;)Ljava/lang/String;" line="171"><counter type="INSTRUCTION" missed="5" covered="0"/><counter type="LINE" missed="1" covered="0"/><counter type="COMPLEXITY" missed="1" covered="0"/><counter type="METHOD" missed="1" covered="0"/></method><method name="getSingleChild" desc="(Lorg/w3c/dom/Node;Ljava/lang/String;)Lorg/w3c/dom/Node;" line="177"><counter type="INSTRUCTION" missed="28" covered="0"/><counter type="BRANCH" missed="4" covered="0"/><counter type="LINE" missed="6" covered="0"/><counter type="COMPLEXITY" missed="3" covered="0"/><counter type="METHOD" missed="1" covered="0"/></method><method name="findNamedChild" desc="(Lorg/w3c/dom/Node;Ljava/lang/String;)Ljava/util/List;" line="191"><counter type="INSTRUCTION" missed="30" covered="0"/><counter type="BRANCH" missed="4" covered="0"/><counter type="LINE" missed="7" covered="0"/><counter type="COMPLEXITY" missed="3" covered="0"/><counter type="METHOD" missed="1" covered="0"/></method><method name="findSingleChild" desc="(Lorg/w3c/dom/Node;Ljava/lang/String;)Lorg/w3c/dom/Node;" line="207"><counter type="INSTRUCTION" missed="24" covered="0"/><counter type="BRANCH" missed="4" covered="0"/><counter type="LINE" missed="6" covered="0"/><counter type="COMPLEXITY" missed="3" covered="0"/><counter type="METHOD" missed="1" covered="0"/></method><method name="writeGoal" desc="(Ljava/lang/StringBuilder;Ljava/lang/String;Lorg/w3c/dom/Element;)V" line="222"><counter type="INSTRUCTION" missed="116" covered="0"/><counter type="BRANCH" missed="20" covered="0"/><counter type="LINE" missed="23" covered="0"/><counter type="COMPLEXITY" missed="11" covered="0"/><counter type="METHOD" missed="1" covered="0"/></method><method name="writeParameter" desc="(Ljava/lang/StringBuilder;Lorg/w3c/dom/Node;Lorg/w3c/dom/Node;)V" line="262"><counter type="INSTRUCTION" missed="100" covered="0"/><counter type="BRANCH" missed="18" covered="0"/><counter type="LINE" missed="22" covered="0"/><counter type="COMPLEXITY" missed="10" covered="0"/><counter type="METHOD" missed="1" covered="0"/></method><method name="repeat" desc="(Ljava/lang/String;I)Ljava/lang/String;" line="310"><counter type="INSTRUCTION" missed="22" covered="0"/><counter type="BRANCH" missed="2" covered="0"/><counter type="LINE" missed="4" covered="0"/><counter type="COMPLEXITY" missed="2" covered="0"/><counter type="METHOD" missed="1" covered="0"/></method><method name="append" desc="(Ljava/lang/StringBuilder;Ljava/lang/String;I)V" line="330"><counter type="INSTRUCTION" missed="24" covered="0"/><counter type="BRANCH" missed="2" covered="0"/><counter type="LINE" missed="4" covered="0"/><counter type="COMPLEXITY" missed="2" covered="0"/><counter type="METHOD" missed="1" covered="0"/></method><method name="toLines" desc="(Ljava/lang/String;III)Ljava/util/List;" line="348"><counter type="INSTRUCTION" missed="37" covered="0"/><counter type="BRANCH" missed="2" covered="0"/><counter type="LINE" missed="6" covered="0"/><counter type="COMPLEXITY" missed="2" covered="0"/><counter type="METHOD" missed="1" covered="0"/></method><method name="toLines" desc="(Ljava/util/List;Ljava/lang/String;II)V" line="372"><counter type="INSTRUCTION" missed="104" covered="0"/><counter type="BRANCH" missed="12" covered="0"/><counter type="LINE" missed="19" covered="0"/><counter type="COMPLEXITY" missed="7" covered="0"/><counter type="METHOD" missed="1" covered="0"/></method><method name="getIndentLevel" desc="(Ljava/lang/String;)I" line="421"><counter type="INSTRUCTION" missed="40" covered="0"/><counter type="BRANCH" missed="10" covered="0"/><counter type="LINE" missed="8" covered="0"/><counter type="COMPLEXITY" missed="6" covered="0"/><counter type="METHOD" missed="1" covered="0"/></method><method name="getPropertyFromExpression" desc="(Ljava/lang/String;)Ljava/lang/String;" line="439"><counter type="INSTRUCTION" missed="26" covered="0"/><counter type="BRANCH" missed="8" covered="0"/><counter type="LINE" missed="4" covered="0"/><counter type="COMPLEXITY" missed="5" covered="0"/><counter type="METHOD" missed="1" covered="0"/></method><counter type="INSTRUCTION" missed="773" covered="0"/><counter type="BRANCH" missed="112" covered="0"/><counter type="LINE" missed="156" covered="0"/><counter type="COMPLEXITY" missed="72" covered="0"/><counter type="METHOD" missed="16" covered="0"/><counter type="CLASS" missed="1" covered="0"/></class><sourcefile name="HelpMojo.java"><line nr="28" mi="3" ci="0" mb="0" cb="0"/><line nr="68" mi="4" ci="0" mb="0" cb="0"/><line nr="69" mi="5" ci="0" mb="0" cb="0"/><line nr="71" mi="2" ci="0" mb="2" cb="0"/><line nr="73" mi="5" ci="0" mb="0" cb="0"/><line nr="75" mi="2" ci="0" mb="0" cb="0"/><line nr="76" mi="3" ci="0" mb="0" cb="0"/><line nr="77" mi="6" ci="0" mb="0" cb="0"/><line nr="79" mi="1" ci="0" mb="0" cb="0"/><line nr="81" mi="7" ci="0" mb="0" cb="0"/><line nr="83" mi="1" ci="0" mb="0" cb="0"/><line nr="85" mi="7" ci="0" mb="0" cb="0"/><line nr="87" mi="1" ci="0" mb="0" cb="0"/><line nr="89" mi="7" ci="0" mb="0" cb="0"/><line nr="100" mi="3" ci="0" mb="2" cb="0"/><line nr="102" mi="4" ci="0" mb="0" cb="0"/><line nr="103" mi="3" ci="0" mb="0" cb="0"/><line nr="105" mi="3" ci="0" mb="2" cb="0"/><line nr="107" mi="4" ci="0" mb="0" cb="0"/><line nr="108" mi="3" ci="0" mb="0" cb="0"/><line nr="111" mi="3" ci="0" mb="0" cb="0"/><line nr="113" mi="4" ci="0" mb="0" cb="0"/><line nr="114" mi="4" ci="0" mb="0" cb="0"/><line nr="117" mi="4" ci="0" mb="0" cb="0"/><line nr="118" mi="4" ci="0" mb="0" cb="0"/><line nr="119" mi="9" ci="0" mb="0" cb="0"/><line nr="120" mi="7" ci="0" mb="4" cb="0"/><line nr="122" mi="8" ci="0" mb="0" cb="0"/><line nr="126" mi="3" ci="0" mb="2" cb="0"/><line nr="128" mi="6" ci="0" mb="0" cb="0"/><line nr="132" mi="5" ci="0" mb="0" cb="0"/><line nr="135" mi="7" ci="0" mb="0" cb="0"/><line nr="136" mi="5" ci="0" mb="0" cb="0"/><line nr="139" mi="4" ci="0" mb="0" cb="0"/><line nr="141" mi="4" ci="0" mb="0" cb="0"/><line nr="143" mi="4" ci="0" mb="0" cb="0"/><line nr="145" mi="7" ci="0" mb="4" cb="0"/><line nr="147" mi="14" ci="0" mb="2" cb="0"/><line nr="148" mi="5" ci="0" mb="0" cb="0"/><line nr="151" mi="10" ci="0" mb="2" cb="0"/><line nr="153" mi="6" ci="0" mb="0" cb="0"/><line nr="154" mi="1" ci="0" mb="0" cb="0"/><line nr="156" mi="4" ci="0" mb="2" cb="0"/><line nr="158" mi="5" ci="0" mb="0" cb="0"/><line nr="160" mi="1" ci="0" mb="0" cb="0"/><line nr="165" mi="9" ci="0" mb="4" cb="0"/><line nr="171" mi="5" ci="0" mb="0" cb="0"/><line nr="177" mi="4" ci="0" mb="0" cb="0"/><line nr="178" mi="3" ci="0" mb="2" cb="0"/><line nr="180" mi="6" ci="0" mb="0" cb="0"/><line nr="182" mi="4" ci="0" mb="2" cb="0"/><line nr="184" mi="6" ci="0" mb="0" cb="0"/><line nr="186" mi="5" ci="0" mb="0" cb="0"/><line nr="191" mi="4" ci="0" mb="0" cb="0"/><line nr="192" mi="3" ci="0" mb="0" cb="0"/><line nr="193" mi="8" ci="0" mb="2" cb="0"/><line nr="195" mi="4" ci="0" mb="0" cb="0"/><line nr="196" mi="5" ci="0" mb="2" cb="0"/><line nr="198" mi="4" ci="0" mb="0" cb="0"/><line nr="201" mi="2" ci="0" mb="0" cb="0"/><line nr="207" mi="4" ci="0" mb="0" cb="0"/><line nr="208" mi="3" ci="0" mb="2" cb="0"/><line nr="210" mi="2" ci="0" mb="0" cb="0"/><line nr="212" mi="4" ci="0" mb="2" cb="0"/><line nr="214" mi="6" ci="0" mb="0" cb="0"/><line nr="216" mi="5" ci="0" mb="0" cb="0"/><line nr="222" mi="4" ci="0" mb="0" cb="0"/><line nr="223" mi="4" ci="0" mb="0" cb="0"/><line nr="224" mi="4" ci="0" mb="0" cb="0"/><line nr="225" mi="12" ci="0" mb="6" cb="0"/><line nr="227" mi="7" ci="0" mb="0" cb="0"/><line nr="228" mi="4" ci="0" mb="0" cb="0"/><line nr="229" mi="6" ci="0" mb="4" cb="0"/><line nr="231" mi="7" ci="0" mb="0" cb="0"/><line nr="232" mi="5" ci="0" mb="4" cb="0"/><line nr="234" mi="5" ci="0" mb="0" cb="0"/><line nr="235" mi="7" ci="0" mb="0" cb="0"/><line nr="238" mi="2" ci="0" mb="2" cb="0"/><line nr="240" mi="6" ci="0" mb="0" cb="0"/><line nr="242" mi="5" ci="0" mb="0" cb="0"/><line nr="244" mi="3" ci="0" mb="2" cb="0"/><line nr="246" mi="4" ci="0" mb="0" cb="0"/><line nr="247" mi="4" ci="0" mb="0" cb="0"/><line nr="248" mi="5" ci="0" mb="0" cb="0"/><line nr="249" mi="5" ci="0" mb="0" cb="0"/><line nr="251" mi="10" ci="0" mb="2" cb="0"/><line nr="253" mi="5" ci="0" mb="0" cb="0"/><line nr="254" mi="1" ci="0" mb="0" cb="0"/><line nr="257" mi="1" ci="0" mb="0" cb="0"/><line nr="262" mi="4" ci="0" mb="0" cb="0"/><line nr="263" mi="4" ci="0" mb="0" cb="0"/><line nr="265" mi="2" ci="0" mb="0" cb="0"/><line nr="266" mi="2" ci="0" mb="2" cb="0"/><line nr="268" mi="5" ci="0" mb="0" cb="0"/><line nr="271" mi="2" ci="0" mb="0" cb="0"/><line nr="272" mi="6" ci="0" mb="4" cb="0"/><line nr="274" mi="5" ci="0" mb="0" cb="0"/><line nr="276" mi="7" ci="0" mb="0" cb="0"/><line nr="277" mi="4" ci="0" mb="0" cb="0"/><line nr="278" mi="6" ci="0" mb="4" cb="0"/><line nr="280" mi="7" ci="0" mb="0" cb="0"/><line nr="281" mi="5" ci="0" mb="0" cb="0"/><line nr="283" mi="3" ci="0" mb="2" cb="0"/><line nr="284" mi="5" ci="0" mb="0" cb="0"/><line nr="286" mi="6" ci="0" mb="2" cb="0"/><line nr="288" mi="5" ci="0" mb="0" cb="0"/><line nr="290" mi="6" ci="0" mb="4" cb="0"/><line nr="292" mi="4" ci="0" mb="0" cb="0"/><line nr="293" mi="6" ci="0" mb="0" cb="0"/><line nr="296" mi="5" ci="0" mb="0" cb="0"/><line nr="297" mi="1" ci="0" mb="0" cb="0"/><line nr="310" mi="8" ci="0" mb="0" cb="0"/><line nr="312" mi="7" ci="0" mb="2" cb="0"/><line nr="314" mi="4" ci="0" mb="0" cb="0"/><line nr="317" mi="3" ci="0" mb="0" cb="0"/><line nr="330" mi="16" ci="0" mb="2" cb="0"/><line nr="332" mi="6" ci="0" mb="0" cb="0"/><line nr="333" mi="1" ci="0" mb="0" cb="0"/><line nr="334" mi="1" ci="0" mb="0" cb="0"/><line nr="348" mi="4" ci="0" mb="0" cb="0"/><line nr="350" mi="4" ci="0" mb="0" cb="0"/><line nr="352" mi="4" ci="0" mb="0" cb="0"/><line nr="354" mi="16" ci="0" mb="2" cb="0"/><line nr="356" mi="7" ci="0" mb="0" cb="0"/><line nr="359" mi="2" ci="0" mb="0" cb="0"/><line nr="372" mi="3" ci="0" mb="0" cb="0"/><line nr="373" mi="5" ci="0" mb="0" cb="0"/><line nr="375" mi="4" ci="0" mb="0" cb="0"/><line nr="377" mi="16" ci="0" mb="2" cb="0"/><line nr="379" mi="3" ci="0" mb="2" cb="0"/><line nr="381" mi="7" ci="0" mb="2" cb="0"/><line nr="383" mi="5" ci="0" mb="0" cb="0"/><line nr="384" mi="3" ci="0" mb="0" cb="0"/><line nr="385" mi="9" ci="0" mb="0" cb="0"/><line nr="389" mi="4" ci="0" mb="0" cb="0"/><line nr="393" mi="8" ci="0" mb="2" cb="0"/><line nr="395" mi="4" ci="0" mb="0" cb="0"/><line nr="396" mi="3" ci="0" mb="2" cb="0"/><line nr="398" mi="12" ci="0" mb="0" cb="0"/><line nr="400" mi="3" ci="0" mb="2" cb="0"/><line nr="402" mi="5" ci="0" mb="0" cb="0"/><line nr="406" mi="4" ci="0" mb="0" cb="0"/><line nr="410" mi="5" ci="0" mb="0" cb="0"/><line nr="411" mi="1" ci="0" mb="0" cb="0"/><line nr="421" mi="2" ci="0" mb="0" cb="0"/><line nr="422" mi="13" ci="0" mb="4" cb="0"/><line nr="424" mi="1" ci="0" mb="0" cb="0"/><line nr="426" mi="15" ci="0" mb="4" cb="0"/><line nr="428" mi="5" ci="0" mb="2" cb="0"/><line nr="430" mi="1" ci="0" mb="0" cb="0"/><line nr="431" mi="1" ci="0" mb="0" cb="0"/><line nr="434" mi="2" ci="0" mb="0" cb="0"/><line nr="439" mi="12" ci="0" mb="6" cb="0"/><line nr="440" mi="4" ci="0" mb="2" cb="0"/><line nr="443" mi="8" ci="0" mb="0" cb="0"/><line nr="446" mi="2" ci="0" mb="0" cb="0"/><counter type="INSTRUCTION" missed="773" covered="0"/><counter type="BRANCH" missed="112" covered="0"/><counter type="LINE" missed="156" covered="0"/><counter type="COMPLEXITY" missed="72" covered="0"/><counter type="METHOD" missed="16" covered="0"/><counter type="CLASS" missed="1" covered="0"/></sourcefile><counter type="INSTRUCTION" missed="773" covered="0"/><counter type="BRANCH" missed="112" covered="0"/><counter type="LINE" missed="156" covered="0"/><counter type="COMPLEXITY" missed="72" covered="0"/><counter type="METHOD" missed="16" covered="0"/><counter type="CLASS" missed="1" covered="0"/></package><counter type="INSTRUCTION" missed="3279" covered="3381"/><counter type="BRANCH" missed="527" covered="253"/><counter type="LINE" missed="715" covered="694"/><counter type="COMPLEXITY" missed="387" covered="144"/><counter type="METHOD" missed="64" covered="77"/><counter type="CLASS" missed="3" covered="11"/></report>