GROUP,PACKAGE,CLASS,INSTRUCTION_MISSED,INSTRUCTION_COVERED,BRANCH_MISSED,BRANCH_COVERED,LINE_MISSED,LINE_COVERED,COMPLEXITY_MISSED,COMPLEXITY_COVERED,METHOD_MISSED,METHOD_COVERED
Dependency-Check Core,org.owasp.dependencycheck.data.central,CentralSearch,132,332,16,24,34,70,14,11,0,5
Dependency-Check Core,org.owasp.dependencycheck.data.cache,DataCache,0,17,0,0,0,6,0,3,0,3
Dependency-Check Core,org.owasp.dependencycheck.data.cache,DataCacheFactory,66,168,8,8,20,45,5,8,0,5
Dependency-Check Core,org.owasp.dependencycheck.data.cache,DataCacheFactory.CacheType,0,21,0,0,0,4,0,1,0,1
Dependency-Check Core,org.owasp.dependencycheck.data.update.nvd.api,DownloadTask,89,0,2,0,22,0,5,0,4,0
Dependency-Check Core,org.owasp.dependencycheck.data.update.nvd.api,NvdApiProcessor,75,71,3,3,15,20,4,5,1,5
Dependency-Check Core,org.owasp.dependencycheck.data.update.nvd.api,JsonArrayCveItemSource,24,62,4,6,6,18,5,5,1,4
Dependency-Check Core,org.owasp.dependencycheck.data.update.nvd.api,CveApiJson20CveItemSource,105,0,14,0,22,0,12,0,5,0
Dependency-Check Core,org.owasp.dependencycheck.dependency,VulnerableSoftware,204,680,42,104,44,139,40,54,2,17
Dependency-Check Core,org.owasp.dependencycheck.dependency,Vulnerability.Source,0,39,0,0,0,7,0,1,0,1
Dependency-Check Core,org.owasp.dependencycheck.dependency,CweSet,0,61,1,3,0,14,1,9,0,8
Dependency-Check Core,org.owasp.dependencycheck.dependency,Vulnerability,114,285,11,15,29,85,15,38,6,34
Dependency-Check Core,org.owasp.dependencycheck.dependency,IncludedByReference,14,60,2,4,3,12,5,5,3,4
Dependency-Check Core,org.owasp.dependencycheck.dependency,EvidenceCollection.new Filter() {...},0,11,0,2,0,2,0,3,0,2
Dependency-Check Core,org.owasp.dependencycheck.dependency,EvidenceCollection.new Filter() {...},0,11,0,2,0,2,0,3,0,2
Dependency-Check Core,org.owasp.dependencycheck.dependency,EvidenceCollection.new Filter() {...},0,11,0,2,0,2,0,3,0,2
Dependency-Check Core,org.owasp.dependencycheck.dependency,EvidenceCollection.new Filter() {...},0,11,0,2,0,2,0,3,0,2
Dependency-Check Core,org.owasp.dependencycheck.dependency,Confidence,0,27,0,0,0,5,0,1,0,1
Dependency-Check Core,org.owasp.dependencycheck.dependency,VulnerableSoftwareBuilder,132,166,0,0,25,41,20,21,20,21
Dependency-Check Core,org.owasp.dependencycheck.dependency,Evidence,47,200,13,17,14,38,19,13,6,11
Dependency-Check Core,org.owasp.dependencycheck.dependency,EvidenceCollection,113,371,26,32,29,89,24,30,1,17
Dependency-Check Core,org.owasp.dependencycheck.dependency,EvidenceType,0,21,0,0,0,4,0,1,0,1
Dependency-Check Core,org.owasp.dependencycheck.dependency,Dependency,136,903,20,64,34,250,25,94,6,71
Dependency-Check Core,org.owasp.dependencycheck.dependency,Reference,12,103,3,3,3,34,4,11,1,11
Dependency-Check Core,org.owasp.dependencycheck.data.composer,ComposerException,7,5,0,0,4,2,2,1,2,1
Dependency-Check Core,org.owasp.dependencycheck.data.composer,ComposerDependency,20,53,3,3,7,16,4,5,1,5
Dependency-Check Core,org.owasp.dependencycheck.data.composer,ComposerLockParser,22,185,6,14,6,41,6,9,0,5
Dependency-Check Core,org.owasp.dependencycheck.xml.pom,PomParseException,12,4,0,0,6,2,3,1,3,1
Dependency-Check Core,org.owasp.dependencycheck.xml.pom,Model,1,206,3,7,1,61,3,31,0,29
Dependency-Check Core,org.owasp.dependencycheck.xml.pom,PomHandler,7,289,11,46,2,70,11,31,0,5
Dependency-Check Core,org.owasp.dependencycheck.xml.pom,License,23,52,3,3,7,19,5,7,2,7
Dependency-Check Core,org.owasp.dependencycheck.xml.pom,PomUtils,194,55,9,5,44,20,8,3,1,3
Dependency-Check Core,org.owasp.dependencycheck.xml.pom,PomProjectInputStream,11,167,3,17,3,35,3,12,0,5
Dependency-Check Core,org.owasp.dependencycheck.xml.pom,PomParser,38,158,4,4,4,41,4,6,0,6
Dependency-Check Core,org.owasp.dependencycheck.xml.pom,Developer,121,34,16,0,28,14,12,10,4,10
Dependency-Check Core,org.owasp.dependencycheck.processing,GoModProcessor,17,30,1,1,4,10,1,4,0,4
Dependency-Check Core,org.owasp.dependencycheck.processing,GrokAssemblyProcessor,7,23,1,1,3,8,1,4,0,4
Dependency-Check Core,org.owasp.dependencycheck.processing,MixAuditProcessor,295,0,10,0,72,0,12,0,7,0
Dependency-Check Core,org.owasp.dependencycheck.processing,BundlerAuditProcessor,581,0,60,0,132,0,39,0,9,0
Dependency-Check Core,org.owasp.dependencycheck.data.update.cisa,KnownExploitedVulnerabilityParser,21,44,0,0,6,9,0,3,0,3
Dependency-Check Core,org.owasp.dependencycheck.data.elixir,MixAuditJsonParser,31,137,3,7,9,35,3,6,0,4
Dependency-Check Core,org.owasp.dependencycheck.data.elixir,MixAuditResult,6,57,0,0,2,20,2,9,2,9
Dependency-Check Core,org.owasp.dependencycheck.data.nodeaudit,NpmAuditParser,15,273,7,25,5,62,7,13,0,4
Dependency-Check Core,org.owasp.dependencycheck.data.nodeaudit,NpmPayloadBuilder,57,470,20,42,15,116,18,27,2,12
Dependency-Check Core,org.owasp.dependencycheck.data.nodeaudit,Advisory,35,94,0,0,13,42,11,26,11,26
Dependency-Check Core,org.owasp.dependencycheck.data.nodeaudit,NodeAuditSearch,137,179,12,9,37,42,9,7,0,5
Dependency-Check Core,org.owasp.dependencycheck.exception,NoDataException,16,0,0,0,8,0,4,0,4,0
Dependency-Check Core,org.owasp.dependencycheck.exception,WriteLockException,16,0,0,0,8,0,4,0,4,0
Dependency-Check Core,org.owasp.dependencycheck.exception,DependencyNotFoundException,16,0,0,0,8,0,4,0,4,0
Dependency-Check Core,org.owasp.dependencycheck.exception,ExceptionCollection,126,108,5,3,40,28,11,10,8,9
Dependency-Check Core,org.owasp.dependencycheck.exception,InitializationException,24,22,0,0,8,7,4,3,4,3
Dependency-Check Core,org.owasp.dependencycheck.exception,ParseException,16,0,0,0,8,0,4,0,4,0
Dependency-Check Core,org.owasp.dependencycheck.exception,ScanAgentException,16,0,0,0,8,0,4,0,4,0
Dependency-Check Core,org.owasp.dependencycheck.exception,ReportException,16,0,0,0,8,0,4,0,4,0
Dependency-Check Core,org.owasp.dependencycheck.reporting,ReportGenerator.Format,0,57,0,0,0,10,0,1,0,1
Dependency-Check Core,org.owasp.dependencycheck.reporting,SarifRule,153,328,25,29,69,83,58,32,35,28
Dependency-Check Core,org.owasp.dependencycheck.reporting,ReportGenerator,154,616,14,68,36,136,14,41,1,13
Dependency-Check Core,org.owasp.dependencycheck.reporting,EscapeTool,16,180,7,45,6,45,6,32,1,11
Dependency-Check Core,org.owasp.dependencycheck.reporting,ReportTool,144,280,34,35,29,59,24,22,0,10
Dependency-Check Core,org.owasp.dependencycheck.data.ossindex,OssIndexClientProvider,15,103,1,5,4,23,2,4,1,2
Dependency-Check Core,org.owasp.dependencycheck.data.ossindex,ODCConnectionTransport,67,12,2,0,13,5,4,2,3,2
Dependency-Check Core,org.owasp.dependencycheck.data.cwe,CweHandler,35,0,4,0,8,0,5,0,3,0
Dependency-Check Core,org.owasp.dependencycheck.data.cwe,App,165,0,10,0,36,0,8,0,3,0
Dependency-Check Core,org.owasp.dependencycheck.data.cwe,CweDB,21,40,1,3,9,12,1,5,0,4
Dependency-Check Core,org.owasp.dependencycheck.data.update,NvdApiDataSource.FeedUrl,5,230,0,14,1,43,1,21,1,14
Dependency-Check Core,org.owasp.dependencycheck.data.update,UpdateService,0,12,0,0,0,4,0,2,0,2
Dependency-Check Core,org.owasp.dependencycheck.data.update,EngineVersionCheck,118,157,12,12,32,43,12,9,2,7
Dependency-Check Core,org.owasp.dependencycheck.data.update,KnownExploitedDataSource,114,39,15,1,22,10,10,3,2,3
Dependency-Check Core,org.owasp.dependencycheck.data.update,RetireJSDataSource,0,238,0,18,0,51,0,19,0,10
Dependency-Check Core,org.owasp.dependencycheck.data.update,LocalDataSource,14,120,1,7,5,28,1,8,0,5
Dependency-Check Core,org.owasp.dependencycheck.data.update,HostedSuppressionsDataSource,14,242,3,21,4,57,3,22,0,13
Dependency-Check Core,org.owasp.dependencycheck.data.update,KnownExploitedDataSource.new AbstractHttpClientResponseHandler() {...},28,0,0,0,7,0,2,0,2,0
Dependency-Check Core,org.owasp.dependencycheck.data.update,NvdApiDataSource,1287,48,155,3,295,14,94,4,15,4
Dependency-Check Core,org.owasp.dependencycheck.data.lucene,UrlTokenizingFilter,15,72,1,9,4,17,1,7,0,3
Dependency-Check Core,org.owasp.dependencycheck.data.lucene,LuceneUtils,0,61,1,11,0,17,1,8,0,3
Dependency-Check Core,org.owasp.dependencycheck.data.lucene,TokenPairConcatenatingFilter,61,98,7,9,18,30,6,8,2,4
Dependency-Check Core,org.owasp.dependencycheck.data.lucene,AlphaNumericFilter,53,112,7,13,16,27,6,10,2,4
Dependency-Check Core,org.owasp.dependencycheck.data.lucene,DependencySimilarity,5,0,0,0,2,0,2,0,2,0
Dependency-Check Core,org.owasp.dependencycheck.data.lucene,AbstractTokenizingFilter,0,55,0,4,0,17,0,8,0,6
Dependency-Check Core,org.owasp.dependencycheck.data.lucene,SearchFieldAnalyzer,0,119,1,1,0,19,1,5,0,5
Dependency-Check Core,org.owasp.dependencycheck.data.nvdcve,CveDB,3643,1271,351,75,908,270,263,46,72,24
Dependency-Check Core,org.owasp.dependencycheck.data.nvdcve,DatabaseException,13,0,0,0,6,0,3,0,3,0
Dependency-Check Core,org.owasp.dependencycheck.data.nvdcve,DriverShim,85,26,8,0,24,7,11,5,7,5
Dependency-Check Core,org.owasp.dependencycheck.data.nvdcve,CveDB.PreparedStatementCveDb,0,165,0,0,0,28,0,1,0,1
Dependency-Check Core,org.owasp.dependencycheck.data.nvdcve,DriverLoader,61,157,1,9,12,34,1,10,0,6
Dependency-Check Core,org.owasp.dependencycheck.data.nvdcve,CveItemOperator,369,55,163,5,59,14,93,6,5,5
Dependency-Check Core,org.owasp.dependencycheck.data.nvdcve,DatabaseProperties,97,99,11,9,21,26,14,10,6,8
Dependency-Check Core,org.owasp.dependencycheck.data.nvdcve,H2Functions,729,0,36,0,194,0,24,0,6,0
Dependency-Check Core,org.owasp.dependencycheck.data.nvdcve,DatabaseManager,366,433,36,24,88,125,28,24,1,21
Dependency-Check Core,org.owasp.dependencycheck.data.nvdcve,CorruptDatabaseException,9,0,0,0,4,0,2,0,2,0
Dependency-Check Core,org.owasp.dependencycheck.data.nvdcve,DriverLoadException,8,5,0,0,4,2,2,1,2,1
Dependency-Check Core,org.owasp.dependencycheck.data.update.exception,InvalidDataException,9,0,0,0,4,0,2,0,2,0
Dependency-Check Core,org.owasp.dependencycheck.data.update.exception,CorruptedDatastreamException,16,0,0,0,8,0,4,0,4,0
Dependency-Check Core,org.owasp.dependencycheck.data.update.exception,UpdateException,7,9,0,0,4,4,2,2,2,2
Dependency-Check Core,org.owasp.dependencycheck.xml.assembly,GrokErrorHandler,17,7,0,0,4,2,3,2,3,2
Dependency-Check Core,org.owasp.dependencycheck.xml.assembly,GrokParseException,16,0,0,0,8,0,4,0,4,0
Dependency-Check Core,org.owasp.dependencycheck.xml.assembly,GrokHandler,7,121,2,14,2,34,2,17,0,5
Dependency-Check Core,org.owasp.dependencycheck.xml.assembly,GrokParser,41,60,2,0,11,13,1,4,0,4
Dependency-Check Core,org.owasp.dependencycheck.xml.assembly,AssemblyData,18,97,0,0,8,39,5,26,5,26
Dependency-Check Core,org.owasp.dependencycheck,Engine.Mode,0,108,0,0,0,10,0,4,0,4
Dependency-Check Core,org.owasp.dependencycheck,Engine,410,1169,63,113,103,293,66,86,14,50
Dependency-Check Core,org.owasp.dependencycheck,AnalysisTask,32,90,0,4,5,20,0,6,0,4
Dependency-Check Core,org.owasp.dependencycheck.analyzer,PnpmAuditAnalyzer,372,25,26,0,98,8,19,6,6,6
Dependency-Check Core,org.owasp.dependencycheck.analyzer,FalsePositiveAnalyzer,461,591,149,81,73,138,101,37,4,19
Dependency-Check Core,org.owasp.dependencycheck.analyzer,GolangDepAnalyzer,73,315,9,21,14,76,7,18,0,10
Dependency-Check Core,org.owasp.dependencycheck.analyzer,ElixirMixAuditAnalyzer,251,138,15,5,59,30,10,9,1,8
Dependency-Check Core,org.owasp.dependencycheck.analyzer,RubyGemspecAnalyzer,131,303,28,18,33,62,21,14,2,10
Dependency-Check Core,org.owasp.dependencycheck.analyzer,SwiftPackageResolvedAnalyzer,71,300,23,12,18,79,17,15,0,14
Dependency-Check Core,org.owasp.dependencycheck.analyzer,FileNameAnalyzer,0,153,1,9,0,20,1,10,0,6
Dependency-Check Core,org.owasp.dependencycheck.analyzer,VersionFilterAnalyzer,0,330,8,76,0,54,8,45,0,11
Dependency-Check Core,org.owasp.dependencycheck.analyzer,PinnedMavenInstallAnalyzer.InstallFileV2,0,9,0,0,0,3,0,3,0,3
Dependency-Check Core,org.owasp.dependencycheck.analyzer,OpenSSLAnalyzer,25,219,4,12,7,40,4,14,0,10
Dependency-Check Core,org.owasp.dependencycheck.analyzer,PipAnalyzer,22,220,4,8,6,50,4,12,0,10
Dependency-Check Core,org.owasp.dependencycheck.analyzer,NpmCPEAnalyzer,31,52,0,2,9,18,0,8,0,7
Dependency-Check Core,org.owasp.dependencycheck.analyzer,ComposerLockAnalyzer,32,212,0,0,8,41,0,10,0,10
Dependency-Check Core,org.owasp.dependencycheck.analyzer,PinnedMavenInstallAnalyzer.Artifactv2,0,3,0,0,0,1,0,1,0,1
Dependency-Check Core,org.owasp.dependencycheck.analyzer,AbstractFileTypeAnalyzer,6,65,2,8,1,21,2,10,0,7
Dependency-Check Core,org.owasp.dependencycheck.analyzer,RetireJsLibrary.KnownCveProvider,0,5,0,0,0,1,0,1,0,1
Dependency-Check Core,org.owasp.dependencycheck.analyzer,SwiftPackageManagerAnalyzer,72,174,14,10,13,47,12,11,0,11
Dependency-Check Core,org.owasp.dependencycheck.analyzer,CPEAnalyzer.IdentifierMatch,25,79,3,3,9,22,7,7,4,7
Dependency-Check Core,org.owasp.dependencycheck.analyzer,AutoconfAnalyzer,11,299,6,28,3,62,5,23,0,11
Dependency-Check Core,org.owasp.dependencycheck.analyzer,NvdCveAnalyzer,86,152,14,12,22,41,14,17,4,14
Dependency-Check Core,org.owasp.dependencycheck.analyzer,GolangModAnalyzer,247,214,17,9,46,66,13,12,0,11
Dependency-Check Core,org.owasp.dependencycheck.analyzer,PinnedMavenInstallAnalyzer.MavenDependency,0,12,0,0,0,6,0,3,0,3
Dependency-Check Core,org.owasp.dependencycheck.analyzer,PythonDistributionAnalyzer,130,401,25,31,31,93,22,21,1,14
Dependency-Check Core,org.owasp.dependencycheck.analyzer,RetireJsLibrary,24,95,0,4,3,22,0,11,0,9
Dependency-Check Core,org.owasp.dependencycheck.analyzer,DependencyMergingAnalyzer,43,435,29,107,13,102,27,58,0,17
Dependency-Check Core,org.owasp.dependencycheck.analyzer,MSBuildProjectAnalyzer,57,567,20,42,19,118,20,24,0,13
Dependency-Check Core,org.owasp.dependencycheck.analyzer,RubyBundleAuditAnalyzer,246,131,22,8,59,34,14,10,1,8
Dependency-Check Core,org.owasp.dependencycheck.analyzer,AbstractDependencyComparingAnalyzer,0,79,0,12,0,20,0,10,0,4
Dependency-Check Core,org.owasp.dependencycheck.analyzer,PinnedMavenInstallAnalyzer.InstallFile,0,3,0,0,0,1,0,1,0,1
Dependency-Check Core,org.owasp.dependencycheck.analyzer,RubyBundlerAnalyzer,50,92,16,14,10,20,12,8,0,5
Dependency-Check Core,org.owasp.dependencycheck.analyzer,VulnerabilitySuppressionAnalyzer,0,45,6,10,0,9,6,9,0,7
Dependency-Check Core,org.owasp.dependencycheck.analyzer,PinnedMavenInstallAnalyzer,57,321,13,22,20,78,13,15,0,10
Dependency-Check Core,org.owasp.dependencycheck.analyzer,UnusedSuppressionRuleAnalyzer,0,126,0,16,0,36,0,21,0,13
Dependency-Check Core,org.owasp.dependencycheck.analyzer,RetireJsLibrary.RetireJsVulnerabilityIdentifiers,7,252,1,7,1,38,2,21,1,18
Dependency-Check Core,org.owasp.dependencycheck.analyzer,AbstractAnalyzer,0,64,0,6,0,24,0,15,0,12
Dependency-Check Core,org.owasp.dependencycheck.analyzer,NexusAnalyzer,226,59,23,3,67,19,16,10,4,9
Dependency-Check Core,org.owasp.dependencycheck.analyzer,AbstractNpmAnalyzer,339,812,60,78,66,176,49,41,6,15
Dependency-Check Core,org.owasp.dependencycheck.analyzer,JarAnalyzer.ClassNameInformation,4,74,0,8,2,18,1,7,1,3
Dependency-Check Core,org.owasp.dependencycheck.analyzer,AssemblyAnalyzer,262,782,58,92,72,171,51,39,0,15
Dependency-Check Core,org.owasp.dependencycheck.analyzer,PoetryAnalyzer,24,293,6,12,8,68,6,16,0,13
Dependency-Check Core,org.owasp.dependencycheck.analyzer,KnownExploitedVulnerabilityAnalyzer,14,49,1,3,4,16,1,8,0,7
Dependency-Check Core,org.owasp.dependencycheck.analyzer,PerlCpanfileAnalyzer,57,228,5,7,14,60,6,15,3,12
Dependency-Check Core,org.owasp.dependencycheck.analyzer,RetireJsLibrary.KnownIdentifierTypes,0,29,0,0,0,4,0,5,0,5
Dependency-Check Core,org.owasp.dependencycheck.analyzer,AbstractSuppressionAnalyzer,168,502,7,35,44,129,6,30,0,15
Dependency-Check Core,org.owasp.dependencycheck.analyzer,PipfileAnalyzer,22,217,2,6,6,50,2,11,0,9
Dependency-Check Core,org.owasp.dependencycheck.analyzer,CentralAnalyzer,368,107,39,5,106,35,23,12,3,10
Dependency-Check Core,org.owasp.dependencycheck.analyzer,PinnedMavenInstallAnalyzer.DependencyTree,0,9,0,0,0,3,0,3,0,3
Dependency-Check Core,org.owasp.dependencycheck.analyzer,NodeAuditAnalyzer,177,134,8,10,45,31,6,12,1,8
Dependency-Check Core,org.owasp.dependencycheck.analyzer,AnalysisPhase,0,93,0,0,0,16,0,1,0,1
Dependency-Check Core,org.owasp.dependencycheck.analyzer,CMakeAnalyzer,82,602,9,51,14,144,9,34,0,13
Dependency-Check Core,org.owasp.dependencycheck.analyzer,RetireJsAnalyzer,54,284,2,20,15,66,2,23,0,14
Dependency-Check Core,org.owasp.dependencycheck.analyzer,YarnAuditAnalyzer,186,640,20,32,51,145,18,30,0,22
Dependency-Check Core,org.owasp.dependencycheck.analyzer,CarthageAnalyzer,55,245,10,14,16,63,9,13,1,9
Dependency-Check Core,org.owasp.dependencycheck.analyzer,CPEAnalyzer,489,1884,66,246,99,422,59,149,5,47
Dependency-Check Core,org.owasp.dependencycheck.analyzer,ArchiveAnalyzer,562,973,70,106,114,216,64,53,5,24
Dependency-Check Core,org.owasp.dependencycheck.analyzer,DependencyBundlingAnalyzer,308,903,107,199,78,185,90,88,1,24
Dependency-Check Core,org.owasp.dependencycheck.analyzer,PipfilelockAnalyzer,43,232,2,6,11,52,3,10,1,8
Dependency-Check Core,org.owasp.dependencycheck.analyzer,DartAnalyzer,30,457,8,29,11,106,8,27,0,16
Dependency-Check Core,org.owasp.dependencycheck.analyzer,AnalyzerService,1,84,1,11,1,22,1,10,0,5
Dependency-Check Core,org.owasp.dependencycheck.analyzer,CocoaPodsAnalyzer,81,460,16,24,19,105,14,18,0,12
Dependency-Check Core,org.owasp.dependencycheck.analyzer,PythonPackageAnalyzer,37,327,5,19,8,73,4,21,0,13
Dependency-Check Core,org.owasp.dependencycheck.analyzer,OssIndexAnalyzer,391,325,35,33,95,80,35,32,13,20
Dependency-Check Core,org.owasp.dependencycheck.analyzer,CPEAnalyzer.IdentifierConfidence,0,21,0,0,0,4,0,1,0,1
Dependency-Check Core,org.owasp.dependencycheck.analyzer,LibmanAnalyzer,40,242,7,9,11,61,6,11,0,9
Dependency-Check Core,org.owasp.dependencycheck.analyzer,OssIndexAnalyzer.OssIndexKnownError,0,111,0,2,0,19,0,7,0,6
Dependency-Check Core,org.owasp.dependencycheck.analyzer,NugetconfAnalyzer,28,254,0,6,8,46,0,11,0,8
Dependency-Check Core,org.owasp.dependencycheck.analyzer,JarAnalyzer,474,2681,152,326,98,512,137,136,0,34
Dependency-Check Core,org.owasp.dependencycheck.analyzer,ArtifactoryAnalyzer,208,40,20,0,56,12,14,8,4,8
Dependency-Check Core,org.owasp.dependencycheck.analyzer,CpeSuppressionAnalyzer,0,23,0,2,0,9,0,8,0,7
Dependency-Check Core,org.owasp.dependencycheck.analyzer,PEAnalyzer,117,379,32,50,21,85,23,30,0,9
Dependency-Check Core,org.owasp.dependencycheck.analyzer,NuspecAnalyzer,30,189,3,5,8,38,3,9,0,8
Dependency-Check Core,org.owasp.dependencycheck.analyzer,NodePackageAnalyzer,223,642,33,83,47,143,27,44,0,13
Dependency-Check Core,org.owasp.dependencycheck.analyzer,HintAnalyzer,175,439,9,53,46,94,9,40,1,17
Dependency-Check Core,org.owasp.dependencycheck.analyzer.exception,LambdaExceptionWrapper,4,0,0,0,2,0,1,0,1,0
Dependency-Check Core,org.owasp.dependencycheck.analyzer.exception,ArchiveExtractionException,8,8,0,0,4,4,2,2,2,2
Dependency-Check Core,org.owasp.dependencycheck.analyzer.exception,UnexpectedAnalysisException,13,0,0,0,6,0,3,0,3,0
Dependency-Check Core,org.owasp.dependencycheck.analyzer.exception,SearchException,16,0,0,0,8,0,4,0,4,0
Dependency-Check Core,org.owasp.dependencycheck.analyzer.exception,AnalysisException,7,9,0,0,4,4,2,2,2,2
Dependency-Check Core,org.owasp.dependencycheck.dependency.naming,PurlIdentifier,28,211,5,7,9,56,6,19,1,18
Dependency-Check Core,org.owasp.dependencycheck.dependency.naming,CpeIdentifier,38,192,4,4,12,48,6,16,2,16
Dependency-Check Core,org.owasp.dependencycheck.dependency.naming,GenericIdentifier,88,34,6,0,29,12,12,4,9,4
Dependency-Check Core,org.owasp.dependencycheck.xml,XmlInputStream,13,309,9,39,4,63,8,28,0,12
Dependency-Check Core,org.owasp.dependencycheck.xml,XmlEntity,0,1543,0,4,0,262,0,4,0,2
Dependency-Check Core,org.owasp.dependencycheck.xml.hints,HintHandler.ParentType,0,21,0,0,0,4,0,1,0,1
Dependency-Check Core,org.owasp.dependencycheck.xml.hints,HintParser,14,133,2,2,4,34,2,6,0,6
Dependency-Check Core,org.owasp.dependencycheck.xml.hints,HintErrorHandler,11,13,0,0,3,3,2,3,2,3
Dependency-Check Core,org.owasp.dependencycheck.xml.hints,HintRule,0,206,0,0,0,41,0,21,0,21
Dependency-Check Core,org.owasp.dependencycheck.xml.hints,HintHandler,3,266,11,33,3,70,11,23,0,5
Dependency-Check Core,org.owasp.dependencycheck.xml.hints,HintParseException,12,4,0,0,6,2,3,1,3,1
Dependency-Check Core,org.owasp.dependencycheck.xml.hints,VendorDuplicatingHintRule,8,15,0,0,4,6,2,3,2,3
Dependency-Check Core,org.owasp.dependencycheck.xml.hints,EvidenceMatcher,22,90,0,18,4,19,4,16,4,7
Dependency-Check Core,org.owasp.dependencycheck.agent,DependencyCheckScanAgent,514,425,63,13,144,104,98,17,61,16
Dependency-Check Core,org.owasp.dependencycheck.data.nvd.ecosystem,DescriptionEcosystemMapper,19,446,11,63,7,96,12,42,1,16
Dependency-Check Core,org.owasp.dependencycheck.data.nvd.ecosystem,UrlHostHint,2,71,0,0,1,14,1,5,1,5
Dependency-Check Core,org.owasp.dependencycheck.data.nvd.ecosystem,CveEcosystemMapper,92,42,15,5,16,10,13,4,4,3
Dependency-Check Core,org.owasp.dependencycheck.data.nvd.ecosystem,EcosystemHintNature,0,27,0,0,0,5,0,1,0,1
Dependency-Check Core,org.owasp.dependencycheck.data.nvd.ecosystem,DescriptionKeywordHint,0,145,0,0,0,24,0,6,0,6
Dependency-Check Core,org.owasp.dependencycheck.data.nvd.ecosystem,FileExtensionHint,0,105,0,0,0,19,0,6,0,6
Dependency-Check Core,org.owasp.dependencycheck.data.nvd.ecosystem,StringAhoCorasickDoubleArrayTrie,3,84,0,8,1,17,1,7,1,3
Dependency-Check Core,org.owasp.dependencycheck.data.nvd.ecosystem,UrlEcosystemMapper,1,100,2,8,1,20,2,6,0,3
Dependency-Check Core,org.owasp.dependencycheck.data.nvd.ecosystem,Ecosystem,0,20,0,0,0,5,0,2,0,2
Dependency-Check Core,org.owasp.dependencycheck.data.nvd.ecosystem,UrlPathHint,2,39,0,0,1,10,1,5,1,5
Dependency-Check Core,org.owasp.dependencycheck.data.golang,GoModJsonParser,35,75,1,5,10,19,1,5,0,3
Dependency-Check Core,org.owasp.dependencycheck.data.golang,GoModDependency,70,320,6,22,15,61,6,14,1,5
Dependency-Check Core,org.owasp.dependencycheck.data.artifactory,ChecksumsImpl,0,24,0,0,0,10,0,7,0,7
Dependency-Check Core,org.owasp.dependencycheck.data.artifactory,ItemImpl,86,33,4,0,30,16,15,9,13,9
Dependency-Check Core,org.owasp.dependencycheck.data.artifactory,FileImpl,24,45,0,0,7,19,7,11,7,11
Dependency-Check Core,org.owasp.dependencycheck.data.artifactory,ArtifactorySearchResponseHandler,16,299,5,29,4,60,5,18,0,6
Dependency-Check Core,org.owasp.dependencycheck.data.artifactory,ArtifactorySearch,92,71,1,1,23,17,2,4,1,4
Dependency-Check Core,org.owasp.dependencycheck.data.knownexploited.json,Vulnerability,588,44,106,0,76,20,67,10,14,10
Dependency-Check Core,org.owasp.dependencycheck.data.knownexploited.json,KnownExploitedVulnerabilitiesSchema,318,39,56,0,43,14,35,7,7,7
Dependency-Check Core,org.owasp.dependencycheck.data.nuget,NugetPackage,63,38,6,0,18,16,5,11,2,11
Dependency-Check Core,org.owasp.dependencycheck.data.nuget,XPathNuspecParser,0,115,3,7,0,23,3,5,0,3
Dependency-Check Core,org.owasp.dependencycheck.data.nuget,DirectoryPackagesPropsParser,32,102,10,10,8,25,9,3,0,2
Dependency-Check Core,org.owasp.dependencycheck.data.nuget,XPathMSBuildProjectParser,13,119,3,15,4,28,3,8,0,2
Dependency-Check Core,org.owasp.dependencycheck.data.nuget,NugetconfParseException,12,0,0,0,6,0,3,0,3,0
Dependency-Check Core,org.owasp.dependencycheck.data.nuget,MSBuildProjectParseException,12,0,0,0,6,0,3,0,3,0
Dependency-Check Core,org.owasp.dependencycheck.data.nuget,DirectoryBuildPropsParser,7,117,3,11,2,27,3,7,0,3
Dependency-Check Core,org.owasp.dependencycheck.data.nuget,XPathNugetconfParser,12,70,3,5,3,18,3,3,0,2
Dependency-Check Core,org.owasp.dependencycheck.data.nuget,NugetPackageReference,43,17,6,0,13,7,5,5,2,5
Dependency-Check Core,org.owasp.dependencycheck.data.nuget,NuspecParseException,3,9,0,0,2,4,1,2,1,2
Dependency-Check Core,org.owasp.dependencycheck.data.update.cpe,CpeEcosystemCache,1,80,1,9,0,22,1,9,0,5
Dependency-Check Core,org.owasp.dependencycheck.data.update.cpe,CpePlus,8,15,0,0,4,6,2,3,2,3
Dependency-Check Core,org.owasp.dependencycheck.utils,Filter.FilterIterator,8,52,2,8,2,17,3,7,1,4
Dependency-Check Core,org.owasp.dependencycheck.utils,ExtractionUtil,480,292,55,23,105,73,38,11,3,7
Dependency-Check Core,org.owasp.dependencycheck.utils,UrlStringUtils,0,193,1,17,0,28,1,12,0,4
Dependency-Check Core,org.owasp.dependencycheck.utils,WriteLockCleanupHook,15,20,2,0,6,8,2,4,1,4
Dependency-Check Core,org.owasp.dependencycheck.utils,DependencyVersion,5,318,5,51,3,82,5,34,0,11
Dependency-Check Core,org.owasp.dependencycheck.utils,Filter,0,18,0,0,0,3,0,4,0,4
Dependency-Check Core,org.owasp.dependencycheck.utils,Pair,21,60,3,3,8,19,6,5,3,5
Dependency-Check Core,org.owasp.dependencycheck.utils,DependencyVersionUtil,0,120,2,24,0,34,2,15,0,4
Dependency-Check Core,org.owasp.dependencycheck.utils,FileFilterBuilder,9,126,3,13,1,24,2,13,0,7
Dependency-Check Core,org.owasp.dependencycheck.utils,PEParser,58,124,7,9,14,31,10,7,4,5
Dependency-Check Core,org.owasp.dependencycheck.utils,InterpolationUtil.PropertyLookup,0,12,0,0,0,4,0,2,0,2
Dependency-Check Core,org.owasp.dependencycheck.utils,InterpolationUtil,0,40,1,5,0,7,1,4,0,2
Dependency-Check Core,org.owasp.dependencycheck.utils,SeverityUtil.Severity,4,60,2,6,1,13,2,6,0,2
Dependency-Check Core,org.owasp.dependencycheck.utils,SeverityUtil,15,79,4,14,5,22,3,14,0,5
Dependency-Check Core,org.owasp.dependencycheck.utils,PyPACoreMetadataParser,11,171,3,23,4,35,3,14,0,4
Dependency-Check Core,org.owasp.dependencycheck.utils,InterpolationUtil.SyntaxStyle,0,15,0,0,0,3,0,1,0,1
Dependency-Check Core,org.owasp.dependencycheck.utils,DateUtil,8,81,1,7,2,17,1,8,0,5
Dependency-Check Core,org.owasp.dependencycheck.utils,CvssUtil,179,902,40,96,10,126,40,35,0,7
Dependency-Check Core,org.owasp.dependencycheck.utils,WriteLockShutdownHookFactory,9,21,0,0,3,4,0,2,0,2
Dependency-Check Core,org.owasp.dependencycheck.utils,WriteLockShutdownHook,0,3,0,0,0,1,0,1,0,1
Dependency-Check Core,org.owasp.dependencycheck.utils,WriteLock,193,298,31,27,47,75,29,11,2,9
Dependency-Check Core,org.owasp.dependencycheck.utils,DBUtils,39,22,6,4,13,9,6,3,1,3
Dependency-Check Core,org.owasp.dependencycheck.data.cpe,IndexEntry,35,97,7,7,10,27,10,10,3,10
Dependency-Check Core,org.owasp.dependencycheck.data.cpe,IndexException,16,0,0,0,8,0,4,0,4,0
Dependency-Check Core,org.owasp.dependencycheck.data.cpe,CpeMemoryIndex,0,9,0,0,0,3,0,3,0,3
Dependency-Check Core,org.owasp.dependencycheck.data.cpe,NpmCpeMemoryIndex,0,9,0,0,0,3,0,3,0,3
Dependency-Check Core,org.owasp.dependencycheck.data.cpe,AbstractMemoryIndex,87,298,15,15,25,75,14,15,1,13
Dependency-Check Core,org.owasp.dependencycheck.xml.suppression,SuppressionParser,24,120,2,2,7,25,2,4,0,4
Dependency-Check Core,org.owasp.dependencycheck.xml.suppression,SuppressionParseException,3,13,0,0,2,6,1,3,1,3
Dependency-Check Core,org.owasp.dependencycheck.xml.suppression,SuppressionRule,371,949,71,161,55,196,68,118,17,53
Dependency-Check Core,org.owasp.dependencycheck.xml.suppression,SuppressionErrorHandler,11,13,0,0,3,3,2,3,2,3
Dependency-Check Core,org.owasp.dependencycheck.xml.suppression,SuppressionHandler,56,267,11,35,15,62,11,27,0,8
Dependency-Check Core,org.owasp.dependencycheck.xml.suppression,PropertyType,42,114,4,12,12,25,5,16,1,12
Dependency-Check Core,org.owasp.dependencycheck.data.nexus,NexusV3Search.NexusV3SearchResponseHandler,273,0,32,0,63,0,18,0,2,0
Dependency-Check Core,org.owasp.dependencycheck.data.nexus,MavenArtifact,55,58,0,0,18,19,8,8,8,8
Dependency-Check Core,org.owasp.dependencycheck.data.nexus,NexusV3Search,230,0,22,0,49,0,16,0,5,0
